RFRA1025,12/29/08,15:02:33,15:02:45,0:0:12,4097,MoviesManager,D:\Mes Projets\MoviesManager\MoviesManager.WDP
RFRA1025,12/29/08,15:02:45,15:11:54,0:9:9,2,FEN_Main,D:\Mes Projets\MoviesManager\FEN_Main.wdw
RFRA1025,12/29/08,15:18:44,15:26:52,0:8:8,2,FEN_Main,D:\Mes Projets\MoviesManager\FEN_Main.wdw
RFRA1025,12/29/08,15:36:27,15:44:15,0:7:48,2,FEN_Main,D:\Mes Projets\MoviesManager\FEN_Main.wdw
RFRA1025,12/29/08,16:20:16,16:21:37,0:1:21,2,FEN_Main,D:\Mes Projets\MoviesManager\FEN_Main.wdw
RFRA1025,12/29/08,16:24:36,16:25:11,0:0:35,2,FEN_Main,D:\Mes Projets\MoviesManager\FEN_Main.wdw
RFRA1025,12/29/08,16:27:14,16:27:56,0:0:42,2,FEN_Main,D:\Mes Projets\MoviesManager\FEN_Main.wdw
RFRA1025,12/29/08,16:29:36,16:31:14,0:1:38,2,FEN_Main,D:\Mes Projets\MoviesManager\FEN_Main.wdw
RFRA1025,12/29/08,16:36:09,16:41:42,0:5:33,2,FEN_Main,D:\Mes Projets\MoviesManager\FEN_Main.wdw
RFRA1025,12/29/08,16:42:27,16:46:56,0:4:29,2,FEN_Main,D:\Mes Projets\MoviesManager\FEN_Main.wdw
RFRA1025,12/29/08,17:01:12,17:07:33,0:6:21,17,TEST_Main,
RFRA1025,12/29/08,16:46:58,17:29:58,0:43:0,2,FEN_Main,D:\Mes Projets\MoviesManager\FEN_Main.wdw
RFRA1025,12/29/08,17:29:58,17:33:15,0:3:17,2,FEN_RechercheFanart,D:\Mes Projets\MoviesManager\FEN_RechercheFanart.wdw
RFRA1025,12/29/08,17:57:14,17:57:35,0:0:21,2,FEN_RechercheFanart,D:\Mes Projets\MoviesManager\FEN_RechercheFanart.wdw
RFRA1025,12/29/08,15:02:45,18:14:44,3:11:59,2,FEN_Main,D:\Mes Projets\MoviesManager\FEN_Main.wdw
RFRA1025,12/29/08,17:59:06,18:14:44,0:15:38,2,FEN_RechercheFanart,D:\Mes Projets\MoviesManager\FEN_RechercheFanart.wdw
RFRA1025,12/29/08,17:29:58,18:14:44,0:44:46,2,FEN_RechercheFanart,D:\Mes Projets\MoviesManager\FEN_RechercheFanart.wdw
RFRA1025,12/29/08,15:02:33,18:14:44,3:12:11,7,Procedures globales de MoviesManager,D:\Mes Projets\MoviesManager\Procedures globales de MoviesManager.wdg
RFRA1025,12/29/08,15:11:54,18:14:44,3:2:50,4,Actor,D:\Mes Projets\MoviesManager\Actor.wdc
RFRA1025,12/29/08,15:17:08,18:14:44,2:57:36,4,Movie,D:\Mes Projets\MoviesManager\Movie.wdc
RFRA1025,12/29/08,13:53:41,18:14:45,4:21:4,4097,MoviesManager,D:\Mes Projets\MoviesManager\MoviesManager.WDP
RFRA1025,12/30/08,09:00:48,09:02:56,0:2:8,2,FEN_RechercheFanart,D:\Mes Projets\MoviesManager\FEN_RechercheFanart.wdw
RFRA1025,12/30/08,09:25:31,09:42:25,0:16:54,2,FEN_Main,D:\Mes Projets\MoviesManager\FEN_Main.wdw
RFRA1025,12/30/08,09:58:56,09:59:20,0:0:24,2,FEN_RechercheFanart,D:\Mes Projets\MoviesManager\FEN_RechercheFanart.wdw
RFRA1025,12/30/08,09:58:56,11:53:48,1:54:52,2,FEN_Main,D:\Mes Projets\MoviesManager\FEN_Main.wdw
RFRA1025,12/30/08,09:58:55,11:53:48,1:54:53,4,Actor,D:\Mes Projets\MoviesManager\Actor.wdc
RFRA1025,12/30/08,09:58:55,11:53:48,1:54:53,4,Movie,D:\Mes Projets\MoviesManager\Movie.wdc
RFRA1025,12/30/08,09:58:55,11:53:48,1:54:53,2,FEN_RechercheFanart,D:\Mes Projets\MoviesManager\FEN_RechercheFanart.wdw
RFRA1025,12/30/08,09:58:54,11:53:48,1:54:54,7,Procedures globales de MoviesManager,D:\Mes Projets\MoviesManager\Procedures globales de MoviesManager.wdg
RFRA1025,12/30/08,09:58:51,11:53:51,1:55:0,4097,MoviesManager,D:\Mes Projets\MoviesManager\MoviesManager.WDP
RFRA1025,12/30/08,11:55:32,13:25:17,1:29:45,2,FEN_Main,D:\Mes Projets\MoviesManager\FEN_Main.wdw
RFRA1025,12/30/08,11:55:31,13:25:17,1:29:46,4,Actor,D:\Mes Projets\MoviesManager\Actor.wdc
RFRA1025,12/30/08,11:55:31,13:25:17,1:29:46,4,Movie,D:\Mes Projets\MoviesManager\Movie.wdc
RFRA1025,12/30/08,11:55:31,13:25:17,1:29:46,2,FEN_RechercheFanart,D:\Mes Projets\MoviesManager\FEN_RechercheFanart.wdw
RFRA1025,12/30/08,11:55:29,13:25:17,1:29:48,7,Procedures globales de MoviesManager,D:\Mes Projets\MoviesManager\Procedures globales de MoviesManager.wdg
RFRA1025,12/30/08,11:55:26,13:25:17,1:29:51,4097,MoviesManager,D:\Mes Projets\MoviesManager\MoviesManager.WDP
RFRA1025,12/30/08,13:35:29,14:18:04,0:42:35,2,FEN_Main,D:\Mes Projets\MoviesManager\FEN_Main.wdw
RFRA1025,12/30/08,13:35:29,14:18:04,0:42:35,4,Actor,D:\Mes Projets\MoviesManager\Actor.wdc
RFRA1025,12/30/08,13:35:29,14:18:04,0:42:35,4,Movie,D:\Mes Projets\MoviesManager\Movie.wdc
RFRA1025,12/30/08,13:35:29,14:18:04,0:42:35,2,FEN_RechercheFanart,D:\Mes Projets\MoviesManager\FEN_RechercheFanart.wdw
RFRA1025,12/30/08,13:35:28,14:18:04,0:42:36,7,Procedures globales de MoviesManager,D:\Mes Projets\MoviesManager\Procedures globales de MoviesManager.wdg
RFRA1025,12/30/08,14:13:29,14:18:04,0:4:35,17,TEST_RechercheFanart,D:\Mes Projets\MoviesManager\TEST_RechercheFanart.wxt
RFRA1025,12/30/08,13:35:25,14:18:05,0:42:40,4097,MoviesManager,D:\Mes Projets\MoviesManager\MoviesManager.WDP
RFRA1025,12/30/08,14:20:04,14:46:02,0:25:58,2,FEN_Main,D:\Mes Projets\MoviesManager\FEN_Main.wdw
RFRA1025,12/30/08,14:20:03,14:46:02,0:25:59,4,Actor,D:\Mes Projets\MoviesManager\Actor.wdc
RFRA1025,12/30/08,14:20:04,14:46:02,0:25:58,4,Movie,D:\Mes Projets\MoviesManager\Movie.wdc
RFRA1025,12/30/08,14:20:04,14:46:02,0:25:58,2,FEN_RechercheFanart,D:\Mes Projets\MoviesManager\FEN_RechercheFanart.wdw
RFRA1025,12/30/08,14:20:02,14:46:02,0:26:0,7,Procedures globales de MoviesManager,D:\Mes Projets\MoviesManager\Procedures globales de MoviesManager.wdg
RFRA1025,12/30/08,14:19:59,14:46:03,0:26:4,4097,MoviesManager,D:\Mes Projets\MoviesManager\MoviesManager.WDP
RFRA1025,12/30/08,15:17:53,15:30:47,0:12:54,2,FEN_Plugins,D:\Mes Projets\MoviesManager\FEN_Plugins.wdw
RFRA1025,12/30/08,15:35:04,15:49:01,0:13:57,2,FEN_Plugins,D:\Mes Projets\MoviesManager\FEN_Plugins.wdw
RFRA1025,12/30/08,15:49:19,16:02:03,0:12:44,2,FEN_Plugins,D:\Mes Projets\MoviesManager\FEN_Plugins.wdw
RFRA1025,12/30/08,16:02:48,16:03:11,0:0:23,2,FEN_Plugins,D:\Mes Projets\MoviesManager\FEN_Plugins.wdw
RFRA1025,12/30/08,16:05:20,16:07:24,0:2:4,2,FEN_Plugins,D:\Mes Projets\MoviesManager\FEN_Plugins.wdw
RFRA1025,12/30/08,16:07:57,16:10:47,0:2:50,2,FEN_Plugins,D:\Mes Projets\MoviesManager\FEN_Plugins.wdw
RFRA1025,12/30/08,16:11:30,17:01:49,0:50:19,2,FEN_Plugins,D:\Mes Projets\MoviesManager\FEN_Plugins.wdw
RFRA1025,12/30/08,14:47:36,17:02:34,2:14:58,2,FEN_Main,D:\Mes Projets\MoviesManager\FEN_Main.wdw
RFRA1025,12/30/08,14:47:36,17:02:34,2:14:58,4,Actor,D:\Mes Projets\MoviesManager\Actor.wdc
RFRA1025,12/30/08,14:47:36,17:02:34,2:14:58,2,FEN_RechercheFanart,D:\Mes Projets\MoviesManager\FEN_RechercheFanart.wdw
RFRA1025,12/30/08,15:17:53,17:02:34,1:44:41,2,FEN_Plugins,D:\Mes Projets\MoviesManager\FEN_Plugins.wdw
RFRA1025,12/30/08,14:47:35,17:02:35,2:15:0,7,Procedures globales de MoviesManager,D:\Mes Projets\MoviesManager\Procedures globales de MoviesManager.wdg
RFRA1025,12/30/08,14:47:36,17:02:35,2:14:59,4,Film,D:\Mes Projets\MoviesManager\Movie.wdc
RFRA1025,12/30/08,14:47:33,17:02:35,2:15:2,4097,MoviesManager,D:\Mes Projets\MoviesManager\MoviesManager.WDP
RFRA1025,12/30/08,17:10:29,17:11:42,0:1:13,17,TEST_Plugins,
RFRA1025,12/30/08,17:15:56,17:16:58,0:1:2,17,TEST_Plugins,
RFRA1025,12/30/08,17:02:44,17:21:35,0:18:51,2,FEN_Main,D:\Mes Projets\MoviesManager\FEN_Main.wdw
RFRA1025,12/30/08,17:02:44,17:21:35,0:18:51,2,FEN_RechercheFanart,D:\Mes Projets\MoviesManager\FEN_RechercheFanart.wdw
RFRA1025,12/30/08,17:02:44,17:21:35,0:18:51,2,FEN_Plugins,D:\Mes Projets\MoviesManager\FEN_Plugins.wdw
RFRA1025,12/30/08,17:02:42,17:21:35,0:18:53,7,Procedures globales de MoviesManager,D:\Mes Projets\MoviesManager\Procedures globales de MoviesManager.wdg
RFRA1025,12/30/08,17:02:44,17:21:35,0:18:51,4,Actor,D:\Mes Projets\MoviesManager\Actor.wdc
RFRA1025,12/30/08,17:02:44,17:21:35,0:18:51,4,Film,D:\Mes Projets\MoviesManager\Movie.wdc
RFRA1025,12/30/08,17:21:40,17:26:36,0:4:56,2,FEN_Plugins,D:\Mes Projets\MoviesManager\FEN_Plugins.wdw
RFRA1025,12/30/08,17:38:30,17:39:36,0:1:6,17,TEST_Plugins,
RFRA1025,12/30/08,17:40:25,17:40:43,0:0:18,2,FEN_Plugins,D:\Mes Projets\MoviesManager\FEN_Plugins.wdw
RFRA1025,12/30/08,17:46:37,17:48:54,0:2:17,17,TEST_Plugins,
RFRA1025,12/30/08,18:02:13,18:02:40,0:0:27,2,FEN_Plugins,D:\Mes Projets\MoviesManager\FEN_Plugins.wdw
RFRA1025,12/30/08,18:04:16,18:04:37,0:0:21,2,FEN_Plugins,D:\Mes Projets\MoviesManager\FEN_Plugins.wdw
RFRA1025,12/30/08,18:05:29,18:06:53,0:1:24,17,TEST_Plugins,
RFRA1025,12/30/08,18:08:56,18:14:44,0:5:48,17,TEST_Plugins,
RFRA1025,12/30/08,18:05:28,18:29:15,0:23:47,2,FEN_Plugins,D:\Mes Projets\MoviesManager\FEN_Plugins.wdw
RFRA1025,12/30/08,18:29:40,18:31:02,0:1:22,2,FEN_Plugins,D:\Mes Projets\MoviesManager\FEN_Plugins.wdw
RFRA1025,12/30/08,17:43:55,18:31:20,0:47:25,2,FEN_Main,D:\Mes Projets\MoviesManager\FEN_Main.wdw
RFRA1025,12/30/08,17:43:54,18:31:20,0:47:26,4,Actor,D:\Mes Projets\MoviesManager\Actor.wdc
RFRA1025,12/30/08,17:43:55,18:31:20,0:47:25,4,Film,D:\Mes Projets\MoviesManager\Movie.wdc
RFRA1025,12/30/08,17:43:55,18:31:20,0:47:25,2,FEN_RechercheFanart,D:\Mes Projets\MoviesManager\FEN_RechercheFanart.wdw
RFRA1025,12/30/08,17:43:55,18:31:20,0:47:25,2,FEN_Plugins,D:\Mes Projets\MoviesManager\FEN_Plugins.wdw
RFRA1025,12/30/08,17:43:53,18:31:20,0:47:27,7,Procedures globales de MoviesManager,D:\Mes Projets\MoviesManager\Procedures globales de MoviesManager.wdg
RFRA1025,12/30/08,17:58:14,18:31:20,0:33:6,4,scrap,D:\Mes Projets\MoviesManager\scrap.wdc
RFRA1025,12/30/08,17:43:51,18:31:20,0:47:29,4097,MoviesManager,D:\Mes Projets\MoviesManager\MoviesManager.WDP
RFRA1025,12/30/08,18:35:14,18:35:30,0:0:16,2,FEN_Plugins,D:\Mes Projets\MoviesManager\FEN_Plugins.wdw
RFRA1025,12/30/08,18:31:27,18:37:51,0:6:24,2,FEN_Main,D:\Mes Projets\MoviesManager\FEN_Main.wdw
RFRA1025,12/30/08,18:31:26,18:37:51,0:6:25,4,Actor,D:\Mes Projets\MoviesManager\Actor.wdc
RFRA1025,12/30/08,18:31:26,18:37:51,0:6:25,4,Film,D:\Mes Projets\MoviesManager\Movie.wdc
RFRA1025,12/30/08,18:31:26,18:37:51,0:6:25,2,FEN_RechercheFanart,D:\Mes Projets\MoviesManager\FEN_RechercheFanart.wdw
RFRA1025,12/30/08,18:31:27,18:37:51,0:6:24,2,FEN_Plugins,D:\Mes Projets\MoviesManager\FEN_Plugins.wdw
RFRA1025,12/30/08,18:31:25,18:37:51,0:6:26,7,Procedures globales de MoviesManager,D:\Mes Projets\MoviesManager\Procedures globales de MoviesManager.wdg
RFRA1025,12/30/08,18:31:24,18:37:51,0:6:27,4097,MoviesManager,D:\Mes Projets\MoviesManager\MoviesManager.WDP
RFRA1025,12/31/08,08:15:22,08:16:37,0:1:15,17,TEST_Plugins,
RFRA1025,12/31/08,08:15:20,08:21:52,0:6:32,2,FEN_Plugins,D:\Mes Projets\MoviesManager\FEN_Plugins.wdw
RFRA1025,12/31/08,08:22:56,08:24:22,0:1:26,2,FEN_Plugins,D:\Mes Projets\MoviesManager\FEN_Plugins.wdw
RFRA1025,12/31/08,08:24:52,08:25:53,0:1:1,17,TEST_Plugins,
RFRA1025,12/31/08,08:31:45,08:37:42,0:5:57,2,FEN_Plugins,D:\Mes Projets\MoviesManager\FEN_Plugins.wdw
RFRA1025,12/31/08,08:38:04,08:38:57,0:0:53,2,FEN_Plugins,D:\Mes Projets\MoviesManager\FEN_Plugins.wdw
RFRA1025,12/31/08,08:15:14,08:39:19,0:24:5,2,FEN_Main,D:\Mes Projets\MoviesManager\FEN_Main.wdw
RFRA1025,12/31/08,08:15:14,08:39:19,0:24:5,4,Actor,D:\Mes Projets\MoviesManager\Actor.wdc
RFRA1025,12/31/08,08:15:14,08:39:19,0:24:5,4,Film,D:\Mes Projets\MoviesManager\Movie.wdc
RFRA1025,12/31/08,08:15:14,08:39:19,0:24:5,2,FEN_RechercheFanart,D:\Mes Projets\MoviesManager\FEN_RechercheFanart.wdw
RFRA1025,12/31/08,08:15:14,08:39:19,0:24:5,2,FEN_Plugins,D:\Mes Projets\MoviesManager\FEN_Plugins.wdw
RFRA1025,12/31/08,08:15:13,08:39:19,0:24:6,7,Procedures globales de MoviesManager,D:\Mes Projets\MoviesManager\Procedures globales de MoviesManager.wdg
RFRA1025,12/31/08,08:40:51,08:41:03,0:0:12,2,FEN_Plugins,D:\Mes Projets\MoviesManager\FEN_Plugins.wdw
RFRA1025,12/31/08,08:42:07,08:43:15,0:1:8,17,TEST_Plugins,
RFRA1025,12/31/08,08:43:18,08:44:09,0:0:51,2,FEN_Plugins,D:\Mes Projets\MoviesManager\FEN_Plugins.wdw
RFRA1025,12/31/08,08:50:33,09:07:39,0:17:6,17,TEST_Plugins,
RFRA1025,12/31/08,08:46:24,09:07:44,0:21:20,2,FEN_Plugins,D:\Mes Projets\MoviesManager\FEN_Plugins.wdw
RFRA1025,12/31/08,09:09:21,09:33:32,0:24:11,2,FEN_Plugins,D:\Mes Projets\MoviesManager\FEN_Plugins.wdw
RFRA1025,12/31/08,09:36:23,09:36:49,0:0:26,2,FEN_Main,D:\Mes Projets\MoviesManager\FEN_Main.wdw
RFRA1025,12/31/08,09:39:52,09:41:06,0:1:14,2,FEN_Plugins,D:\Mes Projets\MoviesManager\FEN_Plugins.wdw
RFRA1025,12/31/08,09:41:25,09:43:43,0:2:18,2,FEN_Plugins,D:\Mes Projets\MoviesManager\FEN_Plugins.wdw
RFRA1025,12/31/08,09:45:24,09:45:37,0:0:13,2,FEN_Plugins,D:\Mes Projets\MoviesManager\FEN_Plugins.wdw
RFRA1025,12/31/08,09:56:21,09:56:35,0:0:14,2,FEN_Plugins,D:\Mes Projets\MoviesManager\FEN_Plugins.wdw
RFRA1025,12/31/08,09:58:42,10:01:40,0:2:58,2,FEN_Plugins,D:\Mes Projets\MoviesManager\FEN_Plugins.wdw
RFRA1025,12/31/08,10:01:55,10:02:43,0:0:48,2,FEN_Plugins,D:\Mes Projets\MoviesManager\FEN_Plugins.wdw
RFRA1025,12/31/08,10:25:34,10:28:18,0:2:44,2,FEN_Plugins,D:\Mes Projets\MoviesManager\FEN_Plugins.wdw
RFRA1025,12/31/08,10:30:27,10:31:04,0:0:37,2,FEN_Plugins,D:\Mes Projets\MoviesManager\FEN_Plugins.wdw
RFRA1025,12/31/08,10:36:51,10:39:03,0:2:12,2,FEN_Plugins,D:\Mes Projets\MoviesManager\FEN_Plugins.wdw
RFRA1025,12/31/08,13:27:04,13:32:08,0:5:4,2,FEN_Plugins,D:\Mes Projets\MoviesManager\FEN_Plugins.wdw
RFRA1025,12/31/08,13:33:21,13:33:32,0:0:11,2,FEN_Plugins,D:\Mes Projets\MoviesManager\FEN_Plugins.wdw
RFRA1025,12/31/08,09:36:22,14:38:14,5:1:52,2,FEN_Main,D:\Mes Projets\MoviesManager\FEN_Main.wdw
RFRA1025,12/31/08,08:39:26,14:38:14,5:58:48,2,FEN_Plugins,D:\Mes Projets\MoviesManager\FEN_Plugins.wdw
RFRA1025,12/31/08,09:49:34,14:38:14,4:48:40,7,Procedures globales de MoviesManager,D:\Mes Projets\MoviesManager\Procedures globales de MoviesManager.wdg
RFRA1025,12/31/08,08:15:10,14:38:16,6:23:6,4097,MoviesManager,D:\Mes Projets\MoviesManager\MoviesManager.WDP
RFRA1025,12/31/08,14:38:27,14:45:37,0:7:10,2,FEN_Main,D:\Mes Projets\MoviesManager\FEN_Main.wdw
RFRA1025,12/31/08,14:38:27,14:45:37,0:7:10,2,FEN_Plugins,D:\Mes Projets\MoviesManager\FEN_Plugins.wdw
RFRA1025,12/31/08,14:38:25,14:45:37,0:7:12,7,Procedures globales de MoviesManager,D:\Mes Projets\MoviesManager\Procedures globales de MoviesManager.wdg
RFRA1025,12/31/08,14:38:22,14:45:37,0:7:15,4097,MoviesManager,D:\Mes Projets\MoviesManager\MoviesManager.WDP
RFRA1025,12/31/08,14:47:02,14:47:14,0:0:12,2,FEN_Plugins,D:\Mes Projets\MoviesManager\FEN_Plugins.wdw
RFRA1025,12/31/08,14:48:33,15:04:46,0:16:13,7,Procedures globales de MoviesManager,D:\Mes Projets\MoviesManager\Procedures globales de MoviesManager.wdg
RFRA1025,12/31/08,15:21:00,15:25:21,0:4:21,2,FEN_Plugins,D:\Mes Projets\MoviesManager\FEN_Plugins.wdw
RFRA1025,12/31/08,15:25:24,15:35:00,0:9:36,2,FEN_Plugins,D:\Mes Projets\MoviesManager\FEN_Plugins.wdw
RFRA1025,12/31/08,15:36:53,15:37:29,0:0:36,2,FEN_Plugins,D:\Mes Projets\MoviesManager\FEN_Plugins.wdw
RFRA1025,12/31/08,14:46:31,16:24:52,1:38:21,2,FEN_Plugins,D:\Mes Projets\MoviesManager\FEN_Plugins.wdw
RFRA1025,12/31/08,14:46:31,16:24:52,1:38:21,2,FEN_Main,D:\Mes Projets\MoviesManager\FEN_Main.wdw
RFRA1025,12/31/08,15:07:52,16:24:52,1:17:0,7,Procedures globales de MoviesManager,D:\Mes Projets\MoviesManager\Procedures globales de MoviesManager.wdg
RFRA1025,12/31/08,14:46:28,16:24:52,1:38:24,4097,MoviesManager,D:\Mes Projets\MoviesManager\MoviesManager.WDP
RFRA1025,01/02/09,08:02:43,08:03:02,0:0:19,4097,MoviesManager,D:\Perso\Dev\HTPCUtils\MoviesManager\MoviesManager.WDP
RFRA1025,01/02/09,08:03:02,09:29:20,1:26:18,2,FEN_Main,D:\Perso\Dev\HTPCUtils\MoviesManager\FEN_Main.wdw
RFRA1025,01/02/09,09:30:30,18:05:40,8:35:10,2,FEN_Main,D:\Perso\Dev\HTPCUtils\MoviesManager\FEN_Main.wdw
RFRA1025,01/02/09,08:03:02,18:05:42,10:2:40,2,FEN_Main,D:\Perso\Dev\HTPCUtils\MoviesManager\FEN_Main.wdw
RFRA1025,01/02/09,08:02:40,18:05:43,10:3:3,7,Procedures globales de MoviesManager,D:\Perso\Dev\HTPCUtils\MoviesManager\Procedures globales de MoviesManager.wdg
RFRA1025,01/02/09,18:05:41,18:05:53,0:0:12,4097,MoviesManager,D:\Perso\Dev\HTPCUtils\MoviesManager\MoviesManager.WDP
RFRA1025,01/02/09,08:02:15,18:06:01,10:3:46,4097,MoviesManager,D:\Perso\Dev\HTPCUtils\MoviesManager\MoviesManager.WDP
RFRA1025,01/14/09,08:16:40,08:23:14,0:6:34,2,FEN_Main,D:\Perso\Dev\HTPCUtils\MoviesManager\FEN_Main.wdw
RFRA1025,01/14/09,08:32:29,08:34:52,0:2:23,2,FEN_Main,D:\Perso\Dev\HTPCUtils\MoviesManager\FEN_Main.wdw
RFRA1025,01/14/09,08:42:15,08:47:34,0:5:19,2,FEN_Main,D:\Perso\Dev\HTPCUtils\MoviesManager\FEN_Main.wdw
RFRA1025,01/14/09,09:09:20,09:16:15,0:6:55,4,Film,D:\Perso\Dev\HTPCUtils\MoviesManager\Movie.wdc
RFRA1025,01/14/09,09:15:55,09:16:16,0:0:21,2,FEN_Main,D:\Perso\Dev\HTPCUtils\MoviesManager\FEN_Main.wdw
RFRA1025,01/14/09,09:16:55,09:35:41,0:18:46,2,FEN_Main,D:\Perso\Dev\HTPCUtils\MoviesManager\FEN_Main.wdw
RFRA1025,01/14/09,09:35:45,09:38:24,0:2:39,2,FEN_Main,D:\Perso\Dev\HTPCUtils\MoviesManager\FEN_Main.wdw
RFRA1025,01/14/09,09:38:25,09:40:06,0:1:41,2,FEN_Main,D:\Perso\Dev\HTPCUtils\MoviesManager\FEN_Main.wdw
RFRA1025,01/14/09,09:42:46,09:58:21,0:15:35,2,FEN_Main,D:\Perso\Dev\HTPCUtils\MoviesManager\FEN_Main.wdw
RFRA1025,01/14/09,10:15:38,10:21:03,0:5:25,2,FEN_Main,D:\Perso\Dev\HTPCUtils\MoviesManager\FEN_Main.wdw
RFRA1025,01/14/09,10:22:46,10:36:36,0:13:50,2,FEN_Main,D:\Perso\Dev\HTPCUtils\MoviesManager\FEN_Main.wdw
RFRA1025,01/14/09,10:41:22,10:48:44,0:7:22,2,FEN_Main,D:\Perso\Dev\HTPCUtils\MoviesManager\FEN_Main.wdw
RFRA1025,01/14/09,10:48:55,11:01:45,0:12:50,2,FEN_Main,D:\Perso\Dev\HTPCUtils\MoviesManager\FEN_Main.wdw
RFRA1025,01/14/09,11:01:53,12:29:39,1:27:46,2,FEN_Main,D:\Perso\Dev\HTPCUtils\MoviesManager\FEN_Main.wdw
RFRA1025,01/14/09,12:42:04,12:42:18,0:0:14,2,FEN_Main,D:\Perso\Dev\HTPCUtils\MoviesManager\FEN_Main.wdw
RFRA1025,01/14/09,12:46:05,12:46:23,0:0:18,2,FEN_PluginEditor,
RFRA1025,01/14/09,12:49:47,12:51:01,0:1:14,17,TEST_PluginEditor,
RFRA1025,01/14/09,12:46:32,12:51:24,0:4:52,2,FEN_PluginEditor,D:\Perso\Dev\HTPCUtils\MoviesManager\FEN_PluginEditor.wdw
RFRA1025,01/14/09,12:54:04,12:56:06,0:2:2,17,TEST_PluginEditor,
RFRA1025,01/14/09,12:52:46,12:56:09,0:3:23,2,FEN_PluginEditor,D:\Perso\Dev\HTPCUtils\MoviesManager\FEN_PluginEditor.wdw
RFRA1025,01/14/09,13:08:06,13:09:58,0:1:52,2,FEN_PluginEditor,D:\Perso\Dev\HTPCUtils\MoviesManager\FEN_PluginEditor.wdw
RFRA1025,01/14/09,13:17:26,13:17:49,0:0:23,2,FEN_PluginEditor,D:\Perso\Dev\HTPCUtils\MoviesManager\FEN_PluginEditor.wdw
RFRA1025,01/14/09,13:20:35,13:22:01,0:1:26,17,TEST_PluginEditor,
RFRA1025,01/14/09,13:26:48,13:29:52,0:3:4,2,FEN_PluginEditor,D:\Perso\Dev\HTPCUtils\MoviesManager\FEN_PluginEditor.wdw
RFRA1025,01/14/09,13:50:59,13:54:20,0:3:21,2,FEN_PluginEditor,D:\Perso\Dev\HTPCUtils\MoviesManager\FEN_PluginEditor.wdw
RFRA1025,01/14/09,13:54:46,14:21:02,0:26:16,2,FEN_PluginRésultats,
RFRA1025,01/14/09,14:22:21,14:24:49,0:2:28,2,FEN_PluginRésultats,D:\Perso\Dev\HTPCUtils\MoviesManager\FEN_PluginResultats.wdw
RFRA1025,01/14/09,14:24:52,14:25:35,0:0:43,2,FEN_PluginRésultats,D:\Perso\Dev\HTPCUtils\MoviesManager\FEN_PluginResultats.wdw
RFRA1025,01/14/09,14:29:06,14:29:34,0:0:28,2,FEN_PluginRésultats,D:\Perso\Dev\HTPCUtils\MoviesManager\FEN_PluginResultats.wdw
RFRA1025,01/14/09,14:29:39,14:31:35,0:1:56,2,FEN_PluginRésultats,D:\Perso\Dev\HTPCUtils\MoviesManager\FEN_PluginResultats.wdw
RFRA1025,01/14/09,14:31:42,14:33:28,0:1:46,2,FEN_PluginRésultats,D:\Perso\Dev\HTPCUtils\MoviesManager\FEN_PluginResultats.wdw
RFRA1025,01/14/09,14:37:01,14:37:25,0:0:24,2,FEN_PluginRésultats,D:\Perso\Dev\HTPCUtils\MoviesManager\FEN_PluginResultats.wdw
RFRA1025,01/14/09,14:39:12,14:41:15,0:2:3,2,FEN_PluginRésultats,D:\Perso\Dev\HTPCUtils\MoviesManager\FEN_PluginResultats.wdw
RFRA1025,01/14/09,14:41:53,14:47:20,0:5:27,2,FEN_PluginEditor,D:\Perso\Dev\HTPCUtils\MoviesManager\FEN_PluginEditor.wdw
RFRA1025,01/14/09,14:51:01,14:56:21,0:5:20,2,FEN_PluginEditor,D:\Perso\Dev\HTPCUtils\MoviesManager\FEN_PluginEditor.wdw
RFRA1025,01/14/09,14:57:26,14:59:28,0:2:2,2,FEN_PluginEditor,D:\Perso\Dev\HTPCUtils\MoviesManager\FEN_PluginEditor.wdw
RFRA1025,01/14/09,15:06:07,15:06:25,0:0:18,2,FEN_PluginEditor,D:\Perso\Dev\HTPCUtils\MoviesManager\FEN_PluginEditor.wdw
RFRA1025,01/14/09,15:08:21,15:08:31,0:0:10,2,FEN_PluginEditor,D:\Perso\Dev\HTPCUtils\MoviesManager\FEN_PluginEditor.wdw
RFRA1025,01/14/09,15:56:02,15:57:20,0:1:18,17,TEST_PluginEditor,
RFRA1025,01/14/09,16:18:49,16:21:34,0:2:45,17,TEST_PluginEditor,
RFRA1025,01/14/09,16:24:50,16:25:07,0:0:17,2,FEN_PluginEditor,D:\Perso\Dev\HTPCUtils\MoviesManager\FEN_PluginEditor.wdw
RFRA1025,01/14/09,16:34:24,16:34:43,0:0:19,2,FEN_PluginEditor,D:\Perso\Dev\HTPCUtils\MoviesManager\FEN_PluginEditor.wdw
RFRA1025,01/14/09,16:55:53,16:56:06,0:0:13,2,FEN_PluginEditor,D:\Perso\Dev\HTPCUtils\MoviesManager\FEN_PluginEditor.wdw
RFRA1025,01/14/09,17:02:04,17:02:32,0:0:28,2,FEN_PluginEditor,D:\Perso\Dev\HTPCUtils\MoviesManager\FEN_PluginEditor.wdw
RFRA1025,01/14/09,17:09:03,17:09:56,0:0:53,2,FEN_PluginEditor,D:\Perso\Dev\HTPCUtils\MoviesManager\FEN_PluginEditor.wdw
RFRA1025,01/14/09,17:09:05,17:10:36,0:1:31,17,TEST_PluginEditor,
RFRA1025,01/14/09,17:10:40,17:13:11,0:2:31,2,FEN_PluginEditor,D:\Perso\Dev\HTPCUtils\MoviesManager\FEN_PluginEditor.wdw
RFRA1025,01/14/09,17:21:50,17:22:55,0:1:5,17,TEST_PluginEditor,
RFRA1025,01/14/09,17:23:10,17:23:20,0:0:10,2,FEN_PluginEditor,D:\Perso\Dev\HTPCUtils\MoviesManager\FEN_PluginEditor.wdw
RFRA1025,01/14/09,17:30:12,17:30:57,0:0:45,2,FEN_PluginEditor,D:\Perso\Dev\HTPCUtils\MoviesManager\FEN_PluginEditor.wdw
RFRA1025,01/14/09,17:47:30,17:48:39,0:1:9,17,TEST_PluginEditor,
RFRA1025,01/14/09,17:51:02,17:51:12,0:0:10,2,FEN_PluginEditor,D:\Perso\Dev\HTPCUtils\MoviesManager\FEN_PluginEditor.wdw
RFRA1025,01/14/09,17:51:03,17:52:09,0:1:6,17,TEST_PluginEditor,
RFRA1025,01/14/09,17:54:55,17:55:13,0:0:18,2,FEN_PluginEditor,D:\Perso\Dev\HTPCUtils\MoviesManager\FEN_PluginEditor.wdw
RFRA1025,01/14/09,17:57:56,17:59:08,0:1:12,17,TEST_PluginEditor,
RFRA1025,01/14/09,17:59:50,18:00:34,0:0:44,2,FEN_PluginEditor,D:\Perso\Dev\HTPCUtils\MoviesManager\FEN_PluginEditor.wdw
RFRA1025,01/14/09,17:59:51,18:01:05,0:1:14,17,TEST_PluginEditor,
RFRA1025,01/14/09,18:04:49,18:05:29,0:0:40,2,FEN_PluginEditor,D:\Perso\Dev\HTPCUtils\MoviesManager\FEN_PluginEditor.wdw
RFRA1025,01/14/09,18:06:35,18:07:03,0:0:28,2,FEN_PluginEditor,D:\Perso\Dev\HTPCUtils\MoviesManager\FEN_PluginEditor.wdw
RFRA1025,01/14/09,18:11:03,18:12:11,0:1:8,17,TEST_PluginEditor,
RFRA1025,01/14/09,18:14:35,18:14:56,0:0:21,2,FEN_PluginEditor,D:\Perso\Dev\HTPCUtils\MoviesManager\FEN_PluginEditor.wdw
RFRA1025,01/14/09,18:14:47,18:17:46,0:2:59,17,TEST_PluginEditor,
RFRA1025,01/14/09,18:18:23,18:19:10,0:0:47,2,FEN_PluginEditor,D:\Perso\Dev\HTPCUtils\MoviesManager\FEN_PluginEditor.wdw
RFRA1025,01/14/09,18:35:18,18:36:47,0:1:29,17,TEST_PluginEditor,
RFRA1025,01/14/09,19:10:38,19:11:20,0:0:42,2,FEN_PluginEditor,D:\Perso\Dev\HTPCUtils\MoviesManager\FEN_PluginEditor.wdw
RFRA1025,01/14/09,19:17:17,19:17:42,0:0:25,2,FEN_PluginEditor,D:\Perso\Dev\HTPCUtils\MoviesManager\FEN_PluginEditor.wdw
RFRA1025,01/14/09,12:42:03,19:24:13,6:42:10,2,FEN_Main,D:\Perso\Dev\HTPCUtils\MoviesManager\FEN_Main.wdw
RFRA1025,01/14/09,13:54:46,19:24:14,5:29:28,2,FEN_PluginRésultats,D:\Perso\Dev\HTPCUtils\MoviesManager\FEN_PluginResultats.wdw
RFRA1025,01/14/09,12:46:05,19:24:14,6:38:9,2,FEN_PluginEditor,D:\Perso\Dev\HTPCUtils\MoviesManager\FEN_PluginEditor.wdw
RFRA1025,01/14/09,12:42:02,19:24:14,6:42:12,7,Procedures globales de MoviesManager,D:\Perso\Dev\HTPCUtils\MoviesManager\Procedures globales de MoviesManager.wdg
RFRA1025,01/14/09,12:42:18,19:24:14,6:41:56,4,Plugin,D:\Perso\Dev\HTPCUtils\MoviesManager\Plugin.wdc
RFRA1025,01/14/09,13:41:57,19:24:14,5:42:17,4,PluginResultat,D:\Perso\Dev\HTPCUtils\MoviesManager\PluginResultats.wdc
RFRA1025,01/14/09,12:41:52,19:24:15,6:42:23,4097,MoviesManager,D:\Perso\Dev\HTPCUtils\MoviesManager\MoviesManager.WDP
