DANONE-KID,11/13/09,13:43:13,13:48:25,0:5:12,2,FEN_Main,C:\Users\Julien\Documents\Dev\MM\FEN_Main.wdw
DANONE-KID,11/13/09,13:43:13,15:12:46,1:29:33,2,FEN_Main,C:\Users\Julien\Documents\Dev\MM\FEN_Main.wdw
DANONE-KID,11/13/09,13:43:06,15:12:46,1:29:40,7,Procedures globales de MM,C:\Users\Julien\Documents\Dev\MM\Procedures globales de MM.wdg
DANONE-KID,11/14/09,10:54:05,10:54:32,0:0:27,2,FEN_Main,C:\Users\Julien\Documents\Dev\MM\FEN_Main.wdw
DANONE-KID,11/14/09,10:58:39,10:59:14,0:0:35,2,FEN_Main,C:\Users\Julien\Documents\Dev\MM\FEN_Main.wdw
DANONE-KID,11/14/09,11:02:09,11:13:11,0:11:2,2,FEN_Main,C:\Users\Julien\Documents\Dev\MM\FEN_Main.wdw
DANONE-KID,11/14/09,10:54:35,11:18:11,0:23:36,4,Serie,C:\Users\Julien\Documents\Dev\MM\Serie.wdc
DANONE-KID,11/14/09,11:22:10,11:24:05,0:1:55,2,FEN_Main,C:\Users\Julien\Documents\Dev\MM\FEN_Main.wdw
DANONE-KID,11/14/09,11:26:13,11:26:41,0:0:28,2,FEN_Main,C:\Users\Julien\Documents\Dev\MM\FEN_Main.wdw
DANONE-KID,11/14/09,11:27:08,11:27:47,0:0:39,2,FEN_Main,C:\Users\Julien\Documents\Dev\MM\FEN_Main.wdw
DANONE-KID,11/14/09,11:28:32,11:28:56,0:0:24,2,FEN_Main,C:\Users\Julien\Documents\Dev\MM\FEN_Main.wdw
DANONE-KID,11/14/09,11:31:29,11:31:57,0:0:28,2,FEN_Main,C:\Users\Julien\Documents\Dev\MM\FEN_Main.wdw
DANONE-KID,11/14/09,11:18:11,11:32:17,0:14:6,4,Serie,C:\Users\Julien\Documents\Dev\MM\Serie.wdc
DANONE-KID,11/14/09,11:33:12,11:33:46,0:0:34,2,FEN_Main,C:\Users\Julien\Documents\Dev\MM\FEN_Main.wdw
DANONE-KID,11/14/09,11:46:34,11:55:47,0:9:13,2,FEN_Main,C:\Users\Julien\Documents\Dev\MM\FEN_Main.wdw
DANONE-KID,11/14/09,12:05:17,12:05:44,0:0:27,2,FEN_Main,C:\Users\Julien\Documents\Dev\MM\FEN_Main.wdw
DANONE-KID,11/14/09,12:07:32,12:09:21,0:1:49,2,FEN_Main,C:\Users\Julien\Documents\Dev\MM\FEN_Main.wdw
DANONE-KID,11/14/09,12:10:35,12:11:37,0:1:2,2,FEN_Main,C:\Users\Julien\Documents\Dev\MM\FEN_Main.wdw
DANONE-KID,11/14/09,11:13:11,12:18:38,1:5:27,4,Saison,C:\Users\Julien\Documents\Dev\MM\Saison.wdc
DANONE-KID,11/14/09,12:20:25,12:21:11,0:0:46,2,FEN_Main,C:\Users\Julien\Documents\Dev\MM\FEN_Main.wdw
DANONE-KID,11/14/09,12:24:57,12:25:15,0:0:18,2,FEN_Main,C:\Users\Julien\Documents\Dev\MM\FEN_Main.wdw
DANONE-KID,11/14/09,11:32:17,12:27:45,0:55:28,4,Serie,C:\Users\Julien\Documents\Dev\MM\Serie.wdc
DANONE-KID,11/14/09,12:27:48,12:28:50,0:1:2,2,FEN_Main,C:\Users\Julien\Documents\Dev\MM\FEN_Main.wdw
DANONE-KID,11/14/09,12:31:06,12:31:26,0:0:20,2,FEN_Main,C:\Users\Julien\Documents\Dev\MM\FEN_Main.wdw
DANONE-KID,11/14/09,12:32:50,12:35:17,0:2:27,2,FEN_Main,C:\Users\Julien\Documents\Dev\MM\FEN_Main.wdw
DANONE-KID,11/14/09,12:44:18,12:44:40,0:0:22,2,FEN_Main,C:\Users\Julien\Documents\Dev\MM\FEN_Main.wdw
DANONE-KID,11/14/09,12:48:01,12:56:12,0:8:11,2,FEN_Main,C:\Users\Julien\Documents\Dev\MM\FEN_Main.wdw
DANONE-KID,11/14/09,12:56:16,12:56:36,0:0:20,2,FEN_Main,C:\Users\Julien\Documents\Dev\MM\FEN_Main.wdw
DANONE-KID,11/14/09,12:56:36,12:57:25,0:0:49,8,FI_Serie,C:\Users\Julien\Documents\Dev\MM\FI_Serie.wdw
DANONE-KID,11/14/09,12:57:49,12:58:32,0:0:43,2,FEN_Main,C:\Users\Julien\Documents\Dev\MM\FEN_Main.wdw
DANONE-KID,11/14/09,12:56:12,08:30:55,43:34:43,8,FI_Serie,C:\Users\Julien\Documents\Dev\MM\FI_Serie.wdw
DANONE-KID,11/14/09,10:50:46,08:30:55,45:40:9,2,FEN_Main,C:\Users\Julien\Documents\Dev\MM\FEN_Main.wdw
DANONE-KID,11/14/09,10:50:45,08:30:55,45:40:10,7,Procedures globales de MM,C:\Users\Julien\Documents\Dev\MM\Procedures globales de MM.wdg
RFRA1025,11/16/09,09:27:17,09:28:08,0:0:51,4097,MM,Y:\Dev\MM\MM.WDP
RFRA1025,11/16/09,09:37:29,09:38:04,0:0:35,2,FEN_Main,Y:\Dev\MM\FEN_Main.wdw
RFRA1025,11/16/09,09:43:36,09:44:14,0:0:38,2,FEN_Main,Y:\Dev\MM\FEN_Main.wdw
RFRA1025,11/16/09,09:28:12,09:49:00,0:20:48,2,FEN_Main,Y:\Dev\MM\FEN_Main.wdw
RFRA1025,11/16/09,09:30:57,09:49:00,0:18:3,4,Serie,Y:\Dev\MM\Serie.wdc
RFRA1025,11/16/09,09:27:16,09:49:00,0:21:44,7,Procedures globales de MM,Y:\Dev\MM\Procedures globales de MM.wdg
RFRA1025,11/16/09,10:38:17,10:38:54,0:0:37,4097,MM,D:\Mes Projets\MM\MM.WDP
RFRA1025,11/16/09,10:38:54,10:39:57,0:1:3,8,FI_Serie,D:\Mes Projets\MM\FI_Serie.wdw
RFRA1025,11/16/09,10:54:44,10:56:40,0:1:56,2,FEN_Main,D:\Mes Projets\MM\FEN_Main.wdw
RFRA1025,11/16/09,11:09:02,11:09:37,0:0:35,2,FEN_Main,D:\Mes Projets\MM\FEN_Main.wdw
RFRA1025,11/16/09,11:09:41,11:09:57,0:0:16,2,FEN_Main,D:\Mes Projets\MM\FEN_Main.wdw
RFRA1025,11/16/09,11:18:49,11:20:20,0:1:31,2,FEN_Main,D:\Mes Projets\MM\FEN_Main.wdw
RFRA1025,11/16/09,11:21:22,11:21:46,0:0:24,2,FEN_Configuration,
RFRA1025,11/16/09,11:22:46,11:23:19,0:0:33,2,FEN_Main,D:\Mes Projets\MM\FEN_Main.wdw
RFRA1025,11/16/09,11:26:01,11:28:07,0:2:6,4,Settings,D:\Mes Projets\MM\Settings.wdc
RFRA1025,11/16/09,11:28:32,11:29:11,0:0:39,2,FEN_Main,D:\Mes Projets\MM\FEN_Main.wdw
RFRA1025,11/16/09,11:29:36,11:30:12,0:0:36,2,FEN_Configuration,D:\Mes Projets\MM\FEN_Configuration.wdw
RFRA1025,11/16/09,11:30:37,11:31:09,0:0:32,2,FEN_Configuration,D:\Mes Projets\MM\FEN_Configuration.wdw
RFRA1025,11/16/09,11:37:28,11:56:59,0:19:31,2,FEN_Main,D:\Mes Projets\MM\FEN_Main.wdw
RFRA1025,11/16/09,12:01:21,12:53:17,0:51:56,2,FEN_Main,D:\Mes Projets\MM\FEN_Main.wdw
RFRA1025,11/16/09,11:21:22,12:53:18,1:31:56,2,FEN_Configuration,D:\Mes Projets\MM\FEN_Configuration.wdw
RFRA1025,11/16/09,10:38:54,12:53:18,2:14:24,8,FI_Serie,D:\Mes Projets\MM\FI_Serie.wdw
RFRA1025,11/16/09,10:40:06,12:53:18,2:13:12,2,FEN_Main,D:\Mes Projets\MM\FEN_Main.wdw
RFRA1025,11/16/09,10:38:15,12:53:19,2:15:4,7,Procedures globales de MM,D:\Mes Projets\MM\Procedures globales de MM.wdg
RFRA1025,11/16/09,16:56:08,16:56:28,0:0:20,2,FEN_Main,D:\Mes Projets\MM\FEN_Main.wdw
RFRA1025,11/16/09,16:56:28,16:59:05,0:2:37,2,FEN_Configuration,D:\Mes Projets\MM\FEN_Configuration.wdw
RFRA1025,11/16/09,16:59:05,17:00:10,0:1:5,2,FEN_Main,D:\Mes Projets\MM\FEN_Main.wdw
RFRA1025,11/16/09,17:02:10,17:02:23,0:0:13,2,FEN_Main,D:\Mes Projets\MM\FEN_Main.wdw
RFRA1025,11/16/09,17:04:41,17:06:35,0:1:54,2,FEN_Main,D:\Mes Projets\MM\FEN_Main.wdw
RFRA1025,11/16/09,17:27:19,17:32:54,0:5:35,2,FEN_Main,D:\Mes Projets\MM\FEN_Main.wdw
RFRA1025,11/16/09,17:48:32,17:57:24,0:8:52,2,FEN_Main,D:\Mes Projets\MM\FEN_Main.wdw
RFRA1025,11/16/09,18:01:28,18:01:45,0:0:17,2,FEN_Fenêtre1,
RFRA1025,11/16/09,16:56:08,18:15:19,1:19:11,2,FEN_Configuration,D:\Mes Projets\MM\FEN_Configuration.wdw
RFRA1025,11/16/09,16:56:08,18:15:19,1:19:11,8,FI_Serie,D:\Mes Projets\MM\FI_Serie.wdw
RFRA1025,11/16/09,16:56:07,18:15:19,1:19:12,2,FEN_Main,D:\Mes Projets\MM\FEN_Main.wdw
RFRA1025,11/16/09,18:01:28,18:15:20,0:13:52,2,FEN_Test,D:\Mes Projets\MM\FEN_Test.wdw
RFRA1025,11/16/09,16:56:05,18:15:20,1:19:15,7,Procedures globales de MM,D:\Mes Projets\MM\Procedures globales de MM.wdg
RFRA1025,11/16/09,17:14:54,18:15:20,1:0:26,4,Serie,D:\Mes Projets\MM\Serie.wdc
RFRA1025,11/16/09,17:33:03,18:15:20,0:42:17,4,Saison,D:\Mes Projets\MM\Saison.wdc
RFRA1025,11/16/09,17:32:54,18:15:20,0:42:26,4,Episode,D:\Mes Projets\MM\Episode.wdc
RFRA1025,11/17/09,12:59:34,13:06:28,0:6:54,2,FEN_Configuration,D:\Mes Projets\MM\FEN_Configuration.wdw
RFRA1025,11/17/09,12:59:35,13:06:28,0:6:53,8,FI_Serie,D:\Mes Projets\MM\FI_Serie.wdw
RFRA1025,11/17/09,12:59:34,13:06:28,0:6:54,4,Serie,D:\Mes Projets\MM\Serie.wdc
RFRA1025,11/17/09,12:59:34,13:06:28,0:6:54,4,Episode,D:\Mes Projets\MM\Episode.wdc
RFRA1025,11/17/09,12:59:34,13:06:28,0:6:54,4,Saison,D:\Mes Projets\MM\Saison.wdc
RFRA1025,11/17/09,12:59:34,13:06:28,0:6:54,2,FEN_Main,D:\Mes Projets\MM\FEN_Main.wdw
RFRA1025,11/17/09,12:59:34,13:06:28,0:6:54,2,FEN_Test,D:\Mes Projets\MM\FEN_Test.wdw
RFRA1025,11/17/09,12:59:33,13:06:28,0:6:55,7,Procedures globales de MM,D:\Mes Projets\MM\Procedures globales de MM.wdg
RFRA1025,11/17/09,13:07:18,13:08:38,0:1:20,17,TEST_Test,
RFRA1025,11/17/09,13:07:17,13:08:43,0:1:26,2,FEN_Test,D:\Mes Projets\MM\FEN_Test.wdw
RFRA1025,11/17/09,13:14:46,13:15:01,0:0:15,2,FEN_Test,D:\Mes Projets\MM\FEN_Test.wdw
RFRA1025,11/17/09,13:58:43,14:08:00,0:9:17,4,TVDB_Mirror,D:\Mes Projets\MM\TVDB_Mirror.wdc
RFRA1025,11/17/09,13:06:31,14:15:39,1:9:8,2,FEN_Test,D:\Mes Projets\MM\FEN_Test.wdw
RFRA1025,11/17/09,12:59:59,14:15:39,1:15:40,4,TvdbAPI,D:\Mes Projets\MM\TvdbAPI.wdc
RFRA1025,11/17/09,14:08:01,14:15:39,0:7:38,4,TVDB_Mirror,D:\Mes Projets\MM\TVDB_Mirror.wdc
RFRA1025,11/17/09,14:15:39,14:27:40,0:12:1,4097,MM,D:\Mes Projets\MM\MM.WDP
RFRA1025,11/17/09,14:33:47,14:35:04,0:1:17,4,Tvdb_Banner,D:\Mes Projets\MM\Tvdb_Banner.wdc
RFRA1025,11/17/09,15:05:35,15:16:38,0:11:3,2,FEN_ChercheSerie,D:\Mes Projets\MM\FEN_ChercheSerie.wdw
RFRA1025,11/17/09,15:05:35,15:24:42,0:19:7,2,FEN_ChercheSerie,D:\Mes Projets\MM\FEN_ChercheSerie.wdw
RFRA1025,11/17/09,14:15:39,15:24:42,1:9:3,4,Tvdb_Mirror,D:\Mes Projets\MM\TVDB_Mirror.wdc
RFRA1025,11/17/09,14:27:40,15:24:43,0:57:3,4,Tvdb_Serie,D:\Mes Projets\MM\Tvdb_Serie.wdc
RFRA1025,11/17/09,14:34:56,15:24:43,0:49:47,4,Saison,D:\Mes Projets\MM\Saison.wdc
RFRA1025,11/17/09,14:35:05,15:24:43,0:49:38,4,Tvdb_Banner,D:\Mes Projets\MM\Tvdb_Banner.wdc
RFRA1025,11/17/09,15:53:23,15:57:44,0:4:21,17,TEST_ChercheSerie,
RFRA1025,11/17/09,15:38:41,17:14:06,1:35:25,4,Tvdb_Serie,D:\Mes Projets\MM\Tvdb_Serie.wdc
RFRA1025,11/17/09,15:38:41,17:14:06,1:35:25,4,Saison,D:\Mes Projets\MM\Saison.wdc
RFRA1025,11/17/09,15:38:41,17:14:06,1:35:25,4,Tvdb_Banner,D:\Mes Projets\MM\Tvdb_Banner.wdc
RFRA1025,11/17/09,15:38:41,17:14:06,1:35:25,2,FEN_ChercheSerie,D:\Mes Projets\MM\FEN_ChercheSerie.wdw
RFRA1025,11/17/09,15:38:39,17:14:13,1:35:34,7,Procedures globales de MM,D:\Mes Projets\MM\Procedures globales de MM.wdg
RFRA1025,11/17/09,15:38:41,17:14:13,1:35:32,4,Tvdb_API,D:\Mes Projets\MM\TvdbAPI.wdc
DANONE-KID,11/18/09,06:22:03,06:22:20,0:0:17,4097,MM,C:\Users\Julien\Documents\Dev\MM\MM.WDP
DANONE-KID,11/18/09,06:22:20,06:24:32,0:2:12,2,FEN_Main,C:\Users\Julien\Documents\Dev\MM\FEN_Main.wdw
DANONE-KID,11/18/09,06:29:11,06:37:13,0:8:2,2,FEN_Main,C:\Users\Julien\Documents\Dev\MM\FEN_Main.wdw
DANONE-KID,11/18/09,06:43:50,06:44:35,0:0:45,2,FEN_Main,C:\Users\Julien\Documents\Dev\MM\FEN_Main.wdw
DANONE-KID,11/18/09,06:45:11,06:50:32,0:5:21,2,FEN_Main,C:\Users\Julien\Documents\Dev\MM\FEN_Main.wdw
DANONE-KID,11/18/09,07:11:02,07:11:17,0:0:15,4097,MM,C:\Users\Julien\Documents\Dev\MM\MM.WDP
DANONE-KID,11/18/09,06:22:20,07:22:19,0:59:59,2,FEN_Main,C:\Users\Julien\Documents\Dev\MM\FEN_Main.wdw
DANONE-KID,11/18/09,06:22:02,07:22:19,1:0:17,7,Procedures globales de MM,C:\Users\Julien\Documents\Dev\MM\Procedures globales de MM.wdg
DANONE-KID,11/18/09,06:24:32,07:22:19,0:57:47,4,Saison,C:\Users\Julien\Documents\Dev\MM\Saison.wdc
DANONE-KID,11/18/09,07:11:17,07:22:19,0:11:2,4,Serie,C:\Users\Julien\Documents\Dev\MM\Serie.wdc
DANONE-KID,11/18/09,06:37:13,07:22:19,0:45:6,4,Episode,C:\Users\Julien\Documents\Dev\MM\Episode.wdc
RFRA1025,11/18/09,09:15:57,09:19:31,0:3:34,7,Procedures globales de MM,D:\Perso\Dev\HTPCUtils\Windev\MM\Procedures globales de MM.wdg
RFRA1025,11/18/09,09:15:58,09:19:31,0:3:33,4097,MM,D:\Perso\Dev\HTPCUtils\Windev\MM\MM.WDP
RFRA1025,11/18/09,09:42:20,09:48:04,0:5:44,4097,MM,D:\Perso\Dev\HTPCUtils\Windev\MM\MM.WDP
RFRA1025,11/18/09,09:48:04,10:14:25,0:26:21,2,FEN_Main,D:\Perso\Dev\HTPCUtils\Windev\MM\FEN_Main.wdw
RFRA1025,11/18/09,09:48:04,10:14:25,0:26:21,2,FEN_Main,D:\Perso\Dev\HTPCUtils\Windev\MM\FEN_Main.wdw
RFRA1025,11/18/09,09:42:19,10:14:25,0:32:6,7,Procedures globales de MM,D:\Perso\Dev\HTPCUtils\Windev\MM\Procedures globales de MM.wdg
RFRA1025,11/18/09,10:29:29,10:29:54,0:0:25,2,FEN_Main,D:\Perso\Dev\HTPCUtils\Windev\MM\FEN_Main.wdw
RFRA1025,11/18/09,10:29:28,10:48:02,0:18:34,2,FEN_Main,D:\Perso\Dev\HTPCUtils\Windev\MM\FEN_Main.wdw
RFRA1025,11/18/09,10:31:34,10:48:02,0:16:28,2,FEN_ChercheSerie,D:\Perso\Dev\HTPCUtils\Windev\MM\FEN_ChercheSerie.wdw
RFRA1025,11/18/09,10:31:43,10:48:02,0:16:19,4,Tvdb_API,D:\Perso\Dev\HTPCUtils\Windev\MM\TvdbAPI.wdc
RFRA1025,11/18/09,10:29:27,10:48:02,0:18:35,7,Procedures globales de MM,D:\Perso\Dev\HTPCUtils\Windev\MM\Procedures globales de MM.wdg
RFRA1025,11/18/09,12:51:03,12:52:24,0:1:21,2,FEN_ChercheSerie,D:\Perso\Dev\HTPCUtils\Windev\MM\FEN_ChercheSerie.wdw
RFRA1025,11/18/09,12:53:01,12:54:11,0:1:10,2,FEN_ChercheSerie,D:\Perso\Dev\HTPCUtils\Windev\MM\FEN_ChercheSerie.wdw
RFRA1025,11/18/09,13:54:55,14:06:16,0:11:21,2,FEN_ChercheSerie,D:\Perso\Dev\HTPCUtils\Windev\MM\FEN_ChercheSerie.wdw
RFRA1025,11/18/09,14:07:20,14:08:30,0:1:10,17,TEST_ChercheSerie,
RFRA1025,11/18/09,14:07:17,14:08:57,0:1:40,2,FEN_ChercheSerie,D:\Perso\Dev\HTPCUtils\Windev\MM\FEN_ChercheSerie.wdw
RFRA1025,11/18/09,14:09:46,14:10:12,0:0:26,2,FEN_ChercheSerie,D:\Perso\Dev\HTPCUtils\Windev\MM\FEN_ChercheSerie.wdw
RFRA1025,11/18/09,14:09:48,14:11:36,0:1:48,17,TEST_ChercheSerie,
RFRA1025,11/18/09,14:12:04,14:12:27,0:0:23,2,FEN_ChercheSerie,D:\Perso\Dev\HTPCUtils\Windev\MM\FEN_ChercheSerie.wdw
RFRA1025,11/18/09,14:12:05,14:13:31,0:1:26,17,TEST_ChercheSerie,
RFRA1025,11/18/09,14:23:24,14:29:41,0:6:17,2,FEN_ChercheSerie,D:\Perso\Dev\HTPCUtils\Windev\MM\FEN_ChercheSerie.wdw
RFRA1025,11/18/09,14:30:14,14:31:22,0:1:8,2,FEN_ChercheSerie,D:\Perso\Dev\HTPCUtils\Windev\MM\FEN_ChercheSerie.wdw
RFRA1025,11/18/09,14:32:16,14:33:31,0:1:15,2,FEN_ChercheSerie,D:\Perso\Dev\HTPCUtils\Windev\MM\FEN_ChercheSerie.wdw
RFRA1025,11/18/09,14:40:36,14:42:05,0:1:29,17,TEST_ChercheSerie,
RFRA1025,11/18/09,14:36:01,14:42:11,0:6:10,2,FEN_ChercheSerie,D:\Perso\Dev\HTPCUtils\Windev\MM\FEN_ChercheSerie.wdw
RFRA1025,11/18/09,14:44:00,14:44:11,0:0:11,2,FEN_ChercheSerie,D:\Perso\Dev\HTPCUtils\Windev\MM\FEN_ChercheSerie.wdw
RFRA1025,11/18/09,14:44:18,14:44:37,0:0:19,2,FEN_ChercheSerie,D:\Perso\Dev\HTPCUtils\Windev\MM\FEN_ChercheSerie.wdw
RFRA1025,11/18/09,14:46:33,14:47:20,0:0:47,2,FEN_ChercheSerie,D:\Perso\Dev\HTPCUtils\Windev\MM\FEN_ChercheSerie.wdw
RFRA1025,11/18/09,14:48:40,14:51:48,0:3:8,17,TEST_ChercheSerie,
RFRA1025,11/18/09,15:01:11,15:09:01,0:7:50,2,FEN_ChercheSerie,D:\Perso\Dev\HTPCUtils\Windev\MM\FEN_ChercheSerie.wdw
RFRA1025,11/18/09,13:54:40,15:46:32,1:51:52,2,FEN_Main,D:\Perso\Dev\HTPCUtils\Windev\MM\FEN_Main.wdw
RFRA1025,11/18/09,13:54:40,15:46:33,1:51:53,2,FEN_ChercheSerie,D:\Perso\Dev\HTPCUtils\Windev\MM\FEN_ChercheSerie.wdw
RFRA1025,11/18/09,13:54:38,15:46:33,1:51:55,7,Procedures globales de MM,D:\Perso\Dev\HTPCUtils\Windev\MM\Procedures globales de MM.wdg
RFRA1025,11/18/09,14:06:27,15:46:33,1:40:6,4,Tvdb_Banner,D:\Perso\Dev\HTPCUtils\Windev\MM\Tvdb_Banner.wdc
RFRA1025,11/18/09,13:54:40,15:46:33,1:51:53,4,Tvdb_API,D:\Perso\Dev\HTPCUtils\Windev\MM\TvdbAPI.wdc
RFRA1025,11/18/09,15:49:15,15:49:44,0:0:29,2,FEN_Test,D:\Perso\Dev\HTPCUtils\Windev\MM\FEN_Test.wdw
RFRA1025,11/18/09,15:50:55,15:52:40,0:1:45,2,FEN_Test,D:\Perso\Dev\HTPCUtils\Windev\MM\FEN_Test.wdw
RFRA1025,11/18/09,16:04:25,16:04:36,0:0:11,2,FEN_Test,D:\Perso\Dev\HTPCUtils\Windev\MM\FEN_Test.wdw
RFRA1025,11/18/09,16:06:47,16:08:35,0:1:48,2,FEN_Test,D:\Perso\Dev\HTPCUtils\Windev\MM\FEN_Test.wdw
RFRA1025,11/18/09,16:09:19,16:10:35,0:1:16,17,TEST_Test,
RFRA1025,11/18/09,16:09:04,16:10:38,0:1:34,2,FEN_Test,D:\Perso\Dev\HTPCUtils\Windev\MM\FEN_Test.wdw
RFRA1025,11/18/09,16:25:12,16:27:38,0:2:26,2,FEN_Test,D:\Perso\Dev\HTPCUtils\Windev\MM\FEN_Test.wdw
RFRA1025,11/18/09,16:30:36,16:30:51,0:0:15,2,FEN_Test,D:\Perso\Dev\HTPCUtils\Windev\MM\FEN_Test.wdw
RFRA1025,11/18/09,16:32:39,16:32:57,0:0:18,2,FEN_Test,D:\Perso\Dev\HTPCUtils\Windev\MM\FEN_Test.wdw
RFRA1025,11/18/09,16:33:31,16:34:02,0:0:31,2,FEN_Test,D:\Perso\Dev\HTPCUtils\Windev\MM\FEN_Test.wdw
RFRA1025,11/18/09,16:34:30,16:35:26,0:0:56,2,FEN_Test,D:\Perso\Dev\HTPCUtils\Windev\MM\FEN_Test.wdw
RFRA1025,11/18/09,16:34:19,16:35:40,0:1:21,17,TEST_Test,
RFRA1025,11/18/09,16:38:39,16:39:00,0:0:21,2,FEN_Test,D:\Perso\Dev\HTPCUtils\Windev\MM\FEN_Test.wdw
RFRA1025,11/18/09,16:40:51,16:41:21,0:0:30,2,FEN_Test,D:\Perso\Dev\HTPCUtils\Windev\MM\FEN_Test.wdw
RFRA1025,11/18/09,16:42:16,16:42:56,0:0:40,2,FEN_Test,D:\Perso\Dev\HTPCUtils\Windev\MM\FEN_Test.wdw
RFRA1025,11/18/09,16:42:56,16:43:25,0:0:29,4097,MM,D:\Perso\Dev\HTPCUtils\Windev\MM\MM.WDP
RFRA1025,11/18/09,16:46:38,16:46:51,0:0:13,2,FEN_Test,D:\Perso\Dev\HTPCUtils\Windev\MM\FEN_Test.wdw
RFRA1025,11/18/09,16:53:30,16:54:10,0:0:40,2,FEN_Test,D:\Perso\Dev\HTPCUtils\Windev\MM\FEN_Test.wdw
RFRA1025,11/18/09,15:49:15,17:01:30,1:12:15,2,FEN_Test,D:\Perso\Dev\HTPCUtils\Windev\MM\FEN_Test.wdw
RFRA1025,11/18/09,16:54:10,17:01:30,0:7:20,2,FEN_ChercheSerie,D:\Perso\Dev\HTPCUtils\Windev\MM\FEN_ChercheSerie.wdw
RFRA1025,11/18/09,16:54:42,17:01:30,0:6:48,2,FEN_Main,D:\Perso\Dev\HTPCUtils\Windev\MM\FEN_Main.wdw
RFRA1025,11/18/09,16:31:58,17:01:30,0:29:32,7,Procedures globales de MM,D:\Perso\Dev\HTPCUtils\Windev\MM\Procedures globales de MM.wdg
RFRA1025,11/18/09,15:47:39,17:01:30,1:13:51,4,Tvdb_Banner,D:\Perso\Dev\HTPCUtils\Windev\MM\Tvdb_Banner.wdc
RFRA1025,11/18/09,15:46:35,17:01:30,1:14:55,4,Tvdb_API,D:\Perso\Dev\HTPCUtils\Windev\MM\TvdbAPI.wdc
RFRA1025,11/18/09,17:24:11,17:25:13,0:1:2,2,FEN_ChercheSerie,D:\Perso\Dev\HTPCUtils\Windev\MM\FEN_ChercheSerie.wdw
RFRA1025,11/18/09,17:25:19,17:27:09,0:1:50,2,FEN_Test,D:\Perso\Dev\HTPCUtils\Windev\MM\FEN_Test.wdw
RFRA1025,11/18/09,17:31:54,17:33:08,0:1:14,2,FEN_Test,D:\Perso\Dev\HTPCUtils\Windev\MM\FEN_Test.wdw
RFRA1025,11/18/09,17:34:02,17:35:07,0:1:5,2,FEN_Test,D:\Perso\Dev\HTPCUtils\Windev\MM\FEN_Test.wdw
RFRA1025,11/18/09,17:43:32,17:45:16,0:1:44,17,TEST_Test,
RFRA1025,11/18/09,17:43:21,17:45:37,0:2:16,2,FEN_Test,D:\Perso\Dev\HTPCUtils\Windev\MM\FEN_Test.wdw
RFRA1025,11/18/09,17:54:16,17:54:38,0:0:22,4097,MM,D:\Perso\Dev\HTPCUtils\Windev\MM\MM.WDP
RFRA1025,11/18/09,18:10:09,18:10:53,0:0:44,2,FEN_Test,D:\Perso\Dev\HTPCUtils\Windev\MM\FEN_Test.wdw
RFRA1025,11/18/09,18:17:39,18:18:24,0:0:45,2,FEN_Test,D:\Perso\Dev\HTPCUtils\Windev\MM\FEN_Test.wdw
RFRA1025,11/18/09,18:21:57,18:26:15,0:4:18,2,FEN_Test,D:\Perso\Dev\HTPCUtils\Windev\MM\FEN_Test.wdw
RFRA1025,11/18/09,18:30:43,18:31:09,0:0:26,2,FEN_Test,D:\Perso\Dev\HTPCUtils\Windev\MM\FEN_Test.wdw
RFRA1025,11/18/09,17:01:42,18:35:21,1:33:39,2,FEN_Main,D:\Perso\Dev\HTPCUtils\Windev\MM\FEN_Main.wdw
RFRA1025,11/18/09,18:35:24,18:37:33,0:2:9,2,FEN_Test,D:\Perso\Dev\HTPCUtils\Windev\MM\FEN_Test.wdw
RFRA1025,11/18/09,18:38:14,18:38:32,0:0:18,2,FEN_Test,D:\Perso\Dev\HTPCUtils\Windev\MM\FEN_Test.wdw
RFRA1025,11/18/09,18:39:14,18:39:27,0:0:13,2,FEN_Test,D:\Perso\Dev\HTPCUtils\Windev\MM\FEN_Test.wdw
RFRA1025,11/18/09,18:39:39,18:41:11,0:1:32,2,FEN_Test,D:\Perso\Dev\HTPCUtils\Windev\MM\FEN_Test.wdw
RFRA1025,11/18/09,18:42:06,18:45:38,0:3:32,2,FEN_Test,D:\Perso\Dev\HTPCUtils\Windev\MM\FEN_Test.wdw
RFRA1025,11/18/09,18:49:32,18:49:48,0:0:16,2,FEN_ChercheSerie,D:\Perso\Dev\HTPCUtils\Windev\MM\FEN_ChercheSerie.wdw
RFRA1025,11/18/09,19:01:03,19:03:57,0:2:54,17,TEST_Test,
RFRA1025,11/18/09,19:01:02,19:04:43,0:3:41,2,FEN_Test,D:\Perso\Dev\HTPCUtils\Windev\MM\FEN_Test.wdw
RFRA1025,11/18/09,19:04:43,19:05:19,0:0:36,2,FEN_Test,D:\Perso\Dev\HTPCUtils\Windev\MM\FEN_Test.wdw
RFRA1025,11/18/09,17:01:42,19:06:58,2:5:16,2,FEN_ChercheSerie,D:\Perso\Dev\HTPCUtils\Windev\MM\FEN_ChercheSerie.wdw
RFRA1025,11/18/09,17:01:42,19:06:58,2:5:16,2,FEN_Test,D:\Perso\Dev\HTPCUtils\Windev\MM\FEN_Test.wdw
RFRA1025,11/18/09,17:01:41,19:06:58,2:5:17,7,Procedures globales de MM,D:\Perso\Dev\HTPCUtils\Windev\MM\Procedures globales de MM.wdg
RFRA1025,11/18/09,17:01:42,19:06:58,2:5:16,4,Tvdb_API,D:\Perso\Dev\HTPCUtils\Windev\MM\TvdbAPI.wdc
RFRA1025,11/18/09,17:01:42,19:06:58,2:5:16,4,Tvdb_Banner,D:\Perso\Dev\HTPCUtils\Windev\MM\Tvdb_Banner.wdc
RFRA1025,11/19/09,08:44:52,08:46:29,0:1:37,7,Procedures globales de MM,D:\Perso\Dev\HTPCUtils\Windev\MM\Procedures globales de MM.wdg
RFRA1025,11/19/09,09:03:46,09:09:43,0:5:57,7,Procedures globales de MM,D:\Perso\Dev\HTPCUtils\Windev\MM\Procedures globales de MM.wdg
RFRA1025,11/19/09,09:03:54,09:09:43,0:5:49,4097,MM,D:\Perso\Dev\HTPCUtils\Windev\MM\MM.WDP
RFRA1025,11/19/09,11:56:16,11:57:55,0:1:39,4097,MM,D:\Perso\Dev\HTPCUtils\Windev\MM\MM.WDP
RFRA1025,11/19/09,12:05:14,12:05:29,0:0:15,2,FEN_Test,D:\Perso\Dev\HTPCUtils\Windev\MM\FEN_Test.wdw
RFRA1025,11/19/09,12:06:10,12:09:04,0:2:54,17,TEST_Test,
RFRA1025,11/19/09,12:02:20,12:39:14,0:36:54,2,FEN_Test,D:\Perso\Dev\HTPCUtils\Windev\MM\FEN_Test.wdw
RFRA1025,11/19/09,11:56:11,12:39:15,0:43:4,7,Procedures globales de MM,D:\Perso\Dev\HTPCUtils\Windev\MM\Procedures globales de MM.wdg
RFRA1025,11/19/09,12:10:45,12:39:15,0:28:30,7,Database,D:\Perso\Dev\HTPCUtils\Windev\MM\Database.wdg
RFRA1025,11/19/09,11:58:53,12:39:15,0:40:22,4,Tvdb_Banner,D:\Perso\Dev\HTPCUtils\Windev\MM\Tvdb_Banner.wdc
RFRA1025,11/19/09,14:48:51,14:49:54,0:1:3,17,TEST_Test,
RFRA1025,11/19/09,14:55:26,14:57:10,0:1:44,17,TEST_Test,
RFRA1025,11/19/09,15:03:12,15:04:57,0:1:45,2,FEN_Test,D:\Perso\Dev\HTPCUtils\Windev\MM\FEN_Test.wdw
RFRA1025,11/19/09,15:06:21,15:06:59,0:0:38,2,FEN_Test,D:\Perso\Dev\HTPCUtils\Windev\MM\FEN_Test.wdw
RFRA1025,11/19/09,15:07:27,15:07:55,0:0:28,17,TEST_Test,D:\Perso\Dev\HTPCUtils\Windev\MM\TEST_Test.wxt
RFRA1025,11/19/09,15:08:40,15:10:36,0:1:56,17,TEST_Test,D:\Perso\Dev\HTPCUtils\Windev\MM\TEST_Test.wxt
RFRA1025,11/19/09,15:18:12,15:22:57,0:4:45,17,TEST_Test,D:\Perso\Dev\HTPCUtils\Windev\MM\TEST_Test.wxt
RFRA1025,11/19/09,15:24:01,15:27:14,0:3:13,17,TEST_Test,D:\Perso\Dev\HTPCUtils\Windev\MM\TEST_Test.wxt
RFRA1025,11/19/09,15:34:48,15:35:12,0:0:24,17,TEST_Test,D:\Perso\Dev\HTPCUtils\Windev\MM\TEST_Test.wxt
RFRA1025,11/19/09,15:35:22,15:35:32,0:0:10,17,TEST_Test,D:\Perso\Dev\HTPCUtils\Windev\MM\TEST_Test.wxt
RFRA1025,11/19/09,15:36:25,15:45:15,0:8:50,17,TEST_Test,D:\Perso\Dev\HTPCUtils\Windev\MM\TEST_Test.wxt
RFRA1025,11/19/09,15:46:32,15:47:01,0:0:29,17,TEST_Test,D:\Perso\Dev\HTPCUtils\Windev\MM\TEST_Test.wxt
RFRA1025,11/19/09,15:47:39,15:47:53,0:0:14,17,TEST_Test,D:\Perso\Dev\HTPCUtils\Windev\MM\TEST_Test.wxt
RFRA1025,11/19/09,15:47:56,15:50:06,0:2:10,17,TEST_Test,D:\Perso\Dev\HTPCUtils\Windev\MM\TEST_Test.wxt
RFRA1025,11/19/09,15:06:55,15:50:06,0:43:11,17,TEST_Test,D:\Perso\Dev\HTPCUtils\Windev\MM\TEST_Test.wxt
RFRA1025,11/19/09,15:50:51,15:51:11,0:0:20,2,FEN_Debug,
RFRA1025,11/19/09,15:52:24,15:53:32,0:1:8,17,TEST_Test,D:\Perso\Dev\HTPCUtils\Windev\MM\TEST_Test.wxt
RFRA1025,11/19/09,15:55:49,15:56:59,0:1:10,2,FEN_Test,D:\Perso\Dev\HTPCUtils\Windev\MM\FEN_Test.wdw
RFRA1025,11/19/09,15:58:46,15:59:03,0:0:17,2,FEN_Test,D:\Perso\Dev\HTPCUtils\Windev\MM\FEN_Test.wdw
RFRA1025,11/19/09,15:59:03,15:59:19,0:0:16,2,FEN_ChercheSerie,D:\Perso\Dev\HTPCUtils\Windev\MM\FEN_ChercheSerie.wdw
RFRA1025,11/19/09,16:11:37,16:13:17,0:1:40,17,TEST_ChercheSerie,
RFRA1025,11/19/09,16:11:02,16:13:31,0:2:29,2,FEN_ChercheSerie,D:\Perso\Dev\HTPCUtils\Windev\MM\FEN_ChercheSerie.wdw
RFRA1025,11/19/09,16:16:50,16:17:33,0:0:43,2,FEN_Test,D:\Perso\Dev\HTPCUtils\Windev\MM\FEN_Test.wdw
RFRA1025,11/19/09,16:20:08,16:20:28,0:0:20,2,FEN_Test,D:\Perso\Dev\HTPCUtils\Windev\MM\FEN_Test.wdw
RFRA1025,11/19/09,16:22:30,16:23:31,0:1:1,2,FEN_Test,D:\Perso\Dev\HTPCUtils\Windev\MM\FEN_Test.wdw
RFRA1025,11/19/09,16:24:00,16:26:36,0:2:36,17,TEST_Test,D:\Perso\Dev\HTPCUtils\Windev\MM\TEST_Test.wxt
RFRA1025,11/19/09,16:26:50,16:31:34,0:4:44,2,FEN_Test,D:\Perso\Dev\HTPCUtils\Windev\MM\FEN_Test.wdw
RFRA1025,11/19/09,14:37:49,16:38:43,2:0:54,2,FEN_Test,D:\Perso\Dev\HTPCUtils\Windev\MM\FEN_Test.wdw
RFRA1025,11/19/09,15:46:14,16:38:43,0:52:29,4,Tvdb_API,D:\Perso\Dev\HTPCUtils\Windev\MM\TvdbAPI.wdc
RFRA1025,11/19/09,15:50:51,16:38:43,0:47:52,2,FEN_Debug,D:\Perso\Dev\HTPCUtils\Windev\MM\FEN_Debug.wdw
RFRA1025,11/19/09,15:59:03,16:38:43,0:39:40,2,FEN_ChercheSerie,D:\Perso\Dev\HTPCUtils\Windev\MM\FEN_ChercheSerie.wdw
RFRA1025,11/19/09,14:37:48,16:38:43,2:0:55,7,Database,D:\Perso\Dev\HTPCUtils\Windev\MM\Database.wdg
RFRA1025,11/19/09,14:37:49,16:38:43,2:0:54,4,Tvdb_Banner,D:\Perso\Dev\HTPCUtils\Windev\MM\Tvdb_Banner.wdc
RFRA1025,11/19/09,16:38:44,16:38:56,0:0:12,2,FEN_Test,D:\Perso\Dev\HTPCUtils\Windev\MM\FEN_Test.wdw
RFRA1025,11/19/09,16:39:24,16:39:52,0:0:28,2,FEN_Test,D:\Perso\Dev\HTPCUtils\Windev\MM\FEN_Test.wdw
RFRA1025,11/19/09,16:44:54,16:46:38,0:1:44,2,FEN_Test,D:\Perso\Dev\HTPCUtils\Windev\MM\FEN_Test.wdw
RFRA1025,11/19/09,16:46:44,16:47:00,0:0:16,2,FEN_Test,D:\Perso\Dev\HTPCUtils\Windev\MM\FEN_Test.wdw
RFRA1025,11/19/09,16:49:11,16:50:11,0:1:0,17,TEST_Test,D:\Perso\Dev\HTPCUtils\Windev\MM\TEST_Test.wxt
RFRA1025,11/19/09,16:51:10,16:51:40,0:0:30,2,FEN_ZoomImage1,D:\Perso\Dev\HTPCUtils\Windev\MM\FEN_ZoomImage.wdw
RFRA1025,11/19/09,16:51:42,16:53:51,0:2:9,2,FEN_ZoomImage,D:\Perso\Dev\HTPCUtils\Windev\MM\FEN_ZoomImage.wdw
RFRA1025,11/19/09,16:56:15,16:56:28,0:0:13,2,FEN_ZoomImage,D:\Perso\Dev\HTPCUtils\Windev\MM\FEN_ZoomImage.wdw
RFRA1025,11/19/09,16:56:28,16:56:49,0:0:21,2,FEN_Test,D:\Perso\Dev\HTPCUtils\Windev\MM\FEN_Test.wdw
RFRA1025,11/19/09,16:57:34,16:58:50,0:1:16,17,TEST_Test,D:\Perso\Dev\HTPCUtils\Windev\MM\TEST_Test.wxt
RFRA1025,11/19/09,16:58:55,16:59:05,0:0:10,2,FEN_ZoomImage,D:\Perso\Dev\HTPCUtils\Windev\MM\FEN_ZoomImage.wdw
RFRA1025,11/19/09,16:59:05,16:59:19,0:0:14,2,FEN_Test,D:\Perso\Dev\HTPCUtils\Windev\MM\FEN_Test.wdw
RFRA1025,11/19/09,16:59:49,17:01:06,0:1:17,2,FEN_Test,D:\Perso\Dev\HTPCUtils\Windev\MM\FEN_Test.wdw
RFRA1025,11/19/09,17:01:15,17:02:03,0:0:48,2,FEN_Test,D:\Perso\Dev\HTPCUtils\Windev\MM\FEN_Test.wdw
RFRA1025,11/19/09,17:05:50,17:07:38,0:1:48,17,TEST_Test,D:\Perso\Dev\HTPCUtils\Windev\MM\TEST_Test.wxt
RFRA1025,11/19/09,17:08:09,17:09:06,0:0:57,2,FEN_Test,D:\Perso\Dev\HTPCUtils\Windev\MM\FEN_Test.wdw
RFRA1025,11/19/09,17:09:06,17:09:20,0:0:14,2,FEN_ZoomImage,D:\Perso\Dev\HTPCUtils\Windev\MM\FEN_ZoomImage.wdw
RFRA1025,11/19/09,17:10:15,17:10:54,0:0:39,2,FEN_Test,D:\Perso\Dev\HTPCUtils\Windev\MM\FEN_Test.wdw
RFRA1025,11/19/09,17:11:50,17:12:15,0:0:25,2,FEN_Test,D:\Perso\Dev\HTPCUtils\Windev\MM\FEN_Test.wdw
RFRA1025,11/19/09,17:12:15,17:12:34,0:0:19,2,FEN_ZoomImage,D:\Perso\Dev\HTPCUtils\Windev\MM\FEN_ZoomImage.wdw
RFRA1025,11/19/09,17:12:47,17:13:47,0:1:0,2,FEN_Test,D:\Perso\Dev\HTPCUtils\Windev\MM\FEN_Test.wdw
RFRA1025,11/19/09,17:13:47,17:14:00,0:0:13,2,FEN_ZoomImage,D:\Perso\Dev\HTPCUtils\Windev\MM\FEN_ZoomImage.wdw
RFRA1025,11/19/09,17:14:47,17:16:07,0:1:20,2,FEN_Test,D:\Perso\Dev\HTPCUtils\Windev\MM\FEN_Test.wdw
RFRA1025,11/19/09,17:14:48,17:16:14,0:1:26,17,TEST_Test,D:\Perso\Dev\HTPCUtils\Windev\MM\TEST_Test.wxt
RFRA1025,11/19/09,17:16:18,17:16:45,0:0:27,2,FEN_Test,D:\Perso\Dev\HTPCUtils\Windev\MM\FEN_Test.wdw
RFRA1025,11/19/09,17:16:45,17:17:11,0:0:26,2,FEN_ZoomImage,D:\Perso\Dev\HTPCUtils\Windev\MM\FEN_ZoomImage.wdw
RFRA1025,11/19/09,17:17:11,17:17:32,0:0:21,2,FEN_Test,D:\Perso\Dev\HTPCUtils\Windev\MM\FEN_Test.wdw
RFRA1025,11/19/09,17:17:12,17:18:43,0:1:31,17,TEST_Test,D:\Perso\Dev\HTPCUtils\Windev\MM\TEST_Test.wxt
RFRA1025,11/19/09,17:18:58,17:19:48,0:0:50,2,FEN_Test,D:\Perso\Dev\HTPCUtils\Windev\MM\FEN_Test.wdw
RFRA1025,11/19/09,17:20:00,17:20:29,0:0:29,2,FEN_Test,D:\Perso\Dev\HTPCUtils\Windev\MM\FEN_Test.wdw
RFRA1025,11/19/09,17:21:15,17:21:55,0:0:40,2,FEN_Test,D:\Perso\Dev\HTPCUtils\Windev\MM\FEN_Test.wdw
RFRA1025,11/19/09,17:22:13,17:23:06,0:0:53,2,FEN_Test,D:\Perso\Dev\HTPCUtils\Windev\MM\FEN_Test.wdw
RFRA1025,11/19/09,17:23:19,17:23:46,0:0:27,2,FEN_ZoomImage,D:\Perso\Dev\HTPCUtils\Windev\MM\FEN_ZoomImage.wdw
RFRA1025,11/19/09,17:23:46,17:24:43,0:0:57,2,FEN_Test,D:\Perso\Dev\HTPCUtils\Windev\MM\FEN_Test.wdw
RFRA1025,11/19/09,17:24:43,17:24:58,0:0:15,2,FEN_ZoomImage,D:\Perso\Dev\HTPCUtils\Windev\MM\FEN_ZoomImage.wdw
RFRA1025,11/19/09,17:25:08,17:25:18,0:0:10,2,FEN_Test,D:\Perso\Dev\HTPCUtils\Windev\MM\FEN_Test.wdw
RFRA1025,11/19/09,17:25:56,17:26:59,0:1:3,2,FEN_Test,D:\Perso\Dev\HTPCUtils\Windev\MM\FEN_Test.wdw
RFRA1025,11/19/09,17:26:59,17:27:20,0:0:21,2,FEN_ZoomImage,D:\Perso\Dev\HTPCUtils\Windev\MM\FEN_ZoomImage.wdw
RFRA1025,11/19/09,17:27:25,17:27:41,0:0:16,2,FEN_Test,D:\Perso\Dev\HTPCUtils\Windev\MM\FEN_Test.wdw
RFRA1025,11/19/09,17:28:08,17:29:48,0:1:40,2,FEN_ZoomImage,D:\Perso\Dev\HTPCUtils\Windev\MM\FEN_ZoomImage.wdw
RFRA1025,11/19/09,17:29:48,17:34:55,0:5:7,2,FEN_Test,D:\Perso\Dev\HTPCUtils\Windev\MM\FEN_Test.wdw
RFRA1025,11/19/09,17:34:55,17:36:04,0:1:9,2,FEN_ZoomImage,D:\Perso\Dev\HTPCUtils\Windev\MM\FEN_ZoomImage.wdw
RFRA1025,11/19/09,17:38:48,17:39:03,0:0:15,2,FEN_ZoomImage,D:\Perso\Dev\HTPCUtils\Windev\MM\FEN_ZoomImage.wdw
RFRA1025,11/19/09,17:39:03,17:40:05,0:1:2,2,FEN_Test,D:\Perso\Dev\HTPCUtils\Windev\MM\FEN_Test.wdw
RFRA1025,11/19/09,17:41:53,17:42:03,0:0:10,2,FEN_ZoomImage,D:\Perso\Dev\HTPCUtils\Windev\MM\FEN_ZoomImage.wdw
RFRA1025,11/19/09,17:42:51,17:43:46,0:0:55,2,FEN_ZoomImage,D:\Perso\Dev\HTPCUtils\Windev\MM\FEN_ZoomImage.wdw
RFRA1025,11/19/09,17:44:40,17:45:44,0:1:4,2,FEN_ZoomImage,D:\Perso\Dev\HTPCUtils\Windev\MM\FEN_ZoomImage.wdw
RFRA1025,11/19/09,17:49:29,18:43:59,0:54:30,2,FEN_ZoomImage,D:\Perso\Dev\HTPCUtils\Windev\MM\FEN_ZoomImage.wdw
RFRA1025,11/19/09,16:51:42,18:43:59,1:52:17,2,FEN_ZoomImage,D:\Perso\Dev\HTPCUtils\Windev\MM\FEN_ZoomImage.wdw
RFRA1025,11/19/09,16:59:18,18:44:00,1:44:42,4,Tvdb_Banner,D:\Perso\Dev\HTPCUtils\Windev\MM\Tvdb_Banner.wdc
RFRA1025,11/19/09,16:38:44,18:44:00,2:5:16,2,FEN_Test,D:\Perso\Dev\HTPCUtils\Windev\MM\FEN_Test.wdw
RFRA1025,11/19/09,17:47:29,18:44:00,0:56:31,7,Database,D:\Perso\Dev\HTPCUtils\Windev\MM\Database.wdg
RFRA1025,11/20/09,09:00:26,09:02:33,0:2:7,4097,MM,D:\Perso\Dev\HTPCUtils\Windev\MM\MM.WDP
RFRA1025,11/20/09,09:02:34,09:07:41,0:5:7,2,FEN_ZoomImage,D:\Perso\Dev\HTPCUtils\Windev\MM\FEN_ZoomImage.wdw
RFRA1025,11/20/09,09:10:27,09:11:35,0:1:8,2,FEN_ZoomImage,D:\Perso\Dev\HTPCUtils\Windev\MM\FEN_ZoomImage.wdw
RFRA1025,11/20/09,09:12:05,09:12:33,0:0:28,2,FEN_Test,D:\Perso\Dev\HTPCUtils\Windev\MM\FEN_Test.wdw
RFRA1025,11/20/09,09:12:33,09:13:08,0:0:35,2,FEN_ZoomImage,D:\Perso\Dev\HTPCUtils\Windev\MM\FEN_ZoomImage.wdw
RFRA1025,11/20/09,09:13:45,09:14:32,0:0:47,2,FEN_ZoomImage,D:\Perso\Dev\HTPCUtils\Windev\MM\FEN_ZoomImage.wdw
RFRA1025,11/20/09,09:15:42,09:16:55,0:1:13,2,FEN_ZoomImage,D:\Perso\Dev\HTPCUtils\Windev\MM\FEN_ZoomImage.wdw
RFRA1025,11/20/09,09:18:24,09:19:14,0:0:50,2,FEN_Test,D:\Perso\Dev\HTPCUtils\Windev\MM\FEN_Test.wdw
RFRA1025,11/20/09,09:20:34,09:21:50,0:1:16,17,TEST_ZoomImage,
RFRA1025,11/20/09,09:22:02,09:22:15,0:0:13,2,FEN_Test,D:\Perso\Dev\HTPCUtils\Windev\MM\FEN_Test.wdw
RFRA1025,11/20/09,09:22:16,09:26:39,0:4:23,2,FEN_ZoomImage,D:\Perso\Dev\HTPCUtils\Windev\MM\FEN_ZoomImage.wdw
RFRA1025,11/20/09,09:26:39,09:29:19,0:2:40,2,FEN_ZoomImage,D:\Perso\Dev\HTPCUtils\Windev\MM\FEN_ZoomImage.wdw
RFRA1025,11/20/09,09:32:26,09:33:07,0:0:41,2,FEN_ZoomImage,D:\Perso\Dev\HTPCUtils\Windev\MM\FEN_ZoomImage.wdw
RFRA1025,11/20/09,09:33:07,09:36:34,0:3:27,2,FEN_Test,D:\Perso\Dev\HTPCUtils\Windev\MM\FEN_Test.wdw
RFRA1025,11/20/09,09:37:29,09:38:18,0:0:49,2,FEN_ZoomImage,D:\Perso\Dev\HTPCUtils\Windev\MM\FEN_ZoomImage.wdw
RFRA1025,11/20/09,09:38:59,09:39:37,0:0:38,2,FEN_Test,D:\Perso\Dev\HTPCUtils\Windev\MM\FEN_Test.wdw
RFRA1025,11/20/09,09:39:37,09:40:28,0:0:51,2,FEN_ZoomImage,D:\Perso\Dev\HTPCUtils\Windev\MM\FEN_ZoomImage.wdw
RFRA1025,11/20/09,09:40:28,09:40:53,0:0:25,2,FEN_Test,D:\Perso\Dev\HTPCUtils\Windev\MM\FEN_Test.wdw
RFRA1025,11/20/09,09:41:30,09:45:13,0:3:43,17,TEST_Test,D:\Perso\Dev\HTPCUtils\Windev\MM\TEST_Test.wxt
RFRA1025,11/20/09,09:46:01,09:46:28,0:0:27,2,FEN_ZoomImage,D:\Perso\Dev\HTPCUtils\Windev\MM\FEN_ZoomImage.wdw
RFRA1025,11/20/09,09:46:53,09:47:04,0:0:11,2,FEN_ZoomImage,D:\Perso\Dev\HTPCUtils\Windev\MM\FEN_ZoomImage.wdw
RFRA1025,11/20/09,10:06:19,10:06:29,0:0:10,2,FEN_ZoomImage,D:\Perso\Dev\HTPCUtils\Windev\MM\FEN_ZoomImage.wdw
RFRA1025,11/20/09,10:11:05,10:11:15,0:0:10,2,FEN_ZoomImage,D:\Perso\Dev\HTPCUtils\Windev\MM\FEN_ZoomImage.wdw
RFRA1025,11/20/09,10:19:17,10:19:29,0:0:12,2,FEN_ZoomImage,D:\Perso\Dev\HTPCUtils\Windev\MM\FEN_ZoomImage.wdw
RFRA1025,11/20/09,10:19:38,10:23:06,0:3:28,2,FEN_ZoomImage,D:\Perso\Dev\HTPCUtils\Windev\MM\FEN_ZoomImage.wdw
RFRA1025,11/20/09,10:23:06,10:23:29,0:0:23,2,FEN_Test,D:\Perso\Dev\HTPCUtils\Windev\MM\FEN_Test.wdw
RFRA1025,11/20/09,10:28:15,10:28:56,0:0:41,2,FEN_Test,D:\Perso\Dev\HTPCUtils\Windev\MM\FEN_Test.wdw
RFRA1025,11/20/09,10:28:56,10:29:52,0:0:56,2,FEN_ZoomImage,D:\Perso\Dev\HTPCUtils\Windev\MM\FEN_ZoomImage.wdw
RFRA1025,11/20/09,10:30:29,10:32:06,0:1:37,2,FEN_Test,D:\Perso\Dev\HTPCUtils\Windev\MM\FEN_Test.wdw
RFRA1025,11/20/09,10:35:55,10:36:08,0:0:13,2,FEN_ZoomImage,D:\Perso\Dev\HTPCUtils\Windev\MM\FEN_ZoomImage.wdw
RFRA1025,11/20/09,10:37:59,10:38:34,0:0:35,2,FEN_Test,D:\Perso\Dev\HTPCUtils\Windev\MM\FEN_Test.wdw
RFRA1025,11/20/09,10:39:46,10:40:53,0:1:7,17,TEST_Test,D:\Perso\Dev\HTPCUtils\Windev\MM\TEST_Test.wxt
RFRA1025,11/20/09,10:39:45,10:41:26,0:1:41,2,FEN_Test,D:\Perso\Dev\HTPCUtils\Windev\MM\FEN_Test.wdw
RFRA1025,11/20/09,10:42:34,10:44:08,0:1:34,17,TEST_Test,D:\Perso\Dev\HTPCUtils\Windev\MM\TEST_Test.wxt
RFRA1025,11/20/09,10:41:51,10:44:15,0:2:24,2,FEN_Test,D:\Perso\Dev\HTPCUtils\Windev\MM\FEN_Test.wdw
RFRA1025,11/20/09,10:44:15,10:45:04,0:0:49,2,FEN_ZoomImage,D:\Perso\Dev\HTPCUtils\Windev\MM\FEN_ZoomImage.wdw
RFRA1025,11/20/09,10:45:04,10:45:51,0:0:47,2,FEN_Test,D:\Perso\Dev\HTPCUtils\Windev\MM\FEN_Test.wdw
RFRA1025,11/20/09,10:45:51,10:46:02,0:0:11,2,FEN_ZoomImage,D:\Perso\Dev\HTPCUtils\Windev\MM\FEN_ZoomImage.wdw
RFRA1025,11/20/09,10:46:02,10:48:44,0:2:42,2,FEN_Test,D:\Perso\Dev\HTPCUtils\Windev\MM\FEN_Test.wdw
RFRA1025,11/20/09,10:49:34,10:50:16,0:0:42,2,FEN_Test,D:\Perso\Dev\HTPCUtils\Windev\MM\FEN_Test.wdw
RFRA1025,11/20/09,10:53:55,10:56:15,0:2:20,17,TEST_Test,D:\Perso\Dev\HTPCUtils\Windev\MM\TEST_Test.wxt
RFRA1025,11/20/09,10:52:50,11:12:29,0:19:39,2,FEN_Test,D:\Perso\Dev\HTPCUtils\Windev\MM\FEN_Test.wdw
RFRA1025,11/20/09,11:40:58,11:41:10,0:0:12,2,FEN_ChercheSerie,D:\Perso\Dev\HTPCUtils\Windev\MM\FEN_ChercheSerie.wdw
RFRA1025,11/20/09,11:41:10,11:41:25,0:0:15,2,FEN_UpdateSerie,
RFRA1025,11/20/09,11:43:15,11:44:04,0:0:49,2,FEN_UpdateSerie,D:\Perso\Dev\HTPCUtils\Windev\MM\FEN_UpdateSerie.wdw
RFRA1025,11/20/09,11:47:53,11:49:14,0:1:21,2,FEN_UpdateSerie,D:\Perso\Dev\HTPCUtils\Windev\MM\FEN_UpdateSerie.wdw
RFRA1025,11/20/09,11:52:41,11:57:01,0:4:20,17,TEST_UpdateSerie,
RFRA1025,11/20/09,12:00:03,12:01:05,0:1:2,2,FEN_UpdateSerie,D:\Perso\Dev\HTPCUtils\Windev\MM\FEN_UpdateSerie.wdw
RFRA1025,11/20/09,12:01:55,12:02:15,0:0:20,2,FEN_UpdateSerie,D:\Perso\Dev\HTPCUtils\Windev\MM\FEN_UpdateSerie.wdw
RFRA1025,11/20/09,12:03:13,12:05:34,0:2:21,2,FEN_UpdateSerie,D:\Perso\Dev\HTPCUtils\Windev\MM\FEN_UpdateSerie.wdw
RFRA1025,11/20/09,12:03:14,12:06:23,0:3:9,17,TEST_UpdateSerie,
RFRA1025,11/20/09,12:06:57,12:07:26,0:0:29,4097,MM,D:\Perso\Dev\HTPCUtils\Windev\MM\MM.WDP
RFRA1025,11/20/09,12:10:04,12:10:15,0:0:11,2,FEN_UpdateSerie,D:\Perso\Dev\HTPCUtils\Windev\MM\FEN_UpdateSerie.wdw
RFRA1025,11/20/09,12:10:46,12:11:46,0:1:0,17,TEST_UpdateSerie,
RFRA1025,11/20/09,12:15:21,12:16:42,0:1:21,17,TEST_UpdateSerie,
RFRA1025,11/20/09,12:15:20,12:16:58,0:1:38,2,FEN_UpdateSerie,D:\Perso\Dev\HTPCUtils\Windev\MM\FEN_UpdateSerie.wdw
RFRA1025,11/20/09,12:17:00,12:18:00,0:1:0,17,TEST_Test,D:\Perso\Dev\HTPCUtils\Windev\MM\TEST_Test.wxt
RFRA1025,11/20/09,12:16:58,12:18:07,0:1:9,2,FEN_Test,D:\Perso\Dev\HTPCUtils\Windev\MM\FEN_Test.wdw
RFRA1025,11/20/09,12:15:14,12:18:07,0:2:53,2,FEN_Main,D:\Perso\Dev\HTPCUtils\Windev\MM\FEN_Main.wdw
RFRA1025,11/20/09,12:08:58,12:18:07,0:9:9,2,FEN_UpdateSerie,D:\Perso\Dev\HTPCUtils\Windev\MM\FEN_UpdateSerie.wdw
RFRA1025,11/20/09,12:09:15,12:18:07,0:8:52,2,FEN_Test,D:\Perso\Dev\HTPCUtils\Windev\MM\FEN_Test.wdw
RFRA1025,11/20/09,12:06:55,12:18:07,0:11:12,7,Database,D:\Perso\Dev\HTPCUtils\Windev\MM\Database.wdg
RFRA1025,11/20/09,12:07:26,12:18:07,0:10:41,4,Tvdb_Mirror,D:\Perso\Dev\HTPCUtils\Windev\MM\TVDB_Mirror.wdc
RFRA1025,11/20/09,12:07:26,12:18:07,0:10:41,4,Tvdb_Banner,D:\Perso\Dev\HTPCUtils\Windev\MM\Tvdb_Banner.wdc
RFRA1025,11/20/09,12:18:07,12:18:51,0:0:44,4097,MM,D:\Perso\Dev\HTPCUtils\Windev\MM\MM.WDP
DANONE-KID,11/20/09,13:14:33,13:14:49,0:0:16,4097,MM,C:\Users\Julien\Documents\Dev\HTPCUtils\Windev\MM\MM.WDP
DANONE-KID,11/20/09,13:14:33,13:17:44,0:3:11,7,Database,C:\Users\Julien\Documents\Dev\HTPCUtils\Windev\MM\Database.wdg
DANONE-KID,11/20/09,13:14:49,13:17:45,0:2:56,2,FEN_ZoomImage,C:\Users\Julien\Documents\Dev\HTPCUtils\Windev\MM\FEN_ZoomImage.wdw
DANONE-KID,11/20/09,13:17:45,13:18:18,0:0:33,4097,MM,C:\Users\Julien\Documents\Dev\HTPCUtils\Windev\MM\MM.WDP
DANONE-KID,11/20/09,13:19:16,13:22:10,0:2:54,17,TEST_UpdateSerie,
DANONE-KID,11/20/09,13:24:51,13:25:36,0:0:45,2,FEN_Main,C:\Users\Julien\Documents\Dev\HTPCUtils\Windev\MM\FEN_Main.wdw
DANONE-KID,11/20/09,13:19:10,13:27:01,0:7:51,2,FEN_UpdateSerie,C:\Users\Julien\Documents\Dev\HTPCUtils\Windev\MM\FEN_UpdateSerie.wdw
DANONE-KID,11/20/09,13:24:51,13:27:01,0:2:10,2,FEN_Main,C:\Users\Julien\Documents\Dev\HTPCUtils\Windev\MM\FEN_Main.wdw
DANONE-KID,11/20/09,13:24:15,13:27:01,0:2:46,7,Database,C:\Users\Julien\Documents\Dev\HTPCUtils\Windev\MM\Database.wdg
DANONE-KID,11/20/09,13:49:25,13:51:25,0:2:0,2,FEN_Main,C:\Users\Julien\Documents\Dev\HTPCUtils\Windev\MM\FEN_Main.wdw
DANONE-KID,11/20/09,13:59:57,14:08:21,0:8:24,2,FEN_ExportFondEcran,C:\Users\Julien\Documents\Dev\HTPCUtils\Windev\MM\FEN_ExportFondEcran.wdw
DANONE-KID,11/20/09,14:09:45,14:10:02,0:0:17,2,FEN_ExportFondEcran,C:\Users\Julien\Documents\Dev\HTPCUtils\Windev\MM\FEN_ExportFondEcran.wdw
DANONE-KID,11/20/09,13:27:45,14:11:12,0:43:27,2,FEN_UpdateSerie,C:\Users\Julien\Documents\Dev\HTPCUtils\Windev\MM\FEN_UpdateSerie.wdw
DANONE-KID,11/20/09,13:54:14,14:11:12,0:16:58,2,FEN_ZoomImage,C:\Users\Julien\Documents\Dev\HTPCUtils\Windev\MM\FEN_ZoomImage.wdw
DANONE-KID,11/20/09,13:59:55,14:11:12,0:11:17,2,FEN_ExportFondEcran,C:\Users\Julien\Documents\Dev\HTPCUtils\Windev\MM\FEN_ExportFondEcran.wdw
DANONE-KID,11/20/09,13:27:45,14:11:12,0:43:27,2,FEN_Main,C:\Users\Julien\Documents\Dev\HTPCUtils\Windev\MM\FEN_Main.wdw
DANONE-KID,11/20/09,13:52:03,14:11:12,0:19:9,2,FEN_Test,C:\Users\Julien\Documents\Dev\HTPCUtils\Windev\MM\FEN_Test.wdw
DANONE-KID,11/20/09,13:27:44,14:11:12,0:43:28,7,Database,C:\Users\Julien\Documents\Dev\HTPCUtils\Windev\MM\Database.wdg
DANONE-KID,11/20/09,14:11:35,14:12:12,0:0:37,2,FEN_ExportFondEcran,C:\Users\Julien\Documents\Dev\HTPCUtils\Windev\MM\FEN_ExportFondEcran.wdw
DANONE-KID,11/20/09,14:13:19,14:13:46,0:0:27,2,FEN_ExportFondEcran,C:\Users\Julien\Documents\Dev\HTPCUtils\Windev\MM\FEN_ExportFondEcran.wdw
DANONE-KID,11/20/09,14:18:59,14:19:35,0:0:36,2,FEN_ExportFondEcran,C:\Users\Julien\Documents\Dev\HTPCUtils\Windev\MM\FEN_ExportFondEcran.wdw
DANONE-KID,11/20/09,14:22:46,14:23:08,0:0:22,2,FEN_ExportFondEcran,C:\Users\Julien\Documents\Dev\HTPCUtils\Windev\MM\FEN_ExportFondEcran.wdw
DANONE-KID,11/20/09,14:28:42,14:29:37,0:0:55,2,FEN_ExportFondEcran,C:\Users\Julien\Documents\Dev\HTPCUtils\Windev\MM\FEN_ExportFondEcran.wdw
DANONE-KID,11/20/09,14:40:44,14:41:51,0:1:7,2,FEN_ChercheSerie,C:\Users\Julien\Documents\Dev\HTPCUtils\Windev\MM\FEN_ChercheSerie.wdw
DANONE-KID,11/20/09,14:43:14,14:44:02,0:0:48,2,FEN_ChercheSerie,C:\Users\Julien\Documents\Dev\HTPCUtils\Windev\MM\FEN_ChercheSerie.wdw
DANONE-KID,11/20/09,14:45:01,14:46:06,0:1:5,17,TEST_ChercheSerie,
DANONE-KID,11/20/09,14:46:09,14:48:27,0:2:18,2,FEN_ChercheSerie,C:\Users\Julien\Documents\Dev\HTPCUtils\Windev\MM\FEN_ChercheSerie.wdw
DANONE-KID,11/20/09,14:54:05,14:56:46,0:2:41,2,FEN_ChercheSerie,C:\Users\Julien\Documents\Dev\HTPCUtils\Windev\MM\FEN_ChercheSerie.wdw
DANONE-KID,11/20/09,14:58:53,15:05:15,0:6:22,17,TEST_ChercheSerie,
DANONE-KID,11/20/09,15:09:51,15:43:52,0:34:1,17,TEST_ChercheSerie,
DANONE-KID,11/20/09,15:44:02,15:46:09,0:2:7,2,FEN_Main,C:\Users\Julien\Documents\Dev\HTPCUtils\Windev\MM\FEN_Main.wdw
DANONE-KID,11/20/09,15:48:14,15:48:27,0:0:13,2,FEN_UpdateSerie,C:\Users\Julien\Documents\Dev\HTPCUtils\Windev\MM\FEN_UpdateSerie.wdw
DANONE-KID,11/20/09,15:49:51,15:50:03,0:0:12,2,FEN_UpdateSerie,C:\Users\Julien\Documents\Dev\HTPCUtils\Windev\MM\FEN_UpdateSerie.wdw
DANONE-KID,11/20/09,15:50:03,15:50:54,0:0:51,2,FEN_Main,C:\Users\Julien\Documents\Dev\HTPCUtils\Windev\MM\FEN_Main.wdw
DANONE-KID,11/20/09,15:52:05,15:52:38,0:0:33,2,FEN_Main,C:\Users\Julien\Documents\Dev\HTPCUtils\Windev\MM\FEN_Main.wdw
DANONE-KID,11/20/09,15:53:01,15:54:20,0:1:19,2,FEN_UpdateSerie,C:\Users\Julien\Documents\Dev\HTPCUtils\Windev\MM\FEN_UpdateSerie.wdw
DANONE-KID,11/20/09,16:04:23,16:11:20,0:6:57,2,FEN_Main,C:\Users\Julien\Documents\Dev\HTPCUtils\Windev\MM\FEN_Main.wdw
DANONE-KID,11/20/09,16:14:28,16:19:21,0:4:53,17,TEST_Main,
DANONE-KID,11/20/09,16:34:32,16:35:15,0:0:43,2,FEN_Main,C:\Users\Julien\Documents\Dev\HTPCUtils\Windev\MM\FEN_Main.wdw
DANONE-KID,11/20/09,16:35:44,16:42:08,0:6:24,17,TEST_Main,
DANONE-KID,11/20/09,14:40:44,18:56:15,4:15:31,2,FEN_ChercheSerie,C:\Users\Julien\Documents\Dev\HTPCUtils\Windev\MM\FEN_ChercheSerie.wdw
DANONE-KID,11/20/09,14:11:14,18:56:15,4:45:1,2,FEN_ExportFondEcran,C:\Users\Julien\Documents\Dev\HTPCUtils\Windev\MM\FEN_ExportFondEcran.wdw
DANONE-KID,11/20/09,14:39:19,18:56:15,4:16:56,2,FEN_UpdateSerie,C:\Users\Julien\Documents\Dev\HTPCUtils\Windev\MM\FEN_UpdateSerie.wdw
DANONE-KID,11/20/09,15:44:01,18:56:15,3:12:14,2,FEN_Main,C:\Users\Julien\Documents\Dev\HTPCUtils\Windev\MM\FEN_Main.wdw
DANONE-KID,11/20/09,16:39:56,18:56:15,2:16:19,7,Procedures globales de MM,C:\Users\Julien\Documents\Dev\HTPCUtils\Windev\MM\Procedures globales de MM.wdg
DANONE-KID,11/20/09,14:32:03,18:56:15,4:24:12,7,Database,C:\Users\Julien\Documents\Dev\HTPCUtils\Windev\MM\Database.wdg
DANONE-KID,11/20/09,14:12:12,18:56:15,4:44:3,4,Settings,C:\Users\Julien\Documents\Dev\HTPCUtils\Windev\MM\Settings.wdc
DANONE-KID,11/20/09,17:10:41,18:56:15,1:45:34,4,Tvdb_Serie,C:\Users\Julien\Documents\Dev\HTPCUtils\Windev\MM\Tvdb_Serie.wdc
DANONE-KID,11/20/09,16:19:49,18:56:15,2:36:26,4,Tvdb_API,C:\Users\Julien\Documents\Dev\HTPCUtils\Windev\MM\TvdbAPI.wdc
DANONE-KID,11/20/09,18:59:08,18:59:21,0:0:13,2,FEN_Main,C:\Users\Julien\Documents\Dev\HTPCUtils\Windev\MM\FEN_Main.wdw
DANONE-KID,11/20/09,18:59:25,18:59:44,0:0:19,2,FEN_Main,C:\Users\Julien\Documents\Dev\HTPCUtils\Windev\MM\FEN_Main.wdw
DANONE-KID,11/20/09,18:56:40,10:13:24,15:16:44,2,FEN_ChercheSerie,C:\Users\Julien\Documents\Dev\HTPCUtils\Windev\MM\FEN_ChercheSerie.wdw
DANONE-KID,11/20/09,18:56:39,10:13:24,15:16:45,2,FEN_Main,C:\Users\Julien\Documents\Dev\HTPCUtils\Windev\MM\FEN_Main.wdw
DANONE-KID,11/20/09,18:56:39,10:13:24,15:16:45,4,Settings,C:\Users\Julien\Documents\Dev\HTPCUtils\Windev\MM\Settings.wdc
DANONE-KID,11/20/09,18:56:40,10:13:24,15:16:44,5,FEN_ExportFondEcran_1$Requête,(null)
DANONE-KID,11/20/09,18:56:39,10:13:24,15:16:45,2,FEN_ExportFondEcran,C:\Users\Julien\Documents\Dev\HTPCUtils\Windev\MM\FEN_ExportFondEcran.wdw
DANONE-KID,11/20/09,18:56:39,10:13:24,15:16:45,4,Tvdb_API,C:\Users\Julien\Documents\Dev\HTPCUtils\Windev\MM\TvdbAPI.wdc
DANONE-KID,11/20/09,18:56:39,10:13:24,15:16:45,2,FEN_UpdateSerie,C:\Users\Julien\Documents\Dev\HTPCUtils\Windev\MM\FEN_UpdateSerie.wdw
DANONE-KID,11/20/09,18:56:39,10:13:24,15:16:45,7,Procedures globales de MM,C:\Users\Julien\Documents\Dev\HTPCUtils\Windev\MM\Procedures globales de MM.wdg
DANONE-KID,11/20/09,18:56:40,10:13:24,15:16:44,4,Tvdb_Serie,C:\Users\Julien\Documents\Dev\HTPCUtils\Windev\MM\Tvdb_Serie.wdc
DANONE-KID,11/20/09,19:04:39,10:13:24,15:8:45,4,Tvdb_Banner,C:\Users\Julien\Documents\Dev\HTPCUtils\Windev\MM\Tvdb_Banner.wdc
DANONE-KID,11/20/09,18:56:37,10:13:24,15:16:47,7,Database,C:\Users\Julien\Documents\Dev\HTPCUtils\Windev\MM\Database.wdg
DANONE-KID,11/21/09,10:28:32,10:30:01,0:1:29,17,TEST_UpdateSerie,
DANONE-KID,11/21/09,10:30:02,10:31:04,0:1:2,17,TEST_UpdateSerie,
DANONE-KID,11/21/09,10:13:31,13:19:58,3:6:27,2,FEN_UpdateSerie,C:\Users\Julien\Documents\Dev\HTPCUtils\Windev\MM\FEN_UpdateSerie.wdw
DANONE-KID,11/21/09,10:27:09,13:19:58,2:52:49,4,Tvdb_API,C:\Users\Julien\Documents\Dev\HTPCUtils\Windev\MM\TvdbAPI.wdc
DANONE-KID,11/21/09,10:30:55,13:19:58,2:49:3,4,Tvdb_Banner,C:\Users\Julien\Documents\Dev\HTPCUtils\Windev\MM\Tvdb_Banner.wdc
DANONE-KID,11/22/09,11:17:58,11:18:14,0:0:16,2,FEN_UpdateSerie,C:\Users\Julien\Documents\Dev\HTPCUtils\Windev\MM\FEN_UpdateSerie.wdw
RFRA1025,11/23/09,08:11:24,08:15:12,0:3:48,4097,MM,D:\Perso\Dev\HTPCUtils\Windev\MM\MM.WDP
RFRA1025,11/23/09,08:15:11,09:07:19,0:52:8,2,FEN_UpdateSerie,D:\Perso\Dev\HTPCUtils\Windev\MM\FEN_UpdateSerie.wdw
RFRA1025,11/23/09,08:11:10,09:07:19,0:56:9,7,Database,D:\Perso\Dev\HTPCUtils\Windev\MM\Database.wdg
RFRA1025,11/23/09,08:19:25,09:07:19,0:47:54,4,Tvdb_Banner,D:\Perso\Dev\HTPCUtils\Windev\MM\Tvdb_Banner.wdc
RFRA1025,11/23/09,09:14:00,09:25:02,0:11:2,2,FEN_ExportFondEcran,D:\Perso\Dev\HTPCUtils\Windev\MM\FEN_ExportFondEcran.wdw
RFRA1025,11/23/09,09:14:00,09:44:04,0:30:4,5,FEN_ExportFondEcran_1$Requête,(null)
RFRA1025,11/23/09,09:14:00,09:44:04,0:30:4,2,FEN_ExportFondEcran,D:\Perso\Dev\HTPCUtils\Windev\MM\FEN_ExportFondEcran.wdw
RFRA1025,11/23/09,09:13:53,09:44:04,0:30:11,2,FEN_UpdateSerie,D:\Perso\Dev\HTPCUtils\Windev\MM\FEN_UpdateSerie.wdw
RFRA1025,11/23/09,09:13:53,09:44:04,0:30:11,4,Tvdb_Banner,D:\Perso\Dev\HTPCUtils\Windev\MM\Tvdb_Banner.wdc
RFRA1025,11/23/09,09:13:52,09:44:04,0:30:12,7,Database,D:\Perso\Dev\HTPCUtils\Windev\MM\Database.wdg
RFRA1025,11/23/09,09:25:02,09:44:04,0:19:2,4,Settings,D:\Perso\Dev\HTPCUtils\Windev\MM\Settings.wdc
RFRA1025,11/23/09,12:40:49,12:58:40,0:17:51,2,FEN_UpdateSerie,D:\Perso\Dev\HTPCUtils\Windev\MM\FEN_UpdateSerie.wdw
RFRA1025,11/23/09,12:40:49,12:58:40,0:17:51,4,Tvdb_Banner,D:\Perso\Dev\HTPCUtils\Windev\MM\Tvdb_Banner.wdc
RFRA1025,11/23/09,12:40:50,12:58:40,0:17:50,4,Settings,D:\Perso\Dev\HTPCUtils\Windev\MM\Settings.wdc
RFRA1025,11/23/09,12:40:50,12:58:40,0:17:50,5,FEN_ExportFondEcran_1$Requête,(null)
RFRA1025,11/23/09,12:40:50,12:58:40,0:17:50,2,FEN_ExportFondEcran,D:\Perso\Dev\HTPCUtils\Windev\MM\FEN_ExportFondEcran.wdw
RFRA1025,11/23/09,12:40:48,12:58:40,0:17:52,7,Database,D:\Perso\Dev\HTPCUtils\Windev\MM\Database.wdg
RFRA1025,11/23/09,13:14:07,13:21:06,0:6:59,2,FEN_UpdateSerie,D:\Perso\Dev\HTPCUtils\Windev\MM\FEN_UpdateSerie.wdw
RFRA1025,11/23/09,13:14:07,13:21:06,0:6:59,4,Tvdb_Banner,D:\Perso\Dev\HTPCUtils\Windev\MM\Tvdb_Banner.wdc
RFRA1025,11/23/09,13:14:07,13:21:06,0:6:59,4,Settings,D:\Perso\Dev\HTPCUtils\Windev\MM\Settings.wdc
RFRA1025,11/23/09,13:14:08,13:21:06,0:6:58,5,FEN_ExportFondEcran_1$Requête,(null)
RFRA1025,11/23/09,13:14:07,13:21:06,0:6:59,2,FEN_ExportFondEcran,D:\Perso\Dev\HTPCUtils\Windev\MM\FEN_ExportFondEcran.wdw
RFRA1025,11/23/09,13:14:05,13:21:06,0:7:1,7,Database,D:\Perso\Dev\HTPCUtils\Windev\MM\Database.wdg
RFRA1025,11/23/09,13:46:13,13:53:31,0:7:18,2,FEN_UpdateSerie,D:\Perso\Dev\HTPCUtils\Windev\MM\FEN_UpdateSerie.wdw
RFRA1025,11/23/09,13:46:13,13:53:31,0:7:18,4,Tvdb_Banner,D:\Perso\Dev\HTPCUtils\Windev\MM\Tvdb_Banner.wdc
RFRA1025,11/23/09,13:46:13,13:53:31,0:7:18,4,Settings,D:\Perso\Dev\HTPCUtils\Windev\MM\Settings.wdc
RFRA1025,11/23/09,13:46:14,13:53:32,0:7:18,5,FEN_ExportFondEcran_1$Requête,(null)
RFRA1025,11/23/09,13:46:13,13:53:32,0:7:19,2,FEN_ExportFondEcran,D:\Perso\Dev\HTPCUtils\Windev\MM\FEN_ExportFondEcran.wdw
RFRA1025,11/23/09,13:46:12,13:53:32,0:7:20,7,Database,D:\Perso\Dev\HTPCUtils\Windev\MM\Database.wdg
RFRA1025,11/23/09,14:27:05,16:14:43,1:47:38,2,FEN_UpdateSerie,D:\Perso\Dev\HTPCUtils\Windev\MM\FEN_UpdateSerie.wdw
RFRA1025,11/23/09,14:27:06,16:14:43,1:47:37,4,Tvdb_Banner,D:\Perso\Dev\HTPCUtils\Windev\MM\Tvdb_Banner.wdc
RFRA1025,11/23/09,14:27:06,16:14:43,1:47:37,4,Settings,D:\Perso\Dev\HTPCUtils\Windev\MM\Settings.wdc
RFRA1025,11/23/09,14:27:06,16:14:43,1:47:37,5,FEN_ExportFondEcran_1$Requête,(null)
RFRA1025,11/23/09,14:27:06,16:14:43,1:47:37,2,FEN_ExportFondEcran,D:\Perso\Dev\HTPCUtils\Windev\MM\FEN_ExportFondEcran.wdw
RFRA1025,11/23/09,14:27:04,16:14:43,1:47:39,7,Database,D:\Perso\Dev\HTPCUtils\Windev\MM\Database.wdg
RFRA1025,11/25/09,16:20:34,16:20:51,0:0:17,2,FEN_UpdateSerie,D:\Perso\Dev\HTPCUtils\Windev\MM\FEN_UpdateSerie.wdw
RFRA1025,11/25/09,16:25:58,16:26:17,0:0:19,5,REQ_BannerCount,D:\Perso\Dev\HTPCUtils\Windev\MM\REQ_BannerCount.WDR
RFRA1025,11/25/09,16:29:43,16:31:07,0:1:24,5,REQ_BannerCount,D:\Perso\Dev\HTPCUtils\Windev\MM\REQ_BannerCount.WDR
RFRA1025,11/25/09,16:41:36,16:43:01,0:1:25,2,FEN_Test,D:\Perso\Dev\HTPCUtils\Windev\MM\FEN_Test.wdw
RFRA1025,11/25/09,16:43:07,16:46:04,0:2:57,2,FEN_Main,D:\Perso\Dev\HTPCUtils\Windev\MM\FEN_Main.wdw
RFRA1025,11/25/09,16:43:01,16:52:51,0:9:50,2,FEN_Main,D:\Perso\Dev\HTPCUtils\Windev\MM\FEN_Main.wdw
RFRA1025,11/25/09,16:43:03,16:52:51,0:9:48,8,FI_Serie,D:\Perso\Dev\HTPCUtils\Windev\MM\FI_Serie.wdw
RFRA1025,11/25/09,16:19:31,16:52:51,0:33:20,2,FEN_UpdateSerie,D:\Perso\Dev\HTPCUtils\Windev\MM\FEN_UpdateSerie.wdw
RFRA1025,11/25/09,16:19:31,16:52:51,0:33:20,4,Tvdb_Banner,D:\Perso\Dev\HTPCUtils\Windev\MM\Tvdb_Banner.wdc
RFRA1025,11/25/09,16:19:31,16:52:51,0:33:20,4,Settings,D:\Perso\Dev\HTPCUtils\Windev\MM\Settings.wdc
RFRA1025,11/25/09,16:19:32,16:52:51,0:33:19,5,FEN_ExportFondEcran_1$Requête,(null)
RFRA1025,11/25/09,16:19:31,16:52:51,0:33:20,2,FEN_ExportFondEcran,D:\Perso\Dev\HTPCUtils\Windev\MM\FEN_ExportFondEcran.wdw
RFRA1025,11/25/09,16:21:19,16:52:51,0:31:32,2,FEN_Test,D:\Perso\Dev\HTPCUtils\Windev\MM\FEN_Test.wdw
RFRA1025,11/25/09,16:21:30,16:52:51,0:31:21,2,FEN_ZoomImage,D:\Perso\Dev\HTPCUtils\Windev\MM\FEN_ZoomImage.wdw
RFRA1025,11/25/09,16:19:29,16:52:51,0:33:22,7,Database,D:\Perso\Dev\HTPCUtils\Windev\MM\Database.wdg
RFRA1025,11/25/09,16:52:51,16:55:24,0:2:33,7,Database,D:\Perso\Dev\HTPCUtils\Windev\MM\Database.wdg
RFRA1025,11/25/09,16:55:30,17:02:04,0:6:34,7,Database,D:\Perso\Dev\HTPCUtils\Windev\MM\Database.wdg
RFRA1025,11/25/09,17:02:06,17:02:18,0:0:12,2,FEN_Main,D:\Perso\Dev\HTPCUtils\Windev\MM\FEN_Main.wdw
RFRA1025,11/25/09,17:02:22,17:02:43,0:0:21,2,FEN_Main,D:\Perso\Dev\HTPCUtils\Windev\MM\FEN_Main.wdw
RFRA1025,11/25/09,17:02:05,17:03:06,0:1:1,7,Database,D:\Perso\Dev\HTPCUtils\Windev\MM\Database.wdg
RFRA1025,11/25/09,17:11:08,17:11:51,0:0:43,2,FEN_Main,D:\Perso\Dev\HTPCUtils\Windev\MM\FEN_Main.wdw
RFRA1025,11/25/09,17:04:39,17:13:12,0:8:33,7,Database,D:\Perso\Dev\HTPCUtils\Windev\MM\Database.wdg
RFRA1025,11/25/09,17:13:12,17:13:50,0:0:38,2,FEN_Main,D:\Perso\Dev\HTPCUtils\Windev\MM\FEN_Main.wdw
RFRA1025,11/25/09,17:13:12,17:14:59,0:1:47,7,Database,D:\Perso\Dev\HTPCUtils\Windev\MM\Database.wdg
RFRA1025,11/25/09,17:14:59,17:16:04,0:1:5,2,FEN_Main,D:\Perso\Dev\HTPCUtils\Windev\MM\FEN_Main.wdw
RFRA1025,11/25/09,17:14:59,17:17:39,0:2:40,7,Database,D:\Perso\Dev\HTPCUtils\Windev\MM\Database.wdg
RFRA1025,11/25/09,17:20:58,17:21:38,0:0:40,2,FEN_Main,D:\Perso\Dev\HTPCUtils\Windev\MM\FEN_Main.wdw
RFRA1025,11/25/09,17:21:58,17:22:43,0:0:45,5,REQ_Serie,D:\Perso\Dev\HTPCUtils\Windev\MM\REQ_Serie.WDR
RFRA1025,11/25/09,17:22:47,17:23:33,0:0:46,2,FEN_Main,D:\Perso\Dev\HTPCUtils\Windev\MM\FEN_Main.wdw
RFRA1025,11/25/09,17:26:09,17:33:00,0:6:51,2,FEN_Main,D:\Perso\Dev\HTPCUtils\Windev\MM\FEN_Main.wdw
RFRA1025,11/25/09,17:33:03,17:36:33,0:3:30,2,FEN_Main,D:\Perso\Dev\HTPCUtils\Windev\MM\FEN_Main.wdw
RFRA1025,11/25/09,17:38:51,17:39:35,0:0:44,2,FEN_Main,D:\Perso\Dev\HTPCUtils\Windev\MM\FEN_Main.wdw
RFRA1025,11/25/09,17:39:47,17:43:17,0:3:30,2,FEN_Main,D:\Perso\Dev\HTPCUtils\Windev\MM\FEN_Main.wdw
RFRA1025,11/25/09,18:15:45,18:17:45,0:2:0,2,FEN_Main,D:\Perso\Dev\HTPCUtils\Windev\MM\FEN_Main.wdw
RFRA1025,11/25/09,18:36:02,18:42:25,0:6:23,2,FEN_Main,D:\Perso\Dev\HTPCUtils\Windev\MM\FEN_Main.wdw
RFRA1025,11/25/09,17:17:53,18:51:40,1:33:47,7,Database,D:\Perso\Dev\HTPCUtils\Windev\MM\Database.wdg
RFRA1025,11/25/09,18:53:57,18:57:15,0:3:18,7,Database,D:\Perso\Dev\HTPCUtils\Windev\MM\Database.wdg
RFRA1025,11/25/09,19:01:16,19:04:00,0:2:44,7,Database,D:\Perso\Dev\HTPCUtils\Windev\MM\Database.wdg
RFRA1025,11/25/09,19:09:12,19:11:16,0:2:4,2,FEN_Main,D:\Perso\Dev\HTPCUtils\Windev\MM\FEN_Main.wdw
RFRA1025,11/25/09,19:08:22,19:11:53,0:3:31,7,Database,D:\Perso\Dev\HTPCUtils\Windev\MM\Database.wdg
RFRA1025,11/25/09,19:13:23,19:22:14,0:8:51,7,Database,D:\Perso\Dev\HTPCUtils\Windev\MM\Database.wdg
RFRA1025,11/25/09,17:02:18,19:22:30,2:20:12,2,FEN_ChercheSerie,D:\Perso\Dev\HTPCUtils\Windev\MM\FEN_ChercheSerie.wdw
RFRA1025,11/25/09,17:17:58,19:22:30,2:4:32,2,FEN_Test,D:\Perso\Dev\HTPCUtils\Windev\MM\FEN_Test.wdw
RFRA1025,11/25/09,17:53:39,19:22:30,1:28:51,4,Tvdb_API,D:\Perso\Dev\HTPCUtils\Windev\MM\TvdbAPI.wdc
RFRA1025,11/25/09,18:18:55,19:22:30,1:3:35,2,FEN_UpdateSerie,D:\Perso\Dev\HTPCUtils\Windev\MM\FEN_UpdateSerie.wdw
RFRA1025,11/25/09,16:52:53,19:22:30,2:29:37,2,FEN_Main,D:\Perso\Dev\HTPCUtils\Windev\MM\FEN_Main.wdw
RFRA1025,11/25/09,18:51:49,19:22:30,0:30:41,4,Tvdb_Banner,D:\Perso\Dev\HTPCUtils\Windev\MM\Tvdb_Banner.wdc
RFRA1025,11/25/09,17:53:34,19:22:30,1:28:56,4,Tvdb_Serie,D:\Perso\Dev\HTPCUtils\Windev\MM\Tvdb_Serie.wdc
RFRA1025,11/26/09,08:44:09,08:56:25,0:12:16,2,FEN_ChercheSerie,D:\Perso\Dev\HTPCUtils\Windev\MM\FEN_ChercheSerie.wdw
RFRA1025,11/26/09,08:44:08,08:56:25,0:12:17,2,FEN_Test,D:\Perso\Dev\HTPCUtils\Windev\MM\FEN_Test.wdw
RFRA1025,11/26/09,08:44:08,08:56:25,0:12:17,4,Tvdb_Serie,D:\Perso\Dev\HTPCUtils\Windev\MM\Tvdb_Serie.wdc
RFRA1025,11/26/09,08:44:08,08:56:25,0:12:17,4,Tvdb_API,D:\Perso\Dev\HTPCUtils\Windev\MM\TvdbAPI.wdc
RFRA1025,11/26/09,08:44:08,08:56:25,0:12:17,2,FEN_UpdateSerie,D:\Perso\Dev\HTPCUtils\Windev\MM\FEN_UpdateSerie.wdw
RFRA1025,11/26/09,08:44:08,08:56:25,0:12:17,2,FEN_Main,D:\Perso\Dev\HTPCUtils\Windev\MM\FEN_Main.wdw
RFRA1025,11/26/09,08:44:08,08:56:25,0:12:17,4,Tvdb_Banner,D:\Perso\Dev\HTPCUtils\Windev\MM\Tvdb_Banner.wdc
RFRA1025,11/26/09,08:44:08,08:56:25,0:12:17,7,Procedures globales de MM,D:\Perso\Dev\HTPCUtils\Windev\MM\Procedures globales de MM.wdg
RFRA1025,11/26/09,08:44:06,08:56:25,0:12:19,7,Database,D:\Perso\Dev\HTPCUtils\Windev\MM\Database.wdg
RFRA1025,11/26/09,08:44:08,08:56:25,0:12:17,5,REQ_Serie,D:\Perso\Dev\HTPCUtils\Windev\MM\REQ_Serie.WDR
RFRA1025,11/26/09,13:04:18,13:04:40,0:0:22,2,FEN_ParamSerie,
RFRA1025,11/26/09,13:04:44,13:05:24,0:0:40,2,FEN_ParamSerie,D:\Perso\Dev\HTPCUtils\Windev\MM\FEN_ParamSerie.wdw
RFRA1025,11/26/09,13:05:32,13:09:55,0:4:23,2,FEN_ParamSerie,D:\Perso\Dev\HTPCUtils\Windev\MM\FEN_ParamSerie.wdw
RFRA1025,11/26/09,13:01:37,13:10:33,0:8:56,2,FEN_ChercheSerie,D:\Perso\Dev\HTPCUtils\Windev\MM\FEN_ChercheSerie.wdw
RFRA1025,11/26/09,13:04:18,13:10:33,0:6:15,2,FEN_ParamSerie,D:\Perso\Dev\HTPCUtils\Windev\MM\FEN_ParamSerie.wdw
RFRA1025,11/26/09,13:05:24,13:10:33,0:5:9,5,FEN_ExportFondEcran_1$Requête,(null)
RFRA1025,11/26/09,13:05:24,13:10:33,0:5:9,2,FEN_ExportFondEcran,D:\Perso\Dev\HTPCUtils\Windev\MM\FEN_ExportFondEcran.wdw
RFRA1025,11/26/09,13:01:36,13:10:33,0:8:57,2,FEN_Test,D:\Perso\Dev\HTPCUtils\Windev\MM\FEN_Test.wdw
RFRA1025,11/26/09,13:01:36,13:10:33,0:8:57,4,Tvdb_Serie,D:\Perso\Dev\HTPCUtils\Windev\MM\Tvdb_Serie.wdc
RFRA1025,11/26/09,13:01:36,13:10:33,0:8:57,4,Tvdb_API,D:\Perso\Dev\HTPCUtils\Windev\MM\TvdbAPI.wdc
RFRA1025,11/26/09,13:01:36,13:10:33,0:8:57,2,FEN_UpdateSerie,D:\Perso\Dev\HTPCUtils\Windev\MM\FEN_UpdateSerie.wdw
RFRA1025,11/26/09,13:01:36,13:10:33,0:8:57,2,FEN_Main,D:\Perso\Dev\HTPCUtils\Windev\MM\FEN_Main.wdw
RFRA1025,11/26/09,13:01:36,13:10:33,0:8:57,4,Tvdb_Banner,D:\Perso\Dev\HTPCUtils\Windev\MM\Tvdb_Banner.wdc
RFRA1025,11/26/09,13:01:36,13:10:34,0:8:58,7,Procedures globales de MM,D:\Perso\Dev\HTPCUtils\Windev\MM\Procedures globales de MM.wdg
RFRA1025,11/26/09,13:01:34,13:10:34,0:9:0,7,Database,D:\Perso\Dev\HTPCUtils\Windev\MM\Database.wdg
RFRA1025,11/26/09,13:01:37,13:10:34,0:8:57,5,REQ_Serie,D:\Perso\Dev\HTPCUtils\Windev\MM\REQ_Serie.WDR
RFRA1025,11/26/09,13:10:33,13:11:11,0:0:38,4097,MM,D:\Perso\Dev\HTPCUtils\Windev\MM\MM.WDP
RFRA1025,11/26/09,13:11:11,13:11:51,0:0:40,2,FEN_ParamSerie,D:\Perso\Dev\HTPCUtils\Windev\MM\FEN_ParamSerie.wdw
RFRA1025,11/26/09,13:13:40,13:19:04,0:5:24,2,FEN_ParamSerie,D:\Perso\Dev\HTPCUtils\Windev\MM\FEN_ParamSerie.wdw
RFRA1025,11/26/09,13:21:19,13:21:45,0:0:26,2,FEN_ParamSerie,D:\Perso\Dev\HTPCUtils\Windev\MM\FEN_ParamSerie.wdw
RFRA1025,11/26/09,13:24:58,13:25:13,0:0:15,2,FEN_ParamSerie,D:\Perso\Dev\HTPCUtils\Windev\MM\FEN_ParamSerie.wdw
RFRA1025,11/26/09,13:25:58,13:26:23,0:0:25,2,FEN_Main,D:\Perso\Dev\HTPCUtils\Windev\MM\FEN_Main.wdw
RFRA1025,11/26/09,13:26:23,13:26:41,0:0:18,2,FEN_Main,D:\Perso\Dev\HTPCUtils\Windev\MM\FEN_Main.wdw
RFRA1025,11/26/09,13:26:58,13:28:13,0:1:15,2,FEN_Main,D:\Perso\Dev\HTPCUtils\Windev\MM\FEN_Main.wdw
RFRA1025,11/26/09,13:32:38,13:33:21,0:0:43,2,FEN_ParamSerie,D:\Perso\Dev\HTPCUtils\Windev\MM\FEN_ParamSerie.wdw
RFRA1025,11/26/09,13:38:39,13:46:26,0:7:47,2,FEN_ParamSerie,D:\Perso\Dev\HTPCUtils\Windev\MM\FEN_ParamSerie.wdw
RFRA1025,11/26/09,13:47:07,13:47:24,0:0:17,2,FEN_UpdateSerie,D:\Perso\Dev\HTPCUtils\Windev\MM\FEN_UpdateSerie.wdw
RFRA1025,11/26/09,13:52:00,13:52:12,0:0:12,2,FEN_Main,D:\Perso\Dev\HTPCUtils\Windev\MM\FEN_Main.wdw
RFRA1025,11/26/09,13:52:12,14:06:03,0:13:51,2,FEN_Test,D:\Perso\Dev\HTPCUtils\Windev\MM\FEN_Test.wdw
RFRA1025,11/26/09,14:06:21,14:06:49,0:0:28,2,FEN_Test,D:\Perso\Dev\HTPCUtils\Windev\MM\FEN_Test.wdw
RFRA1025,11/26/09,14:10:14,14:11:17,0:1:3,2,FEN_Test,D:\Perso\Dev\HTPCUtils\Windev\MM\FEN_Test.wdw
RFRA1025,11/26/09,14:27:46,14:28:13,0:0:27,2,FEN_Test,D:\Perso\Dev\HTPCUtils\Windev\MM\FEN_Test.wdw
RFRA1025,11/26/09,14:28:30,14:41:52,0:13:22,2,FEN_Test,D:\Perso\Dev\HTPCUtils\Windev\MM\FEN_Test.wdw
RFRA1025,11/26/09,14:46:54,14:48:57,0:2:3,2,FEN_Test,D:\Perso\Dev\HTPCUtils\Windev\MM\FEN_Test.wdw
RFRA1025,11/26/09,14:49:04,14:49:18,0:0:14,2,FEN_Test,D:\Perso\Dev\HTPCUtils\Windev\MM\FEN_Test.wdw
RFRA1025,11/26/09,14:53:52,14:56:56,0:3:4,2,FEN_Test,D:\Perso\Dev\HTPCUtils\Windev\MM\FEN_Test.wdw
RFRA1025,11/26/09,14:57:01,15:04:16,0:7:15,2,FEN_Test,D:\Perso\Dev\HTPCUtils\Windev\MM\FEN_Test.wdw
RFRA1025,11/26/09,13:20:41,15:07:49,1:47:8,5,FEN_ExportFondEcran_1$Requête,(null)
RFRA1025,11/26/09,13:20:41,15:07:49,1:47:8,2,FEN_ExportFondEcran,D:\Perso\Dev\HTPCUtils\Windev\MM\FEN_ExportFondEcran.wdw
RFRA1025,11/26/09,13:20:45,15:07:49,1:47:4,2,FEN_ChercheSerie,D:\Perso\Dev\HTPCUtils\Windev\MM\FEN_ChercheSerie.wdw
RFRA1025,11/26/09,13:11:11,15:07:49,1:56:38,2,FEN_ParamSerie,D:\Perso\Dev\HTPCUtils\Windev\MM\FEN_ParamSerie.wdw
RFRA1025,11/26/09,13:36:49,15:07:49,1:31:0,2,FEN_UpdateSerie,D:\Perso\Dev\HTPCUtils\Windev\MM\FEN_UpdateSerie.wdw
RFRA1025,11/26/09,13:20:08,15:07:50,1:47:42,2,FEN_Main,D:\Perso\Dev\HTPCUtils\Windev\MM\FEN_Main.wdw
RFRA1025,11/26/09,13:52:11,15:07:50,1:15:39,2,FEN_Test,D:\Perso\Dev\HTPCUtils\Windev\MM\FEN_Test.wdw
RFRA1025,11/26/09,14:08:06,15:07:50,0:59:44,7,Database,D:\Perso\Dev\HTPCUtils\Windev\MM\Database.wdg
RFRA1025,11/26/09,14:49:14,15:07:50,0:18:36,7,Procedures globales de MM,D:\Perso\Dev\HTPCUtils\Windev\MM\Procedures globales de MM.wdg
RFRA1025,11/26/09,15:07:54,15:12:05,0:4:11,2,FEN_ImagesSeries,D:\Perso\Dev\HTPCUtils\Windev\MM\FEN_ImagesSeries.wdw
RFRA1025,11/26/09,15:12:44,15:16:47,0:4:3,2,FEN_ImagesSeries,D:\Perso\Dev\HTPCUtils\Windev\MM\FEN_ImagesSeries.wdw
RFRA1025,11/26/09,15:17:11,15:19:06,0:1:55,2,FEN_ImagesSeries,D:\Perso\Dev\HTPCUtils\Windev\MM\FEN_ImagesSeries.wdw
RFRA1025,11/26/09,15:20:49,15:21:16,0:0:27,2,FEN_ImagesSeries,D:\Perso\Dev\HTPCUtils\Windev\MM\FEN_ImagesSeries.wdw
RFRA1025,11/26/09,15:21:45,15:22:08,0:0:23,2,FEN_ImagesSeries,D:\Perso\Dev\HTPCUtils\Windev\MM\FEN_ImagesSeries.wdw
RFRA1025,11/26/09,15:22:29,15:23:04,0:0:35,2,FEN_ImagesSeries,D:\Perso\Dev\HTPCUtils\Windev\MM\FEN_ImagesSeries.wdw
RFRA1025,11/26/09,15:26:33,15:29:16,0:2:43,2,FEN_ImagesSeries,D:\Perso\Dev\HTPCUtils\Windev\MM\FEN_ImagesSeries.wdw
RFRA1025,11/26/09,15:31:10,15:31:22,0:0:12,2,FEN_ImagesSeries,D:\Perso\Dev\HTPCUtils\Windev\MM\FEN_ImagesSeries.wdw
RFRA1025,11/26/09,15:46:54,15:48:15,0:1:21,4,Tvdb_Language,D:\Perso\Dev\HTPCUtils\Windev\MM\Tvdb_Language.wdc
RFRA1025,11/26/09,16:08:02,16:09:31,0:1:29,2,FEN_ImagesSeries,D:\Perso\Dev\HTPCUtils\Windev\MM\FEN_ImagesSeries.wdw
RFRA1025,11/26/09,15:28:28,16:10:20,0:41:52,5,FEN_ImagesSeries_2$Requête,(null)
RFRA1025,11/26/09,16:08:36,16:10:20,0:1:44,5,FEN_ImagesSeries_3$Requête,(null)
RFRA1025,11/26/09,15:07:54,16:10:20,1:2:26,2,FEN_ImagesSeries,D:\Perso\Dev\HTPCUtils\Windev\MM\FEN_ImagesSeries.wdw
RFRA1025,11/26/09,15:48:16,16:10:20,0:22:4,4,Tvdb_Language,D:\Perso\Dev\HTPCUtils\Windev\MM\Tvdb_Language.wdc
RFRA1025,11/26/09,16:11:50,16:12:48,0:0:58,2,FEN_ImagesSeries,D:\Perso\Dev\HTPCUtils\Windev\MM\FEN_ImagesSeries.wdw
RFRA1025,11/26/09,16:17:54,16:19:43,0:1:49,2,FEN_ImagesSeries,D:\Perso\Dev\HTPCUtils\Windev\MM\FEN_ImagesSeries.wdw
RFRA1025,11/26/09,16:19:50,16:20:06,0:0:16,2,FEN_ImagesSeries,D:\Perso\Dev\HTPCUtils\Windev\MM\FEN_ImagesSeries.wdw
RFRA1025,11/26/09,16:22:40,16:30:41,0:8:1,2,FEN_ImagesSeries,D:\Perso\Dev\HTPCUtils\Windev\MM\FEN_ImagesSeries.wdw
RFRA1025,11/26/09,16:31:47,16:33:53,0:2:6,2,FEN_ImagesSeries,D:\Perso\Dev\HTPCUtils\Windev\MM\FEN_ImagesSeries.wdw
RFRA1025,11/26/09,16:35:47,16:36:40,0:0:53,2,FEN_ImagesSeries,D:\Perso\Dev\HTPCUtils\Windev\MM\FEN_ImagesSeries.wdw
RFRA1025,11/26/09,16:45:41,16:45:51,0:0:10,2,FEN_ZoomImage,D:\Perso\Dev\HTPCUtils\Windev\MM\FEN_ZoomImage.wdw
RFRA1025,11/26/09,16:48:37,16:55:44,0:7:7,4,Tvdb_Banner,D:\Perso\Dev\HTPCUtils\Windev\MM\Tvdb_Banner.wdc
RFRA1025,11/26/09,16:57:32,16:59:19,0:1:47,2,FEN_ImagesSeries,D:\Perso\Dev\HTPCUtils\Windev\MM\FEN_ImagesSeries.wdw
RFRA1025,11/26/09,17:10:28,17:18:29,0:8:1,2,FEN_ImagesSeries,D:\Perso\Dev\HTPCUtils\Windev\MM\FEN_ImagesSeries.wdw
RFRA1025,11/26/09,17:18:29,17:20:03,0:1:34,5,REQ_FiltresImages,D:\Perso\Dev\HTPCUtils\Windev\MM\REQ_FiltresImages.WDR
RFRA1025,11/26/09,17:21:07,17:21:17,0:0:10,2,FEN_ZoomImage,D:\Perso\Dev\HTPCUtils\Windev\MM\FEN_ZoomImage.wdw
RFRA1025,11/26/09,17:21:17,17:21:50,0:0:33,2,FEN_ImagesSeries,D:\Perso\Dev\HTPCUtils\Windev\MM\FEN_ImagesSeries.wdw
RFRA1025,11/26/09,17:26:19,17:26:57,0:0:38,2,FEN_ImagesSeries,D:\Perso\Dev\HTPCUtils\Windev\MM\FEN_ImagesSeries.wdw
RFRA1025,11/26/09,17:27:23,17:28:10,0:0:47,2,FEN_ImagesSeries,D:\Perso\Dev\HTPCUtils\Windev\MM\FEN_ImagesSeries.wdw
RFRA1025,11/26/09,17:28:49,17:29:46,0:0:57,2,FEN_ImagesSeries,D:\Perso\Dev\HTPCUtils\Windev\MM\FEN_ImagesSeries.wdw
RFRA1025,11/26/09,17:32:30,17:34:01,0:1:31,2,FEN_ImagesSeries,D:\Perso\Dev\HTPCUtils\Windev\MM\FEN_ImagesSeries.wdw
RFRA1025,11/26/09,17:34:06,17:34:28,0:0:22,2,FEN_ImagesSeries,D:\Perso\Dev\HTPCUtils\Windev\MM\FEN_ImagesSeries.wdw
RFRA1025,11/26/09,17:38:20,17:39:57,0:1:37,2,FEN_ImagesSeries,D:\Perso\Dev\HTPCUtils\Windev\MM\FEN_ImagesSeries.wdw
RFRA1025,11/26/09,17:40:07,17:40:43,0:0:36,2,FEN_ImagesSeries,D:\Perso\Dev\HTPCUtils\Windev\MM\FEN_ImagesSeries.wdw
RFRA1025,11/26/09,17:49:18,17:49:46,0:0:28,2,FEN_ImagesSeries,D:\Perso\Dev\HTPCUtils\Windev\MM\FEN_ImagesSeries.wdw
RFRA1025,11/26/09,16:20:14,17:49:52,1:29:38,5,FEN_ImagesSeries_4$Requête,(null)
RFRA1025,11/26/09,17:49:48,17:50:47,0:0:59,2,FEN_ImagesSeries,D:\Perso\Dev\HTPCUtils\Windev\MM\FEN_ImagesSeries.wdw
RFRA1025,11/26/09,17:54:43,17:55:23,0:0:40,2,FEN_ImagesSeries,D:\Perso\Dev\HTPCUtils\Windev\MM\FEN_ImagesSeries.wdw
RFRA1025,11/26/09,17:55:38,17:56:04,0:0:26,2,FEN_ImagesSeries,D:\Perso\Dev\HTPCUtils\Windev\MM\FEN_ImagesSeries.wdw
RFRA1025,11/26/09,18:06:49,18:08:38,0:1:49,2,FEN_ImagesSeries,D:\Perso\Dev\HTPCUtils\Windev\MM\FEN_ImagesSeries.wdw
RFRA1025,11/26/09,18:11:30,18:12:00,0:0:30,2,FEN_ImagesSeries,D:\Perso\Dev\HTPCUtils\Windev\MM\FEN_ImagesSeries.wdw
RFRA1025,11/26/09,18:19:26,18:19:56,0:0:30,2,FEN_ImagesSeries,D:\Perso\Dev\HTPCUtils\Windev\MM\FEN_ImagesSeries.wdw
RFRA1025,11/26/09,18:23:50,18:24:07,0:0:17,2,FEN_ImagesSeries,D:\Perso\Dev\HTPCUtils\Windev\MM\FEN_ImagesSeries.wdw
RFRA1025,11/26/09,18:24:41,18:28:02,0:3:21,2,FEN_Configuration,D:\Perso\Dev\HTPCUtils\Windev\MM\FEN_Configuration.wdw
RFRA1025,11/26/09,18:32:49,18:37:22,0:4:33,2,FEN_Configuration,D:\Perso\Dev\HTPCUtils\Windev\MM\FEN_Configuration.wdw
RFRA1025,11/26/09,18:40:54,18:41:18,0:0:24,2,FEN_Configuration,D:\Perso\Dev\HTPCUtils\Windev\MM\FEN_Configuration.wdw
RFRA1025,11/26/09,15:37:41,18:43:24,3:5:43,4,Tvdb_API,D:\Perso\Dev\HTPCUtils\Windev\MM\TvdbAPI.wdc
RFRA1025,11/26/09,18:24:07,18:56:47,0:32:40,2,FEN_Main,D:\Perso\Dev\HTPCUtils\Windev\MM\FEN_Main.wdw
RFRA1025,11/26/09,16:41:33,18:56:47,2:15:14,2,FEN_ZoomImage,D:\Perso\Dev\HTPCUtils\Windev\MM\FEN_ZoomImage.wdw
RFRA1025,11/26/09,16:10:25,18:56:47,2:46:22,5,FEN_ImagesSeries_2$Requête,(null)
RFRA1025,11/26/09,16:19:47,18:56:47,2:37:0,5,FEN_ImagesSeries_3$Requête,(null)
RFRA1025,11/26/09,16:10:25,18:56:47,2:46:22,2,FEN_ImagesSeries,D:\Perso\Dev\HTPCUtils\Windev\MM\FEN_ImagesSeries.wdw
RFRA1025,11/26/09,18:24:11,18:56:47,0:32:36,2,FEN_Configuration,D:\Perso\Dev\HTPCUtils\Windev\MM\FEN_Configuration.wdw
RFRA1025,11/26/09,18:50:07,18:56:47,0:6:40,4,Tvdb_API,D:\Perso\Dev\HTPCUtils\Windev\MM\TvdbAPI.wdc
RFRA1025,11/26/09,17:23:39,18:56:47,1:33:8,7,Database,D:\Perso\Dev\HTPCUtils\Windev\MM\Database.wdg
RFRA1025,11/26/09,18:28:25,18:56:47,0:28:22,4,Settings,D:\Perso\Dev\HTPCUtils\Windev\MM\Settings.wdc
RFRA1025,11/26/09,18:56:47,18:57:13,0:0:26,4097,MM,D:\Perso\Dev\HTPCUtils\Windev\MM\MM.WDP
RFRA1025,11/26/09,19:00:52,19:02:13,0:1:21,7,Database,D:\Perso\Dev\HTPCUtils\Windev\MM\Database.wdg
DANONE-KID,11/26/09,21:00:44,21:01:30,0:0:46,4097,MM,C:\Users\Julien\Documents\Dev\HTPCUtils\Windev\MM\MM.WDP
DANONE-KID,11/26/09,21:00:43,21:05:08,0:4:25,7,Database,C:\Users\Julien\Documents\Dev\HTPCUtils\Windev\MM\Database.wdg
DANONE-KID,11/26/09,21:04:34,21:05:11,0:0:37,4097,MM,C:\Users\Julien\Documents\Dev\HTPCUtils\Windev\MM\MM.WDP
DANONE-KID,11/27/09,08:02:00,08:02:40,0:0:40,4097,MM,C:\Users\Julien\Documents\Dev\HTPCUtils\Windev\MM\MM.WDP
DANONE-KID,11/27/09,08:02:40,08:03:14,0:0:34,2,FEN_Main,C:\Users\Julien\Documents\Dev\HTPCUtils\Windev\MM\FEN_Main.wdw
DANONE-KID,11/27/09,08:04:47,08:05:07,0:0:20,2,FEN_Main,C:\Users\Julien\Documents\Dev\HTPCUtils\Windev\MM\FEN_Main.wdw
DANONE-KID,11/27/09,09:42:45,09:42:57,0:0:12,2,FEN_Main,C:\Users\Julien\Documents\Dev\HTPCUtils\Windev\MM\FEN_Main.wdw
DANONE-KID,11/27/09,17:07:57,17:08:18,0:0:21,2,FEN_Main,C:\Users\Julien\Documents\Dev\HTPCUtils\Windev\MM\FEN_Main.wdw
DANONE-KID,11/27/09,17:08:19,17:12:47,0:4:28,2,FEN_Main,C:\Users\Julien\Documents\Dev\HTPCUtils\Windev\MM\FEN_Main.wdw
DANONE-KID,11/27/09,18:14:03,18:15:38,0:1:35,2,FEN_Main,C:\Users\Julien\Documents\Dev\HTPCUtils\Windev\MM\FEN_Main.wdw
DANONE-KID,11/27/09,18:16:38,18:17:10,0:0:32,2,FEN_Main,C:\Users\Julien\Documents\Dev\HTPCUtils\Windev\MM\FEN_Main.wdw
DANONE-KID,11/27/09,18:26:43,18:30:17,0:3:34,2,FEN_Configuration,C:\Users\Julien\Documents\Dev\HTPCUtils\Windev\MM\FEN_Configuration.wdw
DANONE-KID,11/27/09,18:37:14,18:38:31,0:1:17,2,FEN_Configuration,C:\Users\Julien\Documents\Dev\HTPCUtils\Windev\MM\FEN_Configuration.wdw
DANONE-KID,11/27/09,18:43:15,18:43:45,0:0:30,2,FEN_Main,C:\Users\Julien\Documents\Dev\HTPCUtils\Windev\MM\FEN_Main.wdw
DANONE-KID,11/27/09,17:12:47,18:43:45,1:30:58,2,FEN_UpdateSerie,C:\Users\Julien\Documents\Dev\HTPCUtils\Windev\MM\FEN_UpdateSerie.wdw
DANONE-KID,11/27/09,17:07:57,18:43:45,1:35:48,2,FEN_Main,C:\Users\Julien\Documents\Dev\HTPCUtils\Windev\MM\FEN_Main.wdw
DANONE-KID,11/27/09,18:06:48,18:43:45,0:36:57,4,Tvdb_Banner,C:\Users\Julien\Documents\Dev\HTPCUtils\Windev\MM\Tvdb_Banner.wdc
DANONE-KID,11/27/09,18:26:43,18:43:45,0:17:2,2,FEN_Configuration,C:\Users\Julien\Documents\Dev\HTPCUtils\Windev\MM\FEN_Configuration.wdw
DANONE-KID,11/27/09,17:07:56,18:43:45,1:35:49,7,Database,C:\Users\Julien\Documents\Dev\HTPCUtils\Windev\MM\Database.wdg
DANONE-KID,11/27/09,18:19:10,18:43:45,0:24:35,4,Settings,C:\Users\Julien\Documents\Dev\HTPCUtils\Windev\MM\Settings.wdc
RFRA1025,11/30/09,09:03:54,09:04:45,0:0:51,4097,MM,D:\Perso\Dev\HTPCUtils\Windev\MM\MM.WDP
RFRA1025,11/30/09,09:05:34,09:13:06,0:7:32,2,FEN_UpdateSerie,D:\Perso\Dev\HTPCUtils\Windev\MM\FEN_UpdateSerie.wdw
RFRA1025,11/30/09,09:03:52,09:13:06,0:9:14,7,Database,D:\Perso\Dev\HTPCUtils\Windev\MM\Database.wdg
RFRA1025,11/30/09,09:19:36,09:54:46,0:35:10,2,FEN_UpdateSerie,D:\Perso\Dev\HTPCUtils\Windev\MM\FEN_UpdateSerie.wdw
RFRA1025,11/30/09,09:19:34,09:54:46,0:35:12,7,Database,D:\Perso\Dev\HTPCUtils\Windev\MM\Database.wdg
RFRA1025,11/30/09,12:44:18,13:11:46,0:27:28,2,FEN_ParamSerie,D:\Perso\Dev\HTPCUtils\Windev\MM\FEN_ParamSerie.wdw
RFRA1025,11/30/09,12:44:11,13:11:46,0:27:35,2,FEN_UpdateSerie,D:\Perso\Dev\HTPCUtils\Windev\MM\FEN_UpdateSerie.wdw
RFRA1025,11/30/09,12:44:19,13:11:46,0:27:27,2,FEN_Main,D:\Perso\Dev\HTPCUtils\Windev\MM\FEN_Main.wdw
RFRA1025,11/30/09,12:44:09,13:11:46,0:27:37,7,Database,D:\Perso\Dev\HTPCUtils\Windev\MM\Database.wdg
RFRA1025,12/15/09,11:14:13,11:15:24,0:1:11,2,FEN_UpdateSerie,D:\Perso\Dev\HTPCUtils\Windev\MM\FEN_UpdateSerie.wdw
RFRA1025,12/15/09,11:14:13,11:15:32,0:1:19,2,FEN_ParamSerie,D:\Perso\Dev\HTPCUtils\Windev\MM\FEN_ParamSerie.wdw
RFRA1025,12/15/09,11:23:48,11:24:04,0:0:16,2,FEN_Main,D:\Perso\Dev\HTPCUtils\Windev\MM\FEN_Main.wdw
RFRA1025,12/15/09,11:27:38,11:27:58,0:0:20,2,FEN_Configuration,D:\Perso\Dev\HTPCUtils\Windev\MM\FEN_Configuration.wdw
RFRA1025,12/15/09,11:29:33,11:30:06,0:0:33,2,FEN_Configuration,D:\Perso\Dev\HTPCUtils\Windev\MM\FEN_Configuration.wdw
RFRA1025,12/15/09,11:33:07,11:33:31,0:0:24,2,FEN_Main,D:\Perso\Dev\HTPCUtils\Windev\MM\FEN_Main.wdw
RFRA1025,12/15/09,11:37:38,11:38:23,0:0:45,2,FEN_Main,D:\Perso\Dev\HTPCUtils\Windev\MM\FEN_Main.wdw
RFRA1025,12/15/09,11:39:19,11:40:16,0:0:57,2,FEN_Configuration,D:\Perso\Dev\HTPCUtils\Windev\MM\FEN_Configuration.wdw
RFRA1025,12/15/09,11:40:16,11:41:37,0:1:21,2,FEN_Main,D:\Perso\Dev\HTPCUtils\Windev\MM\FEN_Main.wdw
RFRA1025,12/15/09,11:41:46,11:41:58,0:0:12,2,FEN_Main,D:\Perso\Dev\HTPCUtils\Windev\MM\FEN_Main.wdw
RFRA1025,12/15/09,11:42:35,11:46:34,0:3:59,2,FEN_Main,D:\Perso\Dev\HTPCUtils\Windev\MM\FEN_Main.wdw
RFRA1025,12/15/09,11:47:43,11:50:15,0:2:32,17,TEST_Main,
RFRA1025,12/15/09,11:38:23,11:50:57,0:12:34,2,FEN_ZoomImage,D:\Perso\Dev\HTPCUtils\Windev\MM\FEN_ZoomImage.wdw
RFRA1025,12/15/09,12:06:08,12:06:19,0:0:11,2,FEN_ImagesSeries,D:\Perso\Dev\HTPCUtils\Windev\MM\FEN_ImagesSeries.wdw
RFRA1025,12/15/09,12:06:19,12:07:09,0:0:50,2,FEN_ImagesSeries,D:\Perso\Dev\HTPCUtils\Windev\MM\FEN_ImagesSeries.wdw
RFRA1025,12/15/09,12:14:57,12:16:31,0:1:34,2,FEN_ImagesSeries,D:\Perso\Dev\HTPCUtils\Windev\MM\FEN_ImagesSeries.wdw
RFRA1025,12/15/09,12:27:44,12:28:38,0:0:54,2,FEN_ImagesSeries,D:\Perso\Dev\HTPCUtils\Windev\MM\FEN_ImagesSeries.wdw
RFRA1025,12/15/09,12:41:08,12:42:02,0:0:54,2,FEN_ImagesSeries,D:\Perso\Dev\HTPCUtils\Windev\MM\FEN_ImagesSeries.wdw
RFRA1025,12/15/09,12:56:59,13:02:02,0:5:3,2,FEN_ImagesSeries,D:\Perso\Dev\HTPCUtils\Windev\MM\FEN_ImagesSeries.wdw
RFRA1025,12/15/09,13:06:41,13:06:54,0:0:13,2,FEN_ImagesSeries,D:\Perso\Dev\HTPCUtils\Windev\MM\FEN_ImagesSeries.wdw
RFRA1025,12/15/09,13:07:30,13:08:33,0:1:3,2,FEN_ImagesSeries,D:\Perso\Dev\HTPCUtils\Windev\MM\FEN_ImagesSeries.wdw
RFRA1025,12/15/09,13:12:00,13:12:12,0:0:12,2,FEN_ImagesSeries,D:\Perso\Dev\HTPCUtils\Windev\MM\FEN_ImagesSeries.wdw
RFRA1025,12/15/09,13:14:12,13:14:55,0:0:43,2,FEN_ImagesSeries,D:\Perso\Dev\HTPCUtils\Windev\MM\FEN_ImagesSeries.wdw
RFRA1025,12/15/09,13:21:27,13:21:47,0:0:20,2,FEN_ImagesSeries,D:\Perso\Dev\HTPCUtils\Windev\MM\FEN_ImagesSeries.wdw
RFRA1025,12/15/09,13:34:01,13:34:59,0:0:58,2,FEN_ParamSerie,D:\Perso\Dev\HTPCUtils\Windev\MM\FEN_ParamSerie.wdw
RFRA1025,12/15/09,13:38:30,13:39:35,0:1:5,2,FEN_ParamSerie,D:\Perso\Dev\HTPCUtils\Windev\MM\FEN_ParamSerie.wdw
RFRA1025,12/15/09,11:21:52,13:42:05,2:20:13,2,FEN_Configuration,D:\Perso\Dev\HTPCUtils\Windev\MM\FEN_Configuration.wdw
RFRA1025,12/15/09,11:14:13,13:42:05,2:27:52,2,FEN_Main,D:\Perso\Dev\HTPCUtils\Windev\MM\FEN_Main.wdw
RFRA1025,12/15/09,12:06:08,13:42:05,1:35:57,5,FEN_ImagesSeries_2$Requête,(null)
RFRA1025,12/15/09,12:06:08,13:42:05,1:35:57,5,FEN_ImagesSeries_3$Requête,(null)
RFRA1025,12/15/09,12:06:08,13:42:05,1:35:57,2,FEN_ImagesSeries,D:\Perso\Dev\HTPCUtils\Windev\MM\FEN_ImagesSeries.wdw
RFRA1025,12/15/09,13:34:01,13:42:05,0:8:4,2,FEN_ParamSerie,D:\Perso\Dev\HTPCUtils\Windev\MM\FEN_ParamSerie.wdw
RFRA1025,12/15/09,13:39:40,13:42:05,0:2:25,2,FEN_UpdateSerie,D:\Perso\Dev\HTPCUtils\Windev\MM\FEN_UpdateSerie.wdw
RFRA1025,12/15/09,13:40:04,13:42:05,0:2:1,4,Tvdb_API,D:\Perso\Dev\HTPCUtils\Windev\MM\TvdbAPI.wdc
RFRA1025,12/15/09,11:14:09,13:42:05,2:27:56,7,Database,D:\Perso\Dev\HTPCUtils\Windev\MM\Database.wdg
RFRA1025,12/15/09,11:27:13,13:42:05,2:14:52,4,Settings,D:\Perso\Dev\HTPCUtils\Windev\MM\Settings.wdc
RFRA1025,12/15/09,12:04:25,13:42:05,1:37:40,4,Tvdb_Serie,D:\Perso\Dev\HTPCUtils\Windev\MM\Tvdb_Serie.wdc
RFRA1025,12/15/09,12:12:13,13:42:05,1:29:52,4,Tvdb_Banner,D:\Perso\Dev\HTPCUtils\Windev\MM\Tvdb_Banner.wdc
RFRA1025,12/15/09,13:42:01,13:42:11,0:0:10,4097,MM,D:\Perso\Dev\HTPCUtils\Windev\MM\MM.WDP
RFRA1025,12/15/09,13:42:33,13:44:06,0:1:33,2,FEN_Main,D:\Perso\Dev\HTPCUtils\Windev\MM\FEN_Main.wdw
RFRA1025,12/15/09,16:04:42,16:08:33,0:3:51,2,FEN_Main,D:\Perso\Dev\HTPCUtils\Windev\MM\FEN_Main.wdw
RFRA1025,12/15/09,16:10:23,16:11:22,0:0:59,2,FEN_Main,D:\Perso\Dev\HTPCUtils\Windev\MM\FEN_Main.wdw
RFRA1025,12/15/09,16:14:09,16:14:22,0:0:13,2,FEN_Main,D:\Perso\Dev\HTPCUtils\Windev\MM\FEN_Main.wdw
RFRA1025,12/15/09,16:19:00,16:19:35,0:0:35,2,FEN_Main,D:\Perso\Dev\HTPCUtils\Windev\MM\FEN_Main.wdw
RFRA1025,12/15/09,16:21:47,16:22:02,0:0:15,2,FEN_Main,D:\Perso\Dev\HTPCUtils\Windev\MM\FEN_Main.wdw
RFRA1025,12/15/09,16:22:55,16:23:22,0:0:27,2,FEN_Main,D:\Perso\Dev\HTPCUtils\Windev\MM\FEN_Main.wdw
RFRA1025,12/15/09,16:43:10,16:43:39,0:0:29,2,FEN_Main,D:\Perso\Dev\HTPCUtils\Windev\MM\FEN_Main.wdw
RFRA1025,12/15/09,16:44:40,16:44:50,0:0:10,2,FEN_ParamSerie,D:\Perso\Dev\HTPCUtils\Windev\MM\FEN_ParamSerie.wdw
RFRA1025,12/15/09,16:45:47,16:46:05,0:0:18,2,FEN_Main,D:\Perso\Dev\HTPCUtils\Windev\MM\FEN_Main.wdw
RFRA1025,12/15/09,16:46:24,16:46:44,0:0:20,2,FEN_Main,D:\Perso\Dev\HTPCUtils\Windev\MM\FEN_Main.wdw
RFRA1025,12/15/09,16:46:44,16:51:46,0:5:2,2,FEN_Main,D:\Perso\Dev\HTPCUtils\Windev\MM\FEN_Main.wdw
RFRA1025,12/15/09,16:52:41,16:53:07,0:0:26,2,FEN_Main,D:\Perso\Dev\HTPCUtils\Windev\MM\FEN_Main.wdw
RFRA1025,12/15/09,16:52:46,16:54:45,0:1:59,7,Database,D:\Perso\Dev\HTPCUtils\Windev\MM\Database.wdg
RFRA1025,12/15/09,16:56:17,16:56:56,0:0:39,2,FEN_Main,D:\Perso\Dev\HTPCUtils\Windev\MM\FEN_Main.wdw
RFRA1025,12/15/09,16:54:45,16:57:06,0:2:21,7,Database,D:\Perso\Dev\HTPCUtils\Windev\MM\Database.wdg
RFRA1025,12/15/09,17:04:56,17:05:11,0:0:15,2,FEN_Missing,
RFRA1025,12/15/09,17:05:38,17:12:01,0:6:23,2,FEN_Missing,D:\Perso\Dev\HTPCUtils\Windev\MM\FEN_Missing.wdw
RFRA1025,12/15/09,17:17:28,17:19:01,0:1:33,2,FEN_Main,D:\Perso\Dev\HTPCUtils\Windev\MM\FEN_Main.wdw
RFRA1025,12/15/09,16:58:39,17:19:12,0:20:33,7,Database,D:\Perso\Dev\HTPCUtils\Windev\MM\Database.wdg
RFRA1025,12/15/09,17:19:26,17:20:01,0:0:35,2,FEN_Main,D:\Perso\Dev\HTPCUtils\Windev\MM\FEN_Main.wdw
RFRA1025,12/15/09,17:20:45,17:26:06,0:5:21,2,FEN_Main,D:\Perso\Dev\HTPCUtils\Windev\MM\FEN_Main.wdw
RFRA1025,12/15/09,17:26:06,17:27:55,0:1:49,2,FEN_Missing,D:\Perso\Dev\HTPCUtils\Windev\MM\FEN_Missing.wdw
RFRA1025,12/15/09,17:28:43,17:28:53,0:0:10,2,FEN_Missing,D:\Perso\Dev\HTPCUtils\Windev\MM\FEN_Missing.wdw
RFRA1025,12/15/09,17:25:37,17:30:08,0:4:31,7,Database,D:\Perso\Dev\HTPCUtils\Windev\MM\Database.wdg
RFRA1025,12/15/09,17:40:09,17:40:21,0:0:12,2,FEN_Missing,D:\Perso\Dev\HTPCUtils\Windev\MM\FEN_Missing.wdw
RFRA1025,12/15/09,17:41:35,17:45:07,0:3:32,2,FEN_Missing,D:\Perso\Dev\HTPCUtils\Windev\MM\FEN_Missing.wdw
RFRA1025,12/15/09,17:50:58,17:52:05,0:1:7,2,FEN_Missing,D:\Perso\Dev\HTPCUtils\Windev\MM\FEN_Missing.wdw
RFRA1025,12/15/09,17:53:25,17:53:35,0:0:10,2,FEN_Missing,D:\Perso\Dev\HTPCUtils\Windev\MM\FEN_Missing.wdw
RFRA1025,12/15/09,17:55:20,17:55:46,0:0:26,2,FEN_Missing,D:\Perso\Dev\HTPCUtils\Windev\MM\FEN_Missing.wdw
RFRA1025,12/15/09,17:55:49,17:56:21,0:0:32,2,FEN_Main,D:\Perso\Dev\HTPCUtils\Windev\MM\FEN_Main.wdw
RFRA1025,12/15/09,18:06:32,18:06:42,0:0:10,2,FEN_Main,D:\Perso\Dev\HTPCUtils\Windev\MM\FEN_Main.wdw
RFRA1025,12/15/09,18:07:07,18:07:17,0:0:10,2,FEN_Missing,D:\Perso\Dev\HTPCUtils\Windev\MM\FEN_Missing.wdw
RFRA1025,12/15/09,18:07:53,18:08:37,0:0:44,2,FEN_Missing,D:\Perso\Dev\HTPCUtils\Windev\MM\FEN_Missing.wdw
RFRA1025,12/15/09,17:04:56,18:08:37,1:3:41,2,FEN_Missing,D:\Perso\Dev\HTPCUtils\Windev\MM\FEN_Missing.wdw
RFRA1025,12/15/09,13:44:06,18:08:38,4:24:32,2,FEN_UpdateSerie,D:\Perso\Dev\HTPCUtils\Windev\MM\FEN_UpdateSerie.wdw
RFRA1025,12/15/09,13:46:06,18:08:38,4:22:32,4,Tvdb_API,D:\Perso\Dev\HTPCUtils\Windev\MM\TvdbAPI.wdc
RFRA1025,12/15/09,16:44:09,18:08:38,1:24:29,2,FEN_ParamSerie,D:\Perso\Dev\HTPCUtils\Windev\MM\FEN_ParamSerie.wdw
RFRA1025,12/15/09,17:48:07,18:08:38,0:20:31,5,FEN_ImagesSeries_2$Requête,(null)
RFRA1025,12/15/09,17:48:07,18:08:38,0:20:31,5,FEN_ImagesSeries_3$Requête,(null)
RFRA1025,12/15/09,17:48:06,18:08:38,0:20:32,2,FEN_ImagesSeries,D:\Perso\Dev\HTPCUtils\Windev\MM\FEN_ImagesSeries.wdw
RFRA1025,12/15/09,13:42:10,18:08:38,4:26:28,2,FEN_Main,D:\Perso\Dev\HTPCUtils\Windev\MM\FEN_Main.wdw
RFRA1025,12/15/09,17:30:08,18:08:38,0:38:30,7,Database,D:\Perso\Dev\HTPCUtils\Windev\MM\Database.wdg
