20090120174713710	TheMovieDB	1	Lancement de la recherche : AH ! SI J'ETAIS RICHE
20090120174713830	TheMovieDB	1	Pas de résultats : AH ! SI J'ETAIS RICHE
20090120174713860	TheMovieDB	1	Lancement de la recherche : DANS LA VIE
20090120174713940	TheMovieDB	1	Pas de résultats : DANS LA VIE
20090120174713960	TheMovieDB	1	Lancement de la recherche : Dikkenek
20090120174714030	TheMovieDB	1	Pas de résultats : Dikkenek
20090120174714050	TheMovieDB	1	Lancement de la recherche : Disco
20090120174714130	TheMovieDB	1	Pas de résultats : Disco
20090120174714140	TheMovieDB	1	Lancement de la recherche : ENFERMES DEHORS
20090120174714220	TheMovieDB	1	Pas de résultats : ENFERMES DEHORS
20090120174714240	TheMovieDB	1	Lancement de la recherche : ENFIN VEUVE
20090120174714320	TheMovieDB	1	Pas de résultats : ENFIN VEUVE
20090120174714330	TheMovieDB	1	Lancement de la recherche : FAUTEUILS D'ORCHESTRE
20090120174714410	TheMovieDB	1	Pas de résultats : FAUTEUILS D'ORCHESTRE
20090120174714430	TheMovieDB	1	Lancement de la recherche : Garage babes
20090120174714500	TheMovieDB	1	Pas de résultats : Garage babes
20090120174714520	TheMovieDB	1	Lancement de la recherche : IMPOSTURE
20090120174714600	TheMovieDB	1	Pas de résultats : IMPOSTURE
20090120174714610	TheMovieDB	1	Lancement de la recherche : INCONTROLABLE
20090120174714690	TheMovieDB	1	Pas de résultats : INCONTROLABLE
20090120174714710	TheMovieDB	1	Lancement de la recherche : J'ai toujours révé d'être un gangster
20090120174714780	TheMovieDB	1	Pas de résultats : J'ai toujours révé d'être un gangster
20090120174714830	TheMovieDB	1	Lancement de la recherche : JE VOUS TROUVE TRES BEAU
20090120174714960	TheMovieDB	1	Pas de résultats : JE VOUS TROUVE TRES BEAU
20090120174714970	TheMovieDB	1	Lancement de la recherche : JEAN-PHILIPPE
20090120174715050	TheMovieDB	1	Pas de résultats : JEAN-PHILIPPE
20090120174715070	TheMovieDB	1	Lancement de la recherche : Julia
20090120174715140	TheMovieDB	1	Pas de résultats : Julia
20090120174715160	TheMovieDB	1	Lancement de la recherche : L'age d'homme ... maintenant ou jamais
20090120174715240	TheMovieDB	1	Pas de résultats : L'age d'homme ... maintenant ou jamais
20090120174715250	TheMovieDB	1	Lancement de la recherche : L'amour aux trousses
20090120174715330	TheMovieDB	1	Pas de résultats : L'amour aux trousses
20090120174715350	TheMovieDB	1	Lancement de la recherche : L'auberge rouge
20090120174715430	TheMovieDB	1	Pas de résultats : L'auberge rouge
20090120174715440	TheMovieDB	1	Lancement de la recherche : ENNEMIS INTIMES
20090120174715520	TheMovieDB	1	Pas de résultats : ENNEMIS INTIMES
20090120174715530	TheMovieDB	1	Lancement de la recherche : L'INVITEE
20090120174715610	TheMovieDB	1	Pas de résultats : L'INVITEE
20090120174715630	TheMovieDB	1	Lancement de la recherche : LA BOITE NOIRE
20090120174715780	TheMovieDB	1	Pas de résultats : LA BOITE NOIRE
20090120174715800	TheMovieDB	1	Lancement de la recherche : LE CACTUS
20090120174715880	TheMovieDB	1	Pas de résultats : LE CACTUS
20090120174715890	TheMovieDB	1	Lancement de la recherche : LE COEUR DES HOMMES 2
20090120174715970	TheMovieDB	1	Pas de résultats : LE COEUR DES HOMMES 2
20090120174716000	TheMovieDB	1	Lancement de la recherche : LE PETIT LIEUTENANT
20090120174716080	TheMovieDB	1	Pas de résultats : LE PETIT LIEUTENANT
20090120174716100	TheMovieDB	1	Lancement de la recherche : LE RENARD ET L'ENFANT
20090120174716180	TheMovieDB	1	Pas de résultats : LE RENARD ET L'ENFANT
20090120174716190	TheMovieDB	1	Lancement de la recherche : Leon
20090120174716270	TheMovieDB	1	Pas de résultats : Leon
20090120174716280	TheMovieDB	1	Lancement de la recherche : Les randonneurs à Saint-Tropez
20090120174716380	TheMovieDB	1	Pas de résultats : Les randonneurs à Saint-Tropez
20090120174716390	TheMovieDB	1	Lancement de la recherche : Matrix
20090120174716470	TheMovieDB	1	Pas de résultats : Matrix
20090120174716490	TheMovieDB	1	Lancement de la recherche : Modern love
20090120174716550	TheMovieDB	1	Pas de résultats : Modern love
