DANONE-KID,11/13/09,13:43:13,13:48:25,0:5:12,2,FEN_Main,C:\Users\Julien\Documents\Dev\MM\FEN_Main.wdw
DANONE-KID,11/13/09,13:43:13,15:12:46,1:29:33,2,FEN_Main,C:\Users\Julien\Documents\Dev\MM\FEN_Main.wdw
DANONE-KID,11/13/09,13:43:06,15:12:46,1:29:40,7,Procedures globales de MM,C:\Users\Julien\Documents\Dev\MM\Procedures globales de MM.wdg
DANONE-KID,11/14/09,10:54:05,10:54:32,0:0:27,2,FEN_Main,C:\Users\Julien\Documents\Dev\MM\FEN_Main.wdw
DANONE-KID,11/14/09,10:58:39,10:59:14,0:0:35,2,FEN_Main,C:\Users\Julien\Documents\Dev\MM\FEN_Main.wdw
DANONE-KID,11/14/09,11:02:09,11:13:11,0:11:2,2,FEN_Main,C:\Users\Julien\Documents\Dev\MM\FEN_Main.wdw
DANONE-KID,11/14/09,10:54:35,11:18:11,0:23:36,4,Serie,C:\Users\Julien\Documents\Dev\MM\Serie.wdc
DANONE-KID,11/14/09,11:22:10,11:24:05,0:1:55,2,FEN_Main,C:\Users\Julien\Documents\Dev\MM\FEN_Main.wdw
DANONE-KID,11/14/09,11:26:13,11:26:41,0:0:28,2,FEN_Main,C:\Users\Julien\Documents\Dev\MM\FEN_Main.wdw
DANONE-KID,11/14/09,11:27:08,11:27:47,0:0:39,2,FEN_Main,C:\Users\Julien\Documents\Dev\MM\FEN_Main.wdw
DANONE-KID,11/14/09,11:28:32,11:28:56,0:0:24,2,FEN_Main,C:\Users\Julien\Documents\Dev\MM\FEN_Main.wdw
DANONE-KID,11/14/09,11:31:29,11:31:57,0:0:28,2,FEN_Main,C:\Users\Julien\Documents\Dev\MM\FEN_Main.wdw
DANONE-KID,11/14/09,11:18:11,11:32:17,0:14:6,4,Serie,C:\Users\Julien\Documents\Dev\MM\Serie.wdc
DANONE-KID,11/14/09,11:33:12,11:33:46,0:0:34,2,FEN_Main,C:\Users\Julien\Documents\Dev\MM\FEN_Main.wdw
DANONE-KID,11/14/09,11:46:34,11:55:47,0:9:13,2,FEN_Main,C:\Users\Julien\Documents\Dev\MM\FEN_Main.wdw
DANONE-KID,11/14/09,12:05:17,12:05:44,0:0:27,2,FEN_Main,C:\Users\Julien\Documents\Dev\MM\FEN_Main.wdw
DANONE-KID,11/14/09,12:07:32,12:09:21,0:1:49,2,FEN_Main,C:\Users\Julien\Documents\Dev\MM\FEN_Main.wdw
DANONE-KID,11/14/09,12:10:35,12:11:37,0:1:2,2,FEN_Main,C:\Users\Julien\Documents\Dev\MM\FEN_Main.wdw
DANONE-KID,11/14/09,11:13:11,12:18:38,1:5:27,4,Saison,C:\Users\Julien\Documents\Dev\MM\Saison.wdc
DANONE-KID,11/14/09,12:20:25,12:21:11,0:0:46,2,FEN_Main,C:\Users\Julien\Documents\Dev\MM\FEN_Main.wdw
DANONE-KID,11/14/09,12:24:57,12:25:15,0:0:18,2,FEN_Main,C:\Users\Julien\Documents\Dev\MM\FEN_Main.wdw
DANONE-KID,11/14/09,11:32:17,12:27:45,0:55:28,4,Serie,C:\Users\Julien\Documents\Dev\MM\Serie.wdc
DANONE-KID,11/14/09,12:27:48,12:28:50,0:1:2,2,FEN_Main,C:\Users\Julien\Documents\Dev\MM\FEN_Main.wdw
DANONE-KID,11/14/09,12:31:06,12:31:26,0:0:20,2,FEN_Main,C:\Users\Julien\Documents\Dev\MM\FEN_Main.wdw
DANONE-KID,11/14/09,12:32:50,12:35:17,0:2:27,2,FEN_Main,C:\Users\Julien\Documents\Dev\MM\FEN_Main.wdw
DANONE-KID,11/14/09,12:44:18,12:44:40,0:0:22,2,FEN_Main,C:\Users\Julien\Documents\Dev\MM\FEN_Main.wdw
DANONE-KID,11/14/09,12:48:01,12:56:12,0:8:11,2,FEN_Main,C:\Users\Julien\Documents\Dev\MM\FEN_Main.wdw
DANONE-KID,11/14/09,12:56:16,12:56:36,0:0:20,2,FEN_Main,C:\Users\Julien\Documents\Dev\MM\FEN_Main.wdw
DANONE-KID,11/14/09,12:56:36,12:57:25,0:0:49,8,FI_Serie,C:\Users\Julien\Documents\Dev\MM\FI_Serie.wdw
DANONE-KID,11/14/09,12:57:49,12:58:32,0:0:43,2,FEN_Main,C:\Users\Julien\Documents\Dev\MM\FEN_Main.wdw
DANONE-KID,11/14/09,12:56:12,08:30:55,43:34:43,8,FI_Serie,C:\Users\Julien\Documents\Dev\MM\FI_Serie.wdw
DANONE-KID,11/14/09,10:50:46,08:30:55,45:40:9,2,FEN_Main,C:\Users\Julien\Documents\Dev\MM\FEN_Main.wdw
DANONE-KID,11/14/09,10:50:45,08:30:55,45:40:10,7,Procedures globales de MM,C:\Users\Julien\Documents\Dev\MM\Procedures globales de MM.wdg
RFRA1025,11/16/09,09:27:17,09:28:08,0:0:51,4097,MM,Y:\Dev\MM\MM.WDP
RFRA1025,11/16/09,09:37:29,09:38:04,0:0:35,2,FEN_Main,Y:\Dev\MM\FEN_Main.wdw
RFRA1025,11/16/09,09:43:36,09:44:14,0:0:38,2,FEN_Main,Y:\Dev\MM\FEN_Main.wdw
RFRA1025,11/16/09,09:28:12,09:49:00,0:20:48,2,FEN_Main,Y:\Dev\MM\FEN_Main.wdw
RFRA1025,11/16/09,09:30:57,09:49:00,0:18:3,4,Serie,Y:\Dev\MM\Serie.wdc
RFRA1025,11/16/09,09:27:16,09:49:00,0:21:44,7,Procedures globales de MM,Y:\Dev\MM\Procedures globales de MM.wdg
RFRA1025,11/16/09,10:38:17,10:38:54,0:0:37,4097,MM,D:\Mes Projets\MM\MM.WDP
RFRA1025,11/16/09,10:38:54,10:39:57,0:1:3,8,FI_Serie,D:\Mes Projets\MM\FI_Serie.wdw
RFRA1025,11/16/09,10:54:44,10:56:40,0:1:56,2,FEN_Main,D:\Mes Projets\MM\FEN_Main.wdw
RFRA1025,11/16/09,11:09:02,11:09:37,0:0:35,2,FEN_Main,D:\Mes Projets\MM\FEN_Main.wdw
RFRA1025,11/16/09,11:09:41,11:09:57,0:0:16,2,FEN_Main,D:\Mes Projets\MM\FEN_Main.wdw
RFRA1025,11/16/09,11:18:49,11:20:20,0:1:31,2,FEN_Main,D:\Mes Projets\MM\FEN_Main.wdw
RFRA1025,11/16/09,11:21:22,11:21:46,0:0:24,2,FEN_Configuration,
RFRA1025,11/16/09,11:22:46,11:23:19,0:0:33,2,FEN_Main,D:\Mes Projets\MM\FEN_Main.wdw
RFRA1025,11/16/09,11:26:01,11:28:07,0:2:6,4,Settings,D:\Mes Projets\MM\Settings.wdc
RFRA1025,11/16/09,11:28:32,11:29:11,0:0:39,2,FEN_Main,D:\Mes Projets\MM\FEN_Main.wdw
RFRA1025,11/16/09,11:29:36,11:30:12,0:0:36,2,FEN_Configuration,D:\Mes Projets\MM\FEN_Configuration.wdw
RFRA1025,11/16/09,11:30:37,11:31:09,0:0:32,2,FEN_Configuration,D:\Mes Projets\MM\FEN_Configuration.wdw
RFRA1025,11/16/09,11:37:28,11:56:59,0:19:31,2,FEN_Main,D:\Mes Projets\MM\FEN_Main.wdw
RFRA1025,11/16/09,12:01:21,12:53:17,0:51:56,2,FEN_Main,D:\Mes Projets\MM\FEN_Main.wdw
RFRA1025,11/16/09,11:21:22,12:53:18,1:31:56,2,FEN_Configuration,D:\Mes Projets\MM\FEN_Configuration.wdw
RFRA1025,11/16/09,10:38:54,12:53:18,2:14:24,8,FI_Serie,D:\Mes Projets\MM\FI_Serie.wdw
RFRA1025,11/16/09,10:40:06,12:53:18,2:13:12,2,FEN_Main,D:\Mes Projets\MM\FEN_Main.wdw
RFRA1025,11/16/09,10:38:15,12:53:19,2:15:4,7,Procedures globales de MM,D:\Mes Projets\MM\Procedures globales de MM.wdg
RFRA1025,11/16/09,16:56:08,16:56:28,0:0:20,2,FEN_Main,D:\Mes Projets\MM\FEN_Main.wdw
RFRA1025,11/16/09,16:56:28,16:59:05,0:2:37,2,FEN_Configuration,D:\Mes Projets\MM\FEN_Configuration.wdw
RFRA1025,11/16/09,16:59:05,17:00:10,0:1:5,2,FEN_Main,D:\Mes Projets\MM\FEN_Main.wdw
RFRA1025,11/16/09,17:02:10,17:02:23,0:0:13,2,FEN_Main,D:\Mes Projets\MM\FEN_Main.wdw
RFRA1025,11/16/09,17:04:41,17:06:35,0:1:54,2,FEN_Main,D:\Mes Projets\MM\FEN_Main.wdw
RFRA1025,11/16/09,17:27:19,17:32:54,0:5:35,2,FEN_Main,D:\Mes Projets\MM\FEN_Main.wdw
RFRA1025,11/16/09,17:48:32,17:57:24,0:8:52,2,FEN_Main,D:\Mes Projets\MM\FEN_Main.wdw
RFRA1025,11/16/09,18:01:28,18:01:45,0:0:17,2,FEN_Fenêtre1,
RFRA1025,11/16/09,16:56:08,18:15:19,1:19:11,2,FEN_Configuration,D:\Mes Projets\MM\FEN_Configuration.wdw
RFRA1025,11/16/09,16:56:08,18:15:19,1:19:11,8,FI_Serie,D:\Mes Projets\MM\FI_Serie.wdw
RFRA1025,11/16/09,16:56:07,18:15:19,1:19:12,2,FEN_Main,D:\Mes Projets\MM\FEN_Main.wdw
RFRA1025,11/16/09,18:01:28,18:15:20,0:13:52,2,FEN_Test,D:\Mes Projets\MM\FEN_Test.wdw
RFRA1025,11/16/09,16:56:05,18:15:20,1:19:15,7,Procedures globales de MM,D:\Mes Projets\MM\Procedures globales de MM.wdg
RFRA1025,11/16/09,17:14:54,18:15:20,1:0:26,4,Serie,D:\Mes Projets\MM\Serie.wdc
RFRA1025,11/16/09,17:33:03,18:15:20,0:42:17,4,Saison,D:\Mes Projets\MM\Saison.wdc
RFRA1025,11/16/09,17:32:54,18:15:20,0:42:26,4,Episode,D:\Mes Projets\MM\Episode.wdc
RFRA1025,11/17/09,12:59:34,13:06:28,0:6:54,2,FEN_Configuration,D:\Mes Projets\MM\FEN_Configuration.wdw
RFRA1025,11/17/09,12:59:35,13:06:28,0:6:53,8,FI_Serie,D:\Mes Projets\MM\FI_Serie.wdw
RFRA1025,11/17/09,12:59:34,13:06:28,0:6:54,4,Serie,D:\Mes Projets\MM\Serie.wdc
RFRA1025,11/17/09,12:59:34,13:06:28,0:6:54,4,Episode,D:\Mes Projets\MM\Episode.wdc
RFRA1025,11/17/09,12:59:34,13:06:28,0:6:54,4,Saison,D:\Mes Projets\MM\Saison.wdc
RFRA1025,11/17/09,12:59:34,13:06:28,0:6:54,2,FEN_Main,D:\Mes Projets\MM\FEN_Main.wdw
RFRA1025,11/17/09,12:59:34,13:06:28,0:6:54,2,FEN_Test,D:\Mes Projets\MM\FEN_Test.wdw
RFRA1025,11/17/09,12:59:33,13:06:28,0:6:55,7,Procedures globales de MM,D:\Mes Projets\MM\Procedures globales de MM.wdg
RFRA1025,11/17/09,13:07:18,13:08:38,0:1:20,17,TEST_Test,
RFRA1025,11/17/09,13:07:17,13:08:43,0:1:26,2,FEN_Test,D:\Mes Projets\MM\FEN_Test.wdw
RFRA1025,11/17/09,13:14:46,13:15:01,0:0:15,2,FEN_Test,D:\Mes Projets\MM\FEN_Test.wdw
RFRA1025,11/17/09,13:58:43,14:08:00,0:9:17,4,TVDB_Mirror,D:\Mes Projets\MM\TVDB_Mirror.wdc
RFRA1025,11/17/09,13:06:31,14:15:39,1:9:8,2,FEN_Test,D:\Mes Projets\MM\FEN_Test.wdw
RFRA1025,11/17/09,12:59:59,14:15:39,1:15:40,4,TvdbAPI,D:\Mes Projets\MM\TvdbAPI.wdc
RFRA1025,11/17/09,14:08:01,14:15:39,0:7:38,4,TVDB_Mirror,D:\Mes Projets\MM\TVDB_Mirror.wdc
RFRA1025,11/17/09,14:15:39,14:27:40,0:12:1,4097,MM,D:\Mes Projets\MM\MM.WDP
RFRA1025,11/17/09,14:33:47,14:35:04,0:1:17,4,Tvdb_Banner,D:\Mes Projets\MM\Tvdb_Banner.wdc
RFRA1025,11/17/09,15:05:35,15:16:38,0:11:3,2,FEN_ChercheSerie,D:\Mes Projets\MM\FEN_ChercheSerie.wdw
RFRA1025,11/17/09,15:05:35,15:24:42,0:19:7,2,FEN_ChercheSerie,D:\Mes Projets\MM\FEN_ChercheSerie.wdw
RFRA1025,11/17/09,14:15:39,15:24:42,1:9:3,4,Tvdb_Mirror,D:\Mes Projets\MM\TVDB_Mirror.wdc
RFRA1025,11/17/09,14:27:40,15:24:43,0:57:3,4,Tvdb_Serie,D:\Mes Projets\MM\Tvdb_Serie.wdc
RFRA1025,11/17/09,14:34:56,15:24:43,0:49:47,4,Saison,D:\Mes Projets\MM\Saison.wdc
RFRA1025,11/17/09,14:35:05,15:24:43,0:49:38,4,Tvdb_Banner,D:\Mes Projets\MM\Tvdb_Banner.wdc
RFRA1025,11/17/09,15:53:23,15:57:44,0:4:21,17,TEST_ChercheSerie,
RFRA1025,11/17/09,15:38:41,17:14:06,1:35:25,4,Tvdb_Serie,D:\Mes Projets\MM\Tvdb_Serie.wdc
RFRA1025,11/17/09,15:38:41,17:14:06,1:35:25,4,Saison,D:\Mes Projets\MM\Saison.wdc
RFRA1025,11/17/09,15:38:41,17:14:06,1:35:25,4,Tvdb_Banner,D:\Mes Projets\MM\Tvdb_Banner.wdc
RFRA1025,11/17/09,15:38:41,17:14:06,1:35:25,2,FEN_ChercheSerie,D:\Mes Projets\MM\FEN_ChercheSerie.wdw
RFRA1025,11/17/09,15:38:39,17:14:13,1:35:34,7,Procedures globales de MM,D:\Mes Projets\MM\Procedures globales de MM.wdg
RFRA1025,11/17/09,15:38:41,17:14:13,1:35:32,4,Tvdb_API,D:\Mes Projets\MM\TvdbAPI.wdc
DANONE-KID,11/18/09,06:22:03,06:22:20,0:0:17,4097,MM,C:\Users\Julien\Documents\Dev\MM\MM.WDP
DANONE-KID,11/18/09,06:22:20,06:24:32,0:2:12,2,FEN_Main,C:\Users\Julien\Documents\Dev\MM\FEN_Main.wdw
DANONE-KID,11/18/09,06:29:11,06:37:13,0:8:2,2,FEN_Main,C:\Users\Julien\Documents\Dev\MM\FEN_Main.wdw
DANONE-KID,11/18/09,06:43:50,06:44:35,0:0:45,2,FEN_Main,C:\Users\Julien\Documents\Dev\MM\FEN_Main.wdw
DANONE-KID,11/18/09,06:45:11,06:50:32,0:5:21,2,FEN_Main,C:\Users\Julien\Documents\Dev\MM\FEN_Main.wdw
DANONE-KID,11/18/09,07:11:02,07:11:17,0:0:15,4097,MM,C:\Users\Julien\Documents\Dev\MM\MM.WDP
DANONE-KID,11/18/09,06:22:20,07:22:19,0:59:59,2,FEN_Main,C:\Users\Julien\Documents\Dev\MM\FEN_Main.wdw
DANONE-KID,11/18/09,06:22:02,07:22:19,1:0:17,7,Procedures globales de MM,C:\Users\Julien\Documents\Dev\MM\Procedures globales de MM.wdg
DANONE-KID,11/18/09,06:24:32,07:22:19,0:57:47,4,Saison,C:\Users\Julien\Documents\Dev\MM\Saison.wdc
DANONE-KID,11/18/09,07:11:17,07:22:19,0:11:2,4,Serie,C:\Users\Julien\Documents\Dev\MM\Serie.wdc
DANONE-KID,11/18/09,06:37:13,07:22:19,0:45:6,4,Episode,C:\Users\Julien\Documents\Dev\MM\Episode.wdc
RFRA1025,11/18/09,09:15:57,09:19:31,0:3:34,7,Procedures globales de MM,D:\Perso\Dev\HTPCUtils\Windev\MM\Procedures globales de MM.wdg
RFRA1025,11/18/09,09:15:58,09:19:31,0:3:33,4097,MM,D:\Perso\Dev\HTPCUtils\Windev\MM\MM.WDP
RFRA1025,11/18/09,09:42:20,09:48:04,0:5:44,4097,MM,D:\Perso\Dev\HTPCUtils\Windev\MM\MM.WDP
RFRA1025,11/18/09,09:48:04,10:14:25,0:26:21,2,FEN_Main,D:\Perso\Dev\HTPCUtils\Windev\MM\FEN_Main.wdw
RFRA1025,11/18/09,09:48:04,10:14:25,0:26:21,2,FEN_Main,D:\Perso\Dev\HTPCUtils\Windev\MM\FEN_Main.wdw
RFRA1025,11/18/09,09:42:19,10:14:25,0:32:6,7,Procedures globales de MM,D:\Perso\Dev\HTPCUtils\Windev\MM\Procedures globales de MM.wdg
RFRA1025,11/18/09,10:29:29,10:29:54,0:0:25,2,FEN_Main,D:\Perso\Dev\HTPCUtils\Windev\MM\FEN_Main.wdw
RFRA1025,11/18/09,10:29:28,10:48:02,0:18:34,2,FEN_Main,D:\Perso\Dev\HTPCUtils\Windev\MM\FEN_Main.wdw
RFRA1025,11/18/09,10:31:34,10:48:02,0:16:28,2,FEN_ChercheSerie,D:\Perso\Dev\HTPCUtils\Windev\MM\FEN_ChercheSerie.wdw
RFRA1025,11/18/09,10:31:43,10:48:02,0:16:19,4,Tvdb_API,D:\Perso\Dev\HTPCUtils\Windev\MM\TvdbAPI.wdc
RFRA1025,11/18/09,10:29:27,10:48:02,0:18:35,7,Procedures globales de MM,D:\Perso\Dev\HTPCUtils\Windev\MM\Procedures globales de MM.wdg
RFRA1025,11/18/09,12:51:03,12:52:24,0:1:21,2,FEN_ChercheSerie,D:\Perso\Dev\HTPCUtils\Windev\MM\FEN_ChercheSerie.wdw
RFRA1025,11/18/09,12:53:01,12:54:11,0:1:10,2,FEN_ChercheSerie,D:\Perso\Dev\HTPCUtils\Windev\MM\FEN_ChercheSerie.wdw
RFRA1025,11/18/09,13:54:55,14:06:16,0:11:21,2,FEN_ChercheSerie,D:\Perso\Dev\HTPCUtils\Windev\MM\FEN_ChercheSerie.wdw
RFRA1025,11/18/09,14:07:20,14:08:30,0:1:10,17,TEST_ChercheSerie,
RFRA1025,11/18/09,14:07:17,14:08:57,0:1:40,2,FEN_ChercheSerie,D:\Perso\Dev\HTPCUtils\Windev\MM\FEN_ChercheSerie.wdw
RFRA1025,11/18/09,14:09:46,14:10:12,0:0:26,2,FEN_ChercheSerie,D:\Perso\Dev\HTPCUtils\Windev\MM\FEN_ChercheSerie.wdw
RFRA1025,11/18/09,14:09:48,14:11:36,0:1:48,17,TEST_ChercheSerie,
RFRA1025,11/18/09,14:12:04,14:12:27,0:0:23,2,FEN_ChercheSerie,D:\Perso\Dev\HTPCUtils\Windev\MM\FEN_ChercheSerie.wdw
RFRA1025,11/18/09,14:12:05,14:13:31,0:1:26,17,TEST_ChercheSerie,
RFRA1025,11/18/09,14:23:24,14:29:41,0:6:17,2,FEN_ChercheSerie,D:\Perso\Dev\HTPCUtils\Windev\MM\FEN_ChercheSerie.wdw
RFRA1025,11/18/09,14:30:14,14:31:22,0:1:8,2,FEN_ChercheSerie,D:\Perso\Dev\HTPCUtils\Windev\MM\FEN_ChercheSerie.wdw
RFRA1025,11/18/09,14:32:16,14:33:31,0:1:15,2,FEN_ChercheSerie,D:\Perso\Dev\HTPCUtils\Windev\MM\FEN_ChercheSerie.wdw
RFRA1025,11/18/09,14:40:36,14:42:05,0:1:29,17,TEST_ChercheSerie,
RFRA1025,11/18/09,14:36:01,14:42:11,0:6:10,2,FEN_ChercheSerie,D:\Perso\Dev\HTPCUtils\Windev\MM\FEN_ChercheSerie.wdw
RFRA1025,11/18/09,14:44:00,14:44:11,0:0:11,2,FEN_ChercheSerie,D:\Perso\Dev\HTPCUtils\Windev\MM\FEN_ChercheSerie.wdw
RFRA1025,11/18/09,14:44:18,14:44:37,0:0:19,2,FEN_ChercheSerie,D:\Perso\Dev\HTPCUtils\Windev\MM\FEN_ChercheSerie.wdw
RFRA1025,11/18/09,14:46:33,14:47:20,0:0:47,2,FEN_ChercheSerie,D:\Perso\Dev\HTPCUtils\Windev\MM\FEN_ChercheSerie.wdw
RFRA1025,11/18/09,14:48:40,14:51:48,0:3:8,17,TEST_ChercheSerie,
RFRA1025,11/18/09,15:01:11,15:09:01,0:7:50,2,FEN_ChercheSerie,D:\Perso\Dev\HTPCUtils\Windev\MM\FEN_ChercheSerie.wdw
RFRA1025,11/18/09,13:54:40,15:46:32,1:51:52,2,FEN_Main,D:\Perso\Dev\HTPCUtils\Windev\MM\FEN_Main.wdw
RFRA1025,11/18/09,13:54:40,15:46:33,1:51:53,2,FEN_ChercheSerie,D:\Perso\Dev\HTPCUtils\Windev\MM\FEN_ChercheSerie.wdw
RFRA1025,11/18/09,13:54:38,15:46:33,1:51:55,7,Procedures globales de MM,D:\Perso\Dev\HTPCUtils\Windev\MM\Procedures globales de MM.wdg
RFRA1025,11/18/09,14:06:27,15:46:33,1:40:6,4,Tvdb_Banner,D:\Perso\Dev\HTPCUtils\Windev\MM\Tvdb_Banner.wdc
RFRA1025,11/18/09,13:54:40,15:46:33,1:51:53,4,Tvdb_API,D:\Perso\Dev\HTPCUtils\Windev\MM\TvdbAPI.wdc
RFRA1025,11/18/09,15:49:15,15:49:44,0:0:29,2,FEN_Test,D:\Perso\Dev\HTPCUtils\Windev\MM\FEN_Test.wdw
RFRA1025,11/18/09,15:50:55,15:52:40,0:1:45,2,FEN_Test,D:\Perso\Dev\HTPCUtils\Windev\MM\FEN_Test.wdw
RFRA1025,11/18/09,16:04:25,16:04:36,0:0:11,2,FEN_Test,D:\Perso\Dev\HTPCUtils\Windev\MM\FEN_Test.wdw
RFRA1025,11/18/09,16:06:47,16:08:35,0:1:48,2,FEN_Test,D:\Perso\Dev\HTPCUtils\Windev\MM\FEN_Test.wdw
RFRA1025,11/18/09,16:09:19,16:10:35,0:1:16,17,TEST_Test,
RFRA1025,11/18/09,16:09:04,16:10:38,0:1:34,2,FEN_Test,D:\Perso\Dev\HTPCUtils\Windev\MM\FEN_Test.wdw
RFRA1025,11/18/09,16:25:12,16:27:38,0:2:26,2,FEN_Test,D:\Perso\Dev\HTPCUtils\Windev\MM\FEN_Test.wdw
RFRA1025,11/18/09,16:30:36,16:30:51,0:0:15,2,FEN_Test,D:\Perso\Dev\HTPCUtils\Windev\MM\FEN_Test.wdw
RFRA1025,11/18/09,16:32:39,16:32:57,0:0:18,2,FEN_Test,D:\Perso\Dev\HTPCUtils\Windev\MM\FEN_Test.wdw
RFRA1025,11/18/09,16:33:31,16:34:02,0:0:31,2,FEN_Test,D:\Perso\Dev\HTPCUtils\Windev\MM\FEN_Test.wdw
RFRA1025,11/18/09,16:34:30,16:35:26,0:0:56,2,FEN_Test,D:\Perso\Dev\HTPCUtils\Windev\MM\FEN_Test.wdw
RFRA1025,11/18/09,16:34:19,16:35:40,0:1:21,17,TEST_Test,
RFRA1025,11/18/09,16:38:39,16:39:00,0:0:21,2,FEN_Test,D:\Perso\Dev\HTPCUtils\Windev\MM\FEN_Test.wdw
RFRA1025,11/18/09,16:40:51,16:41:21,0:0:30,2,FEN_Test,D:\Perso\Dev\HTPCUtils\Windev\MM\FEN_Test.wdw
RFRA1025,11/18/09,16:42:16,16:42:56,0:0:40,2,FEN_Test,D:\Perso\Dev\HTPCUtils\Windev\MM\FEN_Test.wdw
RFRA1025,11/18/09,16:42:56,16:43:25,0:0:29,4097,MM,D:\Perso\Dev\HTPCUtils\Windev\MM\MM.WDP
RFRA1025,11/18/09,16:46:38,16:46:51,0:0:13,2,FEN_Test,D:\Perso\Dev\HTPCUtils\Windev\MM\FEN_Test.wdw
RFRA1025,11/18/09,16:53:30,16:54:10,0:0:40,2,FEN_Test,D:\Perso\Dev\HTPCUtils\Windev\MM\FEN_Test.wdw
RFRA1025,11/18/09,15:49:15,17:01:30,1:12:15,2,FEN_Test,D:\Perso\Dev\HTPCUtils\Windev\MM\FEN_Test.wdw
RFRA1025,11/18/09,16:54:10,17:01:30,0:7:20,2,FEN_ChercheSerie,D:\Perso\Dev\HTPCUtils\Windev\MM\FEN_ChercheSerie.wdw
RFRA1025,11/18/09,16:54:42,17:01:30,0:6:48,2,FEN_Main,D:\Perso\Dev\HTPCUtils\Windev\MM\FEN_Main.wdw
RFRA1025,11/18/09,16:31:58,17:01:30,0:29:32,7,Procedures globales de MM,D:\Perso\Dev\HTPCUtils\Windev\MM\Procedures globales de MM.wdg
RFRA1025,11/18/09,15:47:39,17:01:30,1:13:51,4,Tvdb_Banner,D:\Perso\Dev\HTPCUtils\Windev\MM\Tvdb_Banner.wdc
RFRA1025,11/18/09,15:46:35,17:01:30,1:14:55,4,Tvdb_API,D:\Perso\Dev\HTPCUtils\Windev\MM\TvdbAPI.wdc
RFRA1025,11/18/09,17:24:11,17:25:13,0:1:2,2,FEN_ChercheSerie,D:\Perso\Dev\HTPCUtils\Windev\MM\FEN_ChercheSerie.wdw
RFRA1025,11/18/09,17:25:19,17:27:09,0:1:50,2,FEN_Test,D:\Perso\Dev\HTPCUtils\Windev\MM\FEN_Test.wdw
RFRA1025,11/18/09,17:31:54,17:33:08,0:1:14,2,FEN_Test,D:\Perso\Dev\HTPCUtils\Windev\MM\FEN_Test.wdw
RFRA1025,11/18/09,17:34:02,17:35:07,0:1:5,2,FEN_Test,D:\Perso\Dev\HTPCUtils\Windev\MM\FEN_Test.wdw
RFRA1025,11/18/09,17:43:32,17:45:16,0:1:44,17,TEST_Test,
RFRA1025,11/18/09,17:43:21,17:45:37,0:2:16,2,FEN_Test,D:\Perso\Dev\HTPCUtils\Windev\MM\FEN_Test.wdw
RFRA1025,11/18/09,17:54:16,17:54:38,0:0:22,4097,MM,D:\Perso\Dev\HTPCUtils\Windev\MM\MM.WDP
RFRA1025,11/18/09,18:10:09,18:10:53,0:0:44,2,FEN_Test,D:\Perso\Dev\HTPCUtils\Windev\MM\FEN_Test.wdw
RFRA1025,11/18/09,18:17:39,18:18:24,0:0:45,2,FEN_Test,D:\Perso\Dev\HTPCUtils\Windev\MM\FEN_Test.wdw
RFRA1025,11/18/09,18:21:57,18:26:15,0:4:18,2,FEN_Test,D:\Perso\Dev\HTPCUtils\Windev\MM\FEN_Test.wdw
RFRA1025,11/18/09,18:30:43,18:31:09,0:0:26,2,FEN_Test,D:\Perso\Dev\HTPCUtils\Windev\MM\FEN_Test.wdw
RFRA1025,11/18/09,17:01:42,18:35:21,1:33:39,2,FEN_Main,D:\Perso\Dev\HTPCUtils\Windev\MM\FEN_Main.wdw
RFRA1025,11/18/09,18:35:24,18:37:33,0:2:9,2,FEN_Test,D:\Perso\Dev\HTPCUtils\Windev\MM\FEN_Test.wdw
RFRA1025,11/18/09,18:38:14,18:38:32,0:0:18,2,FEN_Test,D:\Perso\Dev\HTPCUtils\Windev\MM\FEN_Test.wdw
RFRA1025,11/18/09,18:39:14,18:39:27,0:0:13,2,FEN_Test,D:\Perso\Dev\HTPCUtils\Windev\MM\FEN_Test.wdw
RFRA1025,11/18/09,18:39:39,18:41:11,0:1:32,2,FEN_Test,D:\Perso\Dev\HTPCUtils\Windev\MM\FEN_Test.wdw
RFRA1025,11/18/09,18:42:06,18:45:38,0:3:32,2,FEN_Test,D:\Perso\Dev\HTPCUtils\Windev\MM\FEN_Test.wdw
RFRA1025,11/18/09,18:49:32,18:49:48,0:0:16,2,FEN_ChercheSerie,D:\Perso\Dev\HTPCUtils\Windev\MM\FEN_ChercheSerie.wdw
RFRA1025,11/18/09,19:01:03,19:03:57,0:2:54,17,TEST_Test,
RFRA1025,11/18/09,19:01:02,19:04:43,0:3:41,2,FEN_Test,D:\Perso\Dev\HTPCUtils\Windev\MM\FEN_Test.wdw
RFRA1025,11/18/09,19:04:43,19:05:19,0:0:36,2,FEN_Test,D:\Perso\Dev\HTPCUtils\Windev\MM\FEN_Test.wdw
RFRA1025,11/18/09,17:01:42,19:06:58,2:5:16,2,FEN_ChercheSerie,D:\Perso\Dev\HTPCUtils\Windev\MM\FEN_ChercheSerie.wdw
RFRA1025,11/18/09,17:01:42,19:06:58,2:5:16,2,FEN_Test,D:\Perso\Dev\HTPCUtils\Windev\MM\FEN_Test.wdw
RFRA1025,11/18/09,17:01:41,19:06:58,2:5:17,7,Procedures globales de MM,D:\Perso\Dev\HTPCUtils\Windev\MM\Procedures globales de MM.wdg
RFRA1025,11/18/09,17:01:42,19:06:58,2:5:16,4,Tvdb_API,D:\Perso\Dev\HTPCUtils\Windev\MM\TvdbAPI.wdc
RFRA1025,11/18/09,17:01:42,19:06:58,2:5:16,4,Tvdb_Banner,D:\Perso\Dev\HTPCUtils\Windev\MM\Tvdb_Banner.wdc
